[1.789s] Invoking command in '/home/ksj/ros2_fin/car_comms': AMENT_PREFIX_PATH=/home/ksj/ros2_fin/install/car_msgs:${AMENT_PREFIX_PATH} CMAKE_PREFIX_PATH=/home/ksj/ros2_fin/install/car_msgs:${CMAKE_PREFIX_PATH} DEBUGINFOD_URLS=https://debuginfod.ubuntu.com LD_LIBRARY_PATH=/home/ksj/ros2_fin/install/car_msgs/lib:${LD_LIBRARY_PATH} PYTHONPATH=/home/ksj/ros2_fin/build/car_comms/prefix_override:/usr/lib/python3/dist-packages/colcon_core/task/python/colcon_distutils_commands:/home/ksj/ros2_fin/install/car_comms/lib/python3.12/site-packages:/home/ksj/ros2_fin/install/car_msgs/lib/python3.12/site-packages:${PYTHONPATH} /usr/bin/python3 -W ignore:setup.py install is deprecated -W ignore:easy_install command is deprecated setup.py egg_info --egg-base ../build/car_comms build --build-base /home/ksj/ros2_fin/build/car_comms/build install --record /home/ksj/ros2_fin/build/car_comms/install.log --single-version-externally-managed install_data
[2.167s] running egg_info
[2.168s] creating ../build/car_comms/car_comms.egg-info
[2.192s] writing ../build/car_comms/car_comms.egg-info/PKG-INFO
[2.193s] writing dependency_links to ../build/car_comms/car_comms.egg-info/dependency_links.txt
[2.193s] writing entry points to ../build/car_comms/car_comms.egg-info/entry_points.txt
[2.193s] writing requirements to ../build/car_comms/car_comms.egg-info/requires.txt
[2.193s] writing top-level names to ../build/car_comms/car_comms.egg-info/top_level.txt
[2.193s] writing manifest file '../build/car_comms/car_comms.egg-info/SOURCES.txt'
[2.257s] reading manifest file '../build/car_comms/car_comms.egg-info/SOURCES.txt'
[2.258s] writing manifest file '../build/car_comms/car_comms.egg-info/SOURCES.txt'
[2.259s] running build
[2.259s] running build_py
[2.259s] creating /home/ksj/ros2_fin/build/car_comms/build
[2.260s] creating /home/ksj/ros2_fin/build/car_comms/build/lib
[2.260s] creating /home/ksj/ros2_fin/build/car_comms/build/lib/car_comms
[2.260s] copying car_comms/v2c_comm.py -> /home/ksj/ros2_fin/build/car_comms/build/lib/car_comms
[2.260s] copying car_comms/__init__.py -> /home/ksj/ros2_fin/build/car_comms/build/lib/car_comms
[2.260s] running install
[2.269s] running install_lib
[2.304s] creating /home/ksj/ros2_fin/install/car_comms/lib/python3.12/site-packages/car_comms
[2.304s] copying /home/ksj/ros2_fin/build/car_comms/build/lib/car_comms/v2c_comm.py -> /home/ksj/ros2_fin/install/car_comms/lib/python3.12/site-packages/car_comms
[2.304s] copying /home/ksj/ros2_fin/build/car_comms/build/lib/car_comms/__init__.py -> /home/ksj/ros2_fin/install/car_comms/lib/python3.12/site-packages/car_comms
[2.305s] byte-compiling /home/ksj/ros2_fin/install/car_comms/lib/python3.12/site-packages/car_comms/v2c_comm.py to v2c_comm.cpython-312.pyc
[2.308s] byte-compiling /home/ksj/ros2_fin/install/car_comms/lib/python3.12/site-packages/car_comms/__init__.py to __init__.cpython-312.pyc
[2.309s] running install_data
[2.309s] creating /home/ksj/ros2_fin/install/car_comms/share/ament_index
[2.309s] creating /home/ksj/ros2_fin/install/car_comms/share/ament_index/resource_index
[2.309s] creating /home/ksj/ros2_fin/install/car_comms/share/ament_index/resource_index/packages
[2.309s] copying resource/car_comms -> /home/ksj/ros2_fin/install/car_comms/share/ament_index/resource_index/packages
[2.309s] copying package.xml -> /home/ksj/ros2_fin/install/car_comms/share/car_comms
[2.310s] running install_egg_info
[2.336s] Copying ../build/car_comms/car_comms.egg-info to /home/ksj/ros2_fin/install/car_comms/lib/python3.12/site-packages/car_comms-0.0.1-py3.12.egg-info
[2.337s] running install_scripts
[2.497s] Installing v2c_comm script to /home/ksj/ros2_fin/install/car_comms/lib/car_comms
[2.497s] writing list of installed files to '/home/ksj/ros2_fin/build/car_comms/install.log'
[2.576s] Invoked command in '/home/ksj/ros2_fin/car_comms' returned '0': AMENT_PREFIX_PATH=/home/ksj/ros2_fin/install/car_msgs:${AMENT_PREFIX_PATH} CMAKE_PREFIX_PATH=/home/ksj/ros2_fin/install/car_msgs:${CMAKE_PREFIX_PATH} DEBUGINFOD_URLS=https://debuginfod.ubuntu.com LD_LIBRARY_PATH=/home/ksj/ros2_fin/install/car_msgs/lib:${LD_LIBRARY_PATH} PYTHONPATH=/home/ksj/ros2_fin/build/car_comms/prefix_override:/usr/lib/python3/dist-packages/colcon_core/task/python/colcon_distutils_commands:/home/ksj/ros2_fin/install/car_comms/lib/python3.12/site-packages:/home/ksj/ros2_fin/install/car_msgs/lib/python3.12/site-packages:${PYTHONPATH} /usr/bin/python3 -W ignore:setup.py install is deprecated -W ignore:easy_install command is deprecated setup.py egg_info --egg-base ../build/car_comms build --build-base /home/ksj/ros2_fin/build/car_comms/build install --record /home/ksj/ros2_fin/build/car_comms/install.log --single-version-externally-managed install_data
