[0.645s] Invoking command in '/home/jeongseon/workspace/intel-08/Team1/ksj/ros2_workspace/src/car_control': CONDA_PROMPT_MODIFIER=(conda_ros2) DEBUGINFOD_URLS=https://debuginfod.ubuntu.com PYTHONPATH=/home/jeongseon/workspace/intel-08/Team1/ksj/ros2_workspace/build/car_control/prefix_override:/usr/lib/python3/dist-packages/colcon_core/task/python/colcon_distutils_commands:/home/jeongseon/workspace/intel-08/Team1/ksj/ros2_workspace/install/car_control/lib/python3.12/site-packages:${PYTHONPATH} /usr/bin/python3 -W ignore:setup.py install is deprecated -W ignore:easy_install command is deprecated setup.py egg_info --egg-base ../../build/car_control build --build-base /home/jeongseon/workspace/intel-08/Team1/ksj/ros2_workspace/build/car_control/build install --record /home/jeongseon/workspace/intel-08/Team1/ksj/ros2_workspace/build/car_control/install.log --single-version-externally-managed install_data
[0.811s] running egg_info
[0.812s] creating ../../build/car_control/car_control.egg-info
[0.823s] writing ../../build/car_control/car_control.egg-info/PKG-INFO
[0.823s] writing dependency_links to ../../build/car_control/car_control.egg-info/dependency_links.txt
[0.824s] writing entry points to ../../build/car_control/car_control.egg-info/entry_points.txt
[0.824s] writing requirements to ../../build/car_control/car_control.egg-info/requires.txt
[0.824s] writing top-level names to ../../build/car_control/car_control.egg-info/top_level.txt
[0.824s] writing manifest file '../../build/car_control/car_control.egg-info/SOURCES.txt'
[0.848s] reading manifest file '../../build/car_control/car_control.egg-info/SOURCES.txt'
[0.848s] writing manifest file '../../build/car_control/car_control.egg-info/SOURCES.txt'
[0.848s] running build
[0.848s] running build_py
[0.848s] creating /home/jeongseon/workspace/intel-08/Team1/ksj/ros2_workspace/build/car_control/build
[0.848s] creating /home/jeongseon/workspace/intel-08/Team1/ksj/ros2_workspace/build/car_control/build/lib
[0.849s] creating /home/jeongseon/workspace/intel-08/Team1/ksj/ros2_workspace/build/car_control/build/lib/car_control
[0.849s] copying car_control/__init__.py -> /home/jeongseon/workspace/intel-08/Team1/ksj/ros2_workspace/build/car_control/build/lib/car_control
[0.849s] copying car_control/motor_controller.py -> /home/jeongseon/workspace/intel-08/Team1/ksj/ros2_workspace/build/car_control/build/lib/car_control
[0.849s] copying car_control/motor_controller_node.py -> /home/jeongseon/workspace/intel-08/Team1/ksj/ros2_workspace/build/car_control/build/lib/car_control
[0.849s] running install
[0.853s] running install_lib
[0.866s] creating /home/jeongseon/workspace/intel-08/Team1/ksj/ros2_workspace/install/car_control/lib/python3.12/site-packages/car_control
[0.866s] copying /home/jeongseon/workspace/intel-08/Team1/ksj/ros2_workspace/build/car_control/build/lib/car_control/__init__.py -> /home/jeongseon/workspace/intel-08/Team1/ksj/ros2_workspace/install/car_control/lib/python3.12/site-packages/car_control
[0.866s] copying /home/jeongseon/workspace/intel-08/Team1/ksj/ros2_workspace/build/car_control/build/lib/car_control/motor_controller.py -> /home/jeongseon/workspace/intel-08/Team1/ksj/ros2_workspace/install/car_control/lib/python3.12/site-packages/car_control
[0.866s] copying /home/jeongseon/workspace/intel-08/Team1/ksj/ros2_workspace/build/car_control/build/lib/car_control/motor_controller_node.py -> /home/jeongseon/workspace/intel-08/Team1/ksj/ros2_workspace/install/car_control/lib/python3.12/site-packages/car_control
[0.866s] byte-compiling /home/jeongseon/workspace/intel-08/Team1/ksj/ros2_workspace/install/car_control/lib/python3.12/site-packages/car_control/__init__.py to __init__.cpython-312.pyc
[0.866s] byte-compiling /home/jeongseon/workspace/intel-08/Team1/ksj/ros2_workspace/install/car_control/lib/python3.12/site-packages/car_control/motor_controller.py to motor_controller.cpython-312.pyc
[0.867s] byte-compiling /home/jeongseon/workspace/intel-08/Team1/ksj/ros2_workspace/install/car_control/lib/python3.12/site-packages/car_control/motor_controller_node.py to motor_controller_node.cpython-312.pyc
[0.867s] running install_data
[0.867s] creating /home/jeongseon/workspace/intel-08/Team1/ksj/ros2_workspace/install/car_control/share/ament_index
[0.867s] creating /home/jeongseon/workspace/intel-08/Team1/ksj/ros2_workspace/install/car_control/share/ament_index/resource_index
[0.868s] creating /home/jeongseon/workspace/intel-08/Team1/ksj/ros2_workspace/install/car_control/share/ament_index/resource_index/packages
[0.868s] copying resource/car_control -> /home/jeongseon/workspace/intel-08/Team1/ksj/ros2_workspace/install/car_control/share/ament_index/resource_index/packages
[0.868s] copying package.xml -> /home/jeongseon/workspace/intel-08/Team1/ksj/ros2_workspace/install/car_control/share/car_control
[0.868s] running install_egg_info
[0.881s] Copying ../../build/car_control/car_control.egg-info to /home/jeongseon/workspace/intel-08/Team1/ksj/ros2_workspace/install/car_control/lib/python3.12/site-packages/car_control-0.0.0-py3.12.egg-info
[0.881s] running install_scripts
[0.962s] Installing motor_controller_node script to /home/jeongseon/workspace/intel-08/Team1/ksj/ros2_workspace/install/car_control/lib/car_control
[0.962s] writing list of installed files to '/home/jeongseon/workspace/intel-08/Team1/ksj/ros2_workspace/build/car_control/install.log'
[0.984s] Invoked command in '/home/jeongseon/workspace/intel-08/Team1/ksj/ros2_workspace/src/car_control' returned '0': CONDA_PROMPT_MODIFIER=(conda_ros2) DEBUGINFOD_URLS=https://debuginfod.ubuntu.com PYTHONPATH=/home/jeongseon/workspace/intel-08/Team1/ksj/ros2_workspace/build/car_control/prefix_override:/usr/lib/python3/dist-packages/colcon_core/task/python/colcon_distutils_commands:/home/jeongseon/workspace/intel-08/Team1/ksj/ros2_workspace/install/car_control/lib/python3.12/site-packages:${PYTHONPATH} /usr/bin/python3 -W ignore:setup.py install is deprecated -W ignore:easy_install command is deprecated setup.py egg_info --egg-base ../../build/car_control build --build-base /home/jeongseon/workspace/intel-08/Team1/ksj/ros2_workspace/build/car_control/build install --record /home/jeongseon/workspace/intel-08/Team1/ksj/ros2_workspace/build/car_control/install.log --single-version-externally-managed install_data
