running egg_info
creating ../../build/car_comms/car_comms.egg-info
writing ../../build/car_comms/car_comms.egg-info/PKG-INFO
writing dependency_links to ../../build/car_comms/car_comms.egg-info/dependency_links.txt
writing entry points to ../../build/car_comms/car_comms.egg-info/entry_points.txt
writing requirements to ../../build/car_comms/car_comms.egg-info/requires.txt
writing top-level names to ../../build/car_comms/car_comms.egg-info/top_level.txt
writing manifest file '../../build/car_comms/car_comms.egg-info/SOURCES.txt'
reading manifest file '../../build/car_comms/car_comms.egg-info/SOURCES.txt'
writing manifest file '../../build/car_comms/car_comms.egg-info/SOURCES.txt'
running build
running build_py
creating /home/jeongseon/workspace/intel-08/Team1/ksj/ros2_workspace/build/car_comms/build
creating /home/jeongseon/workspace/intel-08/Team1/ksj/ros2_workspace/build/car_comms/build/lib
creating /home/jeongseon/workspace/intel-08/Team1/ksj/ros2_workspace/build/car_comms/build/lib/car_comms
copying car_comms/__init__.py -> /home/jeongseon/workspace/intel-08/Team1/ksj/ros2_workspace/build/car_comms/build/lib/car_comms
copying car_comms/v2x_subscriber.py -> /home/jeongseon/workspace/intel-08/Team1/ksj/ros2_workspace/build/car_comms/build/lib/car_comms
running install
running install_lib
creating /home/jeongseon/workspace/intel-08/Team1/ksj/ros2_workspace/install/car_comms/lib/python3.12/site-packages/car_comms
copying /home/jeongseon/workspace/intel-08/Team1/ksj/ros2_workspace/build/car_comms/build/lib/car_comms/__init__.py -> /home/jeongseon/workspace/intel-08/Team1/ksj/ros2_workspace/install/car_comms/lib/python3.12/site-packages/car_comms
copying /home/jeongseon/workspace/intel-08/Team1/ksj/ros2_workspace/build/car_comms/build/lib/car_comms/v2x_subscriber.py -> /home/jeongseon/workspace/intel-08/Team1/ksj/ros2_workspace/install/car_comms/lib/python3.12/site-packages/car_comms
byte-compiling /home/jeongseon/workspace/intel-08/Team1/ksj/ros2_workspace/install/car_comms/lib/python3.12/site-packages/car_comms/__init__.py to __init__.cpython-312.pyc
byte-compiling /home/jeongseon/workspace/intel-08/Team1/ksj/ros2_workspace/install/car_comms/lib/python3.12/site-packages/car_comms/v2x_subscriber.py to v2x_subscriber.cpython-312.pyc
running install_data
creating /home/jeongseon/workspace/intel-08/Team1/ksj/ros2_workspace/install/car_comms/share/ament_index
creating /home/jeongseon/workspace/intel-08/Team1/ksj/ros2_workspace/install/car_comms/share/ament_index/resource_index
creating /home/jeongseon/workspace/intel-08/Team1/ksj/ros2_workspace/install/car_comms/share/ament_index/resource_index/packages
copying resource/car_comms -> /home/jeongseon/workspace/intel-08/Team1/ksj/ros2_workspace/install/car_comms/share/ament_index/resource_index/packages
copying package.xml -> /home/jeongseon/workspace/intel-08/Team1/ksj/ros2_workspace/install/car_comms/share/car_comms
running install_egg_info
Copying ../../build/car_comms/car_comms.egg-info to /home/jeongseon/workspace/intel-08/Team1/ksj/ros2_workspace/install/car_comms/lib/python3.12/site-packages/car_comms-0.0.0-py3.12.egg-info
running install_scripts
Installing decision_maker script to /home/jeongseon/workspace/intel-08/Team1/ksj/ros2_workspace/install/car_comms/lib/car_comms
Installing v2x_subscriber script to /home/jeongseon/workspace/intel-08/Team1/ksj/ros2_workspace/install/car_comms/lib/car_comms
writing list of installed files to '/home/jeongseon/workspace/intel-08/Team1/ksj/ros2_workspace/build/car_comms/install.log'
