[0.764s] Invoking command in '/home/jeongseon/workspace/intel-08/Team1/ksj/ros2_workspace/src/car_comms': CONDA_PROMPT_MODIFIER=(conda_ros2) DEBUGINFOD_URLS=https://debuginfod.ubuntu.com PYTHONPATH=/home/jeongseon/workspace/intel-08/Team1/ksj/ros2_workspace/build/car_comms/prefix_override:/usr/lib/python3/dist-packages/colcon_core/task/python/colcon_distutils_commands:/home/jeongseon/workspace/intel-08/Team1/ksj/ros2_workspace/install/car_comms/lib/python3.12/site-packages:${PYTHONPATH} /usr/bin/python3 -W ignore:setup.py install is deprecated -W ignore:easy_install command is deprecated setup.py egg_info --egg-base ../../build/car_comms build --build-base /home/jeongseon/workspace/intel-08/Team1/ksj/ros2_workspace/build/car_comms/build install --record /home/jeongseon/workspace/intel-08/Team1/ksj/ros2_workspace/build/car_comms/install.log --single-version-externally-managed install_data
[0.928s] running egg_info
[0.929s] creating ../../build/car_comms/car_comms.egg-info
[0.940s] writing ../../build/car_comms/car_comms.egg-info/PKG-INFO
[0.940s] writing dependency_links to ../../build/car_comms/car_comms.egg-info/dependency_links.txt
[0.941s] writing entry points to ../../build/car_comms/car_comms.egg-info/entry_points.txt
[0.941s] writing requirements to ../../build/car_comms/car_comms.egg-info/requires.txt
[0.941s] writing top-level names to ../../build/car_comms/car_comms.egg-info/top_level.txt
[0.941s] writing manifest file '../../build/car_comms/car_comms.egg-info/SOURCES.txt'
[0.965s] reading manifest file '../../build/car_comms/car_comms.egg-info/SOURCES.txt'
[0.965s] writing manifest file '../../build/car_comms/car_comms.egg-info/SOURCES.txt'
[0.965s] running build
[0.965s] running build_py
[0.965s] creating /home/jeongseon/workspace/intel-08/Team1/ksj/ros2_workspace/build/car_comms/build
[0.965s] creating /home/jeongseon/workspace/intel-08/Team1/ksj/ros2_workspace/build/car_comms/build/lib
[0.966s] creating /home/jeongseon/workspace/intel-08/Team1/ksj/ros2_workspace/build/car_comms/build/lib/car_comms
[0.966s] copying car_comms/__init__.py -> /home/jeongseon/workspace/intel-08/Team1/ksj/ros2_workspace/build/car_comms/build/lib/car_comms
[0.966s] copying car_comms/v2x_subscriber.py -> /home/jeongseon/workspace/intel-08/Team1/ksj/ros2_workspace/build/car_comms/build/lib/car_comms
[0.966s] running install
[0.970s] running install_lib
[0.982s] creating /home/jeongseon/workspace/intel-08/Team1/ksj/ros2_workspace/install/car_comms/lib/python3.12/site-packages/car_comms
[0.982s] copying /home/jeongseon/workspace/intel-08/Team1/ksj/ros2_workspace/build/car_comms/build/lib/car_comms/__init__.py -> /home/jeongseon/workspace/intel-08/Team1/ksj/ros2_workspace/install/car_comms/lib/python3.12/site-packages/car_comms
[0.982s] copying /home/jeongseon/workspace/intel-08/Team1/ksj/ros2_workspace/build/car_comms/build/lib/car_comms/v2x_subscriber.py -> /home/jeongseon/workspace/intel-08/Team1/ksj/ros2_workspace/install/car_comms/lib/python3.12/site-packages/car_comms
[0.983s] byte-compiling /home/jeongseon/workspace/intel-08/Team1/ksj/ros2_workspace/install/car_comms/lib/python3.12/site-packages/car_comms/__init__.py to __init__.cpython-312.pyc
[0.983s] byte-compiling /home/jeongseon/workspace/intel-08/Team1/ksj/ros2_workspace/install/car_comms/lib/python3.12/site-packages/car_comms/v2x_subscriber.py to v2x_subscriber.cpython-312.pyc
[0.984s] running install_data
[0.984s] creating /home/jeongseon/workspace/intel-08/Team1/ksj/ros2_workspace/install/car_comms/share/ament_index
[0.984s] creating /home/jeongseon/workspace/intel-08/Team1/ksj/ros2_workspace/install/car_comms/share/ament_index/resource_index
[0.984s] creating /home/jeongseon/workspace/intel-08/Team1/ksj/ros2_workspace/install/car_comms/share/ament_index/resource_index/packages
[0.984s] copying resource/car_comms -> /home/jeongseon/workspace/intel-08/Team1/ksj/ros2_workspace/install/car_comms/share/ament_index/resource_index/packages
[0.984s] copying package.xml -> /home/jeongseon/workspace/intel-08/Team1/ksj/ros2_workspace/install/car_comms/share/car_comms
[0.984s] running install_egg_info
[0.997s] Copying ../../build/car_comms/car_comms.egg-info to /home/jeongseon/workspace/intel-08/Team1/ksj/ros2_workspace/install/car_comms/lib/python3.12/site-packages/car_comms-0.0.0-py3.12.egg-info
[0.997s] running install_scripts
[1.078s] Installing decision_maker script to /home/jeongseon/workspace/intel-08/Team1/ksj/ros2_workspace/install/car_comms/lib/car_comms
[1.078s] Installing v2x_subscriber script to /home/jeongseon/workspace/intel-08/Team1/ksj/ros2_workspace/install/car_comms/lib/car_comms
[1.078s] writing list of installed files to '/home/jeongseon/workspace/intel-08/Team1/ksj/ros2_workspace/build/car_comms/install.log'
[1.104s] Invoked command in '/home/jeongseon/workspace/intel-08/Team1/ksj/ros2_workspace/src/car_comms' returned '0': CONDA_PROMPT_MODIFIER=(conda_ros2) DEBUGINFOD_URLS=https://debuginfod.ubuntu.com PYTHONPATH=/home/jeongseon/workspace/intel-08/Team1/ksj/ros2_workspace/build/car_comms/prefix_override:/usr/lib/python3/dist-packages/colcon_core/task/python/colcon_distutils_commands:/home/jeongseon/workspace/intel-08/Team1/ksj/ros2_workspace/install/car_comms/lib/python3.12/site-packages:${PYTHONPATH} /usr/bin/python3 -W ignore:setup.py install is deprecated -W ignore:easy_install command is deprecated setup.py egg_info --egg-base ../../build/car_comms build --build-base /home/jeongseon/workspace/intel-08/Team1/ksj/ros2_workspace/build/car_comms/build install --record /home/jeongseon/workspace/intel-08/Team1/ksj/ros2_workspace/build/car_comms/install.log --single-version-externally-managed install_data
