[0.758s] Invoking command in '/home/jeongseon/workspace/intel-08/Team1/ksj/ros2_workspace/src/car_planning': CONDA_PROMPT_MODIFIER=(conda_ros2) DEBUGINFOD_URLS=https://debuginfod.ubuntu.com PYTHONPATH=/home/jeongseon/workspace/intel-08/Team1/ksj/ros2_workspace/build/car_planning/prefix_override:/usr/lib/python3/dist-packages/colcon_core/task/python/colcon_distutils_commands:/home/jeongseon/workspace/intel-08/Team1/ksj/ros2_workspace/install/car_planning/lib/python3.12/site-packages:${PYTHONPATH} /usr/bin/python3 -W ignore:setup.py install is deprecated -W ignore:easy_install command is deprecated setup.py egg_info --egg-base ../../build/car_planning build --build-base /home/jeongseon/workspace/intel-08/Team1/ksj/ros2_workspace/build/car_planning/build install --record /home/jeongseon/workspace/intel-08/Team1/ksj/ros2_workspace/build/car_planning/install.log --single-version-externally-managed install_data
[0.925s] running egg_info
[0.925s] creating ../../build/car_planning/car_planning.egg-info
[0.937s] writing ../../build/car_planning/car_planning.egg-info/PKG-INFO
[0.937s] writing dependency_links to ../../build/car_planning/car_planning.egg-info/dependency_links.txt
[0.937s] writing entry points to ../../build/car_planning/car_planning.egg-info/entry_points.txt
[0.937s] writing requirements to ../../build/car_planning/car_planning.egg-info/requires.txt
[0.937s] writing top-level names to ../../build/car_planning/car_planning.egg-info/top_level.txt
[0.937s] writing manifest file '../../build/car_planning/car_planning.egg-info/SOURCES.txt'
[0.962s] reading manifest file '../../build/car_planning/car_planning.egg-info/SOURCES.txt'
[0.962s] writing manifest file '../../build/car_planning/car_planning.egg-info/SOURCES.txt'
[0.962s] running build
[0.962s] running build_py
[0.962s] creating /home/jeongseon/workspace/intel-08/Team1/ksj/ros2_workspace/build/car_planning/build
[0.962s] creating /home/jeongseon/workspace/intel-08/Team1/ksj/ros2_workspace/build/car_planning/build/lib
[0.962s] creating /home/jeongseon/workspace/intel-08/Team1/ksj/ros2_workspace/build/car_planning/build/lib/car_planning
[0.963s] copying car_planning/decision_maker.py -> /home/jeongseon/workspace/intel-08/Team1/ksj/ros2_workspace/build/car_planning/build/lib/car_planning
[0.963s] copying car_planning/__init__.py -> /home/jeongseon/workspace/intel-08/Team1/ksj/ros2_workspace/build/car_planning/build/lib/car_planning
[0.963s] running install
[0.967s] running install_lib
[0.979s] creating /home/jeongseon/workspace/intel-08/Team1/ksj/ros2_workspace/install/car_planning/lib/python3.12/site-packages/car_planning
[0.980s] copying /home/jeongseon/workspace/intel-08/Team1/ksj/ros2_workspace/build/car_planning/build/lib/car_planning/decision_maker.py -> /home/jeongseon/workspace/intel-08/Team1/ksj/ros2_workspace/install/car_planning/lib/python3.12/site-packages/car_planning
[0.980s] copying /home/jeongseon/workspace/intel-08/Team1/ksj/ros2_workspace/build/car_planning/build/lib/car_planning/__init__.py -> /home/jeongseon/workspace/intel-08/Team1/ksj/ros2_workspace/install/car_planning/lib/python3.12/site-packages/car_planning
[0.980s] byte-compiling /home/jeongseon/workspace/intel-08/Team1/ksj/ros2_workspace/install/car_planning/lib/python3.12/site-packages/car_planning/decision_maker.py to decision_maker.cpython-312.pyc
[0.980s] byte-compiling /home/jeongseon/workspace/intel-08/Team1/ksj/ros2_workspace/install/car_planning/lib/python3.12/site-packages/car_planning/__init__.py to __init__.cpython-312.pyc
[0.981s] running install_data
[0.981s] creating /home/jeongseon/workspace/intel-08/Team1/ksj/ros2_workspace/install/car_planning/share/ament_index
[0.981s] creating /home/jeongseon/workspace/intel-08/Team1/ksj/ros2_workspace/install/car_planning/share/ament_index/resource_index
[0.981s] creating /home/jeongseon/workspace/intel-08/Team1/ksj/ros2_workspace/install/car_planning/share/ament_index/resource_index/packages
[0.981s] copying resource/car_planning -> /home/jeongseon/workspace/intel-08/Team1/ksj/ros2_workspace/install/car_planning/share/ament_index/resource_index/packages
[0.981s] copying package.xml -> /home/jeongseon/workspace/intel-08/Team1/ksj/ros2_workspace/install/car_planning/share/car_planning
[0.981s] running install_egg_info
[0.994s] Copying ../../build/car_planning/car_planning.egg-info to /home/jeongseon/workspace/intel-08/Team1/ksj/ros2_workspace/install/car_planning/lib/python3.12/site-packages/car_planning-0.0.0-py3.12.egg-info
[0.995s] running install_scripts
[1.075s] Installing decision_maker script to /home/jeongseon/workspace/intel-08/Team1/ksj/ros2_workspace/install/car_planning/lib/car_planning
[1.076s] writing list of installed files to '/home/jeongseon/workspace/intel-08/Team1/ksj/ros2_workspace/build/car_planning/install.log'
[1.105s] Invoked command in '/home/jeongseon/workspace/intel-08/Team1/ksj/ros2_workspace/src/car_planning' returned '0': CONDA_PROMPT_MODIFIER=(conda_ros2) DEBUGINFOD_URLS=https://debuginfod.ubuntu.com PYTHONPATH=/home/jeongseon/workspace/intel-08/Team1/ksj/ros2_workspace/build/car_planning/prefix_override:/usr/lib/python3/dist-packages/colcon_core/task/python/colcon_distutils_commands:/home/jeongseon/workspace/intel-08/Team1/ksj/ros2_workspace/install/car_planning/lib/python3.12/site-packages:${PYTHONPATH} /usr/bin/python3 -W ignore:setup.py install is deprecated -W ignore:easy_install command is deprecated setup.py egg_info --egg-base ../../build/car_planning build --build-base /home/jeongseon/workspace/intel-08/Team1/ksj/ros2_workspace/build/car_planning/build install --record /home/jeongseon/workspace/intel-08/Team1/ksj/ros2_workspace/build/car_planning/install.log --single-version-externally-managed install_data
