[0.288s] DEBUG:colcon:Command line arguments: ['/usr/bin/colcon', 'build']
[0.288s] DEBUG:colcon:Parsed command line arguments: Namespace(log_base=None, log_level=None, verb_name='build', build_base='build', install_base='install', merge_install=False, symlink_install=False, test_result_base=None, continue_on_error=False, executor='parallel', parallel_workers=16, event_handlers=None, ignore_user_meta=False, metas=['./colcon.meta'], base_paths=['.'], packages_ignore=None, packages_ignore_regex=None, paths=None, packages_up_to=None, packages_up_to_regex=None, packages_above=None, packages_above_and_dependencies=None, packages_above_depth=None, packages_select_by_dep=None, packages_skip_by_dep=None, packages_skip_up_to=None, packages_select_build_failed=False, packages_skip_build_finished=False, packages_select_test_failures=False, packages_skip_test_passed=False, packages_select=None, packages_skip=None, packages_select_regex=None, packages_skip_regex=None, packages_start=None, packages_end=None, allow_overriding=[], cmake_args=None, cmake_target=None, cmake_target_skip_unavailable=False, cmake_clean_cache=False, cmake_clean_first=False, cmake_force_configure=False, ament_cmake_args=None, catkin_cmake_args=None, catkin_skip_building_tests=False, mixin_files=None, mixin=None, verb_parser=<colcon_mixin.mixin.mixin_argument.MixinArgumentDecorator object at 0x710b0ed55250>, verb_extension=<colcon_core.verb.build.BuildVerb object at 0x710b0eead880>, main=<bound method BuildVerb.main of <colcon_core.verb.build.BuildVerb object at 0x710b0eead880>>, mixin_verb=('build',))
[0.363s] Level 1:colcon.colcon_core.package_discovery:discover_packages(colcon_meta) check parameters
[0.363s] Level 1:colcon.colcon_core.package_discovery:discover_packages(recursive) check parameters
[0.363s] Level 1:colcon.colcon_core.package_discovery:discover_packages(ignore) check parameters
[0.363s] Level 1:colcon.colcon_core.package_discovery:discover_packages(path) check parameters
[0.363s] Level 1:colcon.colcon_core.package_discovery:discover_packages(colcon_meta) discover
[0.363s] Level 1:colcon.colcon_core.package_discovery:discover_packages(recursive) discover
[0.363s] INFO:colcon.colcon_core.package_discovery:Crawling recursively for packages in '/home/ksj/ros2_fin'
[0.363s] Level 1:colcon.colcon_core.package_identification:_identify(.) by extensions ['ignore', 'ignore_ament_install']
[0.364s] Level 1:colcon.colcon_core.package_identification:_identify(.) by extension 'ignore'
[0.364s] Level 1:colcon.colcon_core.package_identification:_identify(.) by extension 'ignore_ament_install'
[0.364s] Level 1:colcon.colcon_core.package_identification:_identify(.) by extensions ['colcon_pkg']
[0.364s] Level 1:colcon.colcon_core.package_identification:_identify(.) by extension 'colcon_pkg'
[0.364s] Level 1:colcon.colcon_core.package_identification:_identify(.) by extensions ['colcon_meta']
[0.364s] Level 1:colcon.colcon_core.package_identification:_identify(.) by extension 'colcon_meta'
[0.364s] Level 1:colcon.colcon_core.package_identification:_identify(.) by extensions ['ros']
[0.364s] Level 1:colcon.colcon_core.package_identification:_identify(.) by extension 'ros'
[0.413s] Level 1:colcon.colcon_core.package_identification:_identify(.) by extensions ['cmake', 'python']
[0.413s] Level 1:colcon.colcon_core.package_identification:_identify(.) by extension 'cmake'
[0.413s] Level 1:colcon.colcon_core.package_identification:_identify(.) by extension 'python'
[0.413s] Level 1:colcon.colcon_core.package_identification:_identify(.) by extensions ['python_setup_py']
[0.413s] Level 1:colcon.colcon_core.package_identification:_identify(.) by extension 'python_setup_py'
[0.413s] Level 1:colcon.colcon_core.package_identification:_identify(build) by extensions ['ignore', 'ignore_ament_install']
[0.413s] Level 1:colcon.colcon_core.package_identification:_identify(build) by extension 'ignore'
[0.413s] Level 1:colcon.colcon_core.package_identification:_identify(build) ignored
[0.413s] Level 1:colcon.colcon_core.package_identification:_identify(car_comms) by extensions ['ignore', 'ignore_ament_install']
[0.413s] Level 1:colcon.colcon_core.package_identification:_identify(car_comms) by extension 'ignore'
[0.413s] Level 1:colcon.colcon_core.package_identification:_identify(car_comms) by extension 'ignore_ament_install'
[0.413s] Level 1:colcon.colcon_core.package_identification:_identify(car_comms) by extensions ['colcon_pkg']
[0.413s] Level 1:colcon.colcon_core.package_identification:_identify(car_comms) by extension 'colcon_pkg'
[0.413s] Level 1:colcon.colcon_core.package_identification:_identify(car_comms) by extensions ['colcon_meta']
[0.414s] Level 1:colcon.colcon_core.package_identification:_identify(car_comms) by extension 'colcon_meta'
[0.414s] Level 1:colcon.colcon_core.package_identification:_identify(car_comms) by extensions ['ros']
[0.414s] Level 1:colcon.colcon_core.package_identification:_identify(car_comms) by extension 'ros'
[0.416s] DEBUG:colcon.colcon_core.package_identification:Package 'car_comms' with type 'ros.ament_python' and name 'car_comms'
[0.416s] Level 1:colcon.colcon_core.package_identification:_identify(car_control) by extensions ['ignore', 'ignore_ament_install']
[0.416s] Level 1:colcon.colcon_core.package_identification:_identify(car_control) by extension 'ignore'
[0.416s] Level 1:colcon.colcon_core.package_identification:_identify(car_control) by extension 'ignore_ament_install'
[0.416s] Level 1:colcon.colcon_core.package_identification:_identify(car_control) by extensions ['colcon_pkg']
[0.417s] Level 1:colcon.colcon_core.package_identification:_identify(car_control) by extension 'colcon_pkg'
[0.417s] Level 1:colcon.colcon_core.package_identification:_identify(car_control) by extensions ['colcon_meta']
[0.417s] Level 1:colcon.colcon_core.package_identification:_identify(car_control) by extension 'colcon_meta'
[0.417s] Level 1:colcon.colcon_core.package_identification:_identify(car_control) by extensions ['ros']
[0.417s] Level 1:colcon.colcon_core.package_identification:_identify(car_control) by extension 'ros'
[0.417s] DEBUG:colcon.colcon_core.package_identification:Package 'car_control' with type 'ros.ament_python' and name 'car_control'
[0.417s] Level 1:colcon.colcon_core.package_identification:_identify(car_msgs) by extensions ['ignore', 'ignore_ament_install']
[0.417s] Level 1:colcon.colcon_core.package_identification:_identify(car_msgs) by extension 'ignore'
[0.417s] Level 1:colcon.colcon_core.package_identification:_identify(car_msgs) by extension 'ignore_ament_install'
[0.418s] Level 1:colcon.colcon_core.package_identification:_identify(car_msgs) by extensions ['colcon_pkg']
[0.418s] Level 1:colcon.colcon_core.package_identification:_identify(car_msgs) by extension 'colcon_pkg'
[0.418s] Level 1:colcon.colcon_core.package_identification:_identify(car_msgs) by extensions ['colcon_meta']
[0.418s] Level 1:colcon.colcon_core.package_identification:_identify(car_msgs) by extension 'colcon_meta'
[0.418s] Level 1:colcon.colcon_core.package_identification:_identify(car_msgs) by extensions ['ros']
[0.418s] Level 1:colcon.colcon_core.package_identification:_identify(car_msgs) by extension 'ros'
[0.419s] DEBUG:colcon.colcon_core.package_identification:Package 'car_msgs' with type 'ros.ament_cmake' and name 'car_msgs'
[0.419s] Level 1:colcon.colcon_core.package_identification:_identify(car_planning) by extensions ['ignore', 'ignore_ament_install']
[0.419s] Level 1:colcon.colcon_core.package_identification:_identify(car_planning) by extension 'ignore'
[0.419s] Level 1:colcon.colcon_core.package_identification:_identify(car_planning) by extension 'ignore_ament_install'
[0.419s] Level 1:colcon.colcon_core.package_identification:_identify(car_planning) by extensions ['colcon_pkg']
[0.419s] Level 1:colcon.colcon_core.package_identification:_identify(car_planning) by extension 'colcon_pkg'
[0.419s] Level 1:colcon.colcon_core.package_identification:_identify(car_planning) by extensions ['colcon_meta']
[0.419s] Level 1:colcon.colcon_core.package_identification:_identify(car_planning) by extension 'colcon_meta'
[0.419s] Level 1:colcon.colcon_core.package_identification:_identify(car_planning) by extensions ['ros']
[0.419s] Level 1:colcon.colcon_core.package_identification:_identify(car_planning) by extension 'ros'
[0.420s] DEBUG:colcon.colcon_core.package_identification:Package 'car_planning' with type 'ros.ament_python' and name 'car_planning'
[0.420s] Level 1:colcon.colcon_core.package_identification:_identify(install) by extensions ['ignore', 'ignore_ament_install']
[0.420s] Level 1:colcon.colcon_core.package_identification:_identify(install) by extension 'ignore'
[0.420s] Level 1:colcon.colcon_core.package_identification:_identify(install) ignored
[0.420s] Level 1:colcon.colcon_core.package_identification:_identify(log) by extensions ['ignore', 'ignore_ament_install']
[0.421s] Level 1:colcon.colcon_core.package_identification:_identify(log) by extension 'ignore'
[0.421s] Level 1:colcon.colcon_core.package_identification:_identify(log) ignored
[0.421s] Level 1:colcon.colcon_core.package_discovery:discover_packages(recursive) using defaults
[0.421s] Level 1:colcon.colcon_core.package_discovery:discover_packages(ignore) discover
[0.421s] Level 1:colcon.colcon_core.package_discovery:discover_packages(ignore) using defaults
[0.421s] Level 1:colcon.colcon_core.package_discovery:discover_packages(path) discover
[0.421s] Level 1:colcon.colcon_core.package_discovery:discover_packages(path) using defaults
[0.442s] Level 1:colcon.colcon_core.package_discovery:discover_packages(prefix_path) check parameters
[0.442s] Level 1:colcon.colcon_core.package_discovery:discover_packages(prefix_path) discover
[0.446s] DEBUG:colcon.colcon_installed_package_information.package_discovery:Found 288 installed packages in /opt/ros/jazzy
[0.448s] Level 1:colcon.colcon_core.package_discovery:discover_packages(prefix_path) using defaults
[0.514s] Level 5:colcon.colcon_core.verb:set package 'car_msgs' build argument 'cmake_args' from command line to 'None'
[0.514s] Level 5:colcon.colcon_core.verb:set package 'car_msgs' build argument 'cmake_target' from command line to 'None'
[0.514s] Level 5:colcon.colcon_core.verb:set package 'car_msgs' build argument 'cmake_target_skip_unavailable' from command line to 'False'
[0.514s] Level 5:colcon.colcon_core.verb:set package 'car_msgs' build argument 'cmake_clean_cache' from command line to 'False'
[0.514s] Level 5:colcon.colcon_core.verb:set package 'car_msgs' build argument 'cmake_clean_first' from command line to 'False'
[0.514s] Level 5:colcon.colcon_core.verb:set package 'car_msgs' build argument 'cmake_force_configure' from command line to 'False'
[0.514s] Level 5:colcon.colcon_core.verb:set package 'car_msgs' build argument 'ament_cmake_args' from command line to 'None'
[0.514s] Level 5:colcon.colcon_core.verb:set package 'car_msgs' build argument 'catkin_cmake_args' from command line to 'None'
[0.514s] Level 5:colcon.colcon_core.verb:set package 'car_msgs' build argument 'catkin_skip_building_tests' from command line to 'False'
[0.515s] DEBUG:colcon.colcon_core.verb:Building package 'car_msgs' with the following arguments: {'ament_cmake_args': None, 'build_base': '/home/ksj/ros2_fin/build/car_msgs', 'catkin_cmake_args': None, 'catkin_skip_building_tests': False, 'cmake_args': None, 'cmake_clean_cache': False, 'cmake_clean_first': False, 'cmake_force_configure': False, 'cmake_target': None, 'cmake_target_skip_unavailable': False, 'install_base': '/home/ksj/ros2_fin/install/car_msgs', 'merge_install': False, 'path': '/home/ksj/ros2_fin/car_msgs', 'symlink_install': False, 'test_result_base': None}
[0.515s] Level 5:colcon.colcon_core.verb:set package 'car_comms' build argument 'cmake_args' from command line to 'None'
[0.515s] Level 5:colcon.colcon_core.verb:set package 'car_comms' build argument 'cmake_target' from command line to 'None'
[0.515s] Level 5:colcon.colcon_core.verb:set package 'car_comms' build argument 'cmake_target_skip_unavailable' from command line to 'False'
[0.515s] Level 5:colcon.colcon_core.verb:set package 'car_comms' build argument 'cmake_clean_cache' from command line to 'False'
[0.515s] Level 5:colcon.colcon_core.verb:set package 'car_comms' build argument 'cmake_clean_first' from command line to 'False'
[0.515s] Level 5:colcon.colcon_core.verb:set package 'car_comms' build argument 'cmake_force_configure' from command line to 'False'
[0.515s] Level 5:colcon.colcon_core.verb:set package 'car_comms' build argument 'ament_cmake_args' from command line to 'None'
[0.515s] Level 5:colcon.colcon_core.verb:set package 'car_comms' build argument 'catkin_cmake_args' from command line to 'None'
[0.515s] Level 5:colcon.colcon_core.verb:set package 'car_comms' build argument 'catkin_skip_building_tests' from command line to 'False'
[0.515s] DEBUG:colcon.colcon_core.verb:Building package 'car_comms' with the following arguments: {'ament_cmake_args': None, 'build_base': '/home/ksj/ros2_fin/build/car_comms', 'catkin_cmake_args': None, 'catkin_skip_building_tests': False, 'cmake_args': None, 'cmake_clean_cache': False, 'cmake_clean_first': False, 'cmake_force_configure': False, 'cmake_target': None, 'cmake_target_skip_unavailable': False, 'install_base': '/home/ksj/ros2_fin/install/car_comms', 'merge_install': False, 'path': '/home/ksj/ros2_fin/car_comms', 'symlink_install': False, 'test_result_base': None}
[0.515s] Level 5:colcon.colcon_core.verb:set package 'car_control' build argument 'cmake_args' from command line to 'None'
[0.516s] Level 5:colcon.colcon_core.verb:set package 'car_control' build argument 'cmake_target' from command line to 'None'
[0.516s] Level 5:colcon.colcon_core.verb:set package 'car_control' build argument 'cmake_target_skip_unavailable' from command line to 'False'
[0.516s] Level 5:colcon.colcon_core.verb:set package 'car_control' build argument 'cmake_clean_cache' from command line to 'False'
[0.516s] Level 5:colcon.colcon_core.verb:set package 'car_control' build argument 'cmake_clean_first' from command line to 'False'
[0.516s] Level 5:colcon.colcon_core.verb:set package 'car_control' build argument 'cmake_force_configure' from command line to 'False'
[0.516s] Level 5:colcon.colcon_core.verb:set package 'car_control' build argument 'ament_cmake_args' from command line to 'None'
[0.516s] Level 5:colcon.colcon_core.verb:set package 'car_control' build argument 'catkin_cmake_args' from command line to 'None'
[0.516s] Level 5:colcon.colcon_core.verb:set package 'car_control' build argument 'catkin_skip_building_tests' from command line to 'False'
[0.516s] DEBUG:colcon.colcon_core.verb:Building package 'car_control' with the following arguments: {'ament_cmake_args': None, 'build_base': '/home/ksj/ros2_fin/build/car_control', 'catkin_cmake_args': None, 'catkin_skip_building_tests': False, 'cmake_args': None, 'cmake_clean_cache': False, 'cmake_clean_first': False, 'cmake_force_configure': False, 'cmake_target': None, 'cmake_target_skip_unavailable': False, 'install_base': '/home/ksj/ros2_fin/install/car_control', 'merge_install': False, 'path': '/home/ksj/ros2_fin/car_control', 'symlink_install': False, 'test_result_base': None}
[0.516s] Level 5:colcon.colcon_core.verb:set package 'car_planning' build argument 'cmake_args' from command line to 'None'
[0.516s] Level 5:colcon.colcon_core.verb:set package 'car_planning' build argument 'cmake_target' from command line to 'None'
[0.516s] Level 5:colcon.colcon_core.verb:set package 'car_planning' build argument 'cmake_target_skip_unavailable' from command line to 'False'
[0.516s] Level 5:colcon.colcon_core.verb:set package 'car_planning' build argument 'cmake_clean_cache' from command line to 'False'
[0.516s] Level 5:colcon.colcon_core.verb:set package 'car_planning' build argument 'cmake_clean_first' from command line to 'False'
[0.516s] Level 5:colcon.colcon_core.verb:set package 'car_planning' build argument 'cmake_force_configure' from command line to 'False'
[0.516s] Level 5:colcon.colcon_core.verb:set package 'car_planning' build argument 'ament_cmake_args' from command line to 'None'
[0.516s] Level 5:colcon.colcon_core.verb:set package 'car_planning' build argument 'catkin_cmake_args' from command line to 'None'
[0.516s] Level 5:colcon.colcon_core.verb:set package 'car_planning' build argument 'catkin_skip_building_tests' from command line to 'False'
[0.516s] DEBUG:colcon.colcon_core.verb:Building package 'car_planning' with the following arguments: {'ament_cmake_args': None, 'build_base': '/home/ksj/ros2_fin/build/car_planning', 'catkin_cmake_args': None, 'catkin_skip_building_tests': False, 'cmake_args': None, 'cmake_clean_cache': False, 'cmake_clean_first': False, 'cmake_force_configure': False, 'cmake_target': None, 'cmake_target_skip_unavailable': False, 'install_base': '/home/ksj/ros2_fin/install/car_planning', 'merge_install': False, 'path': '/home/ksj/ros2_fin/car_planning', 'symlink_install': False, 'test_result_base': None}
[0.516s] INFO:colcon.colcon_core.executor:Executing jobs using 'parallel' executor
[0.517s] DEBUG:colcon.colcon_parallel_executor.executor.parallel:run_until_complete
[0.518s] INFO:colcon.colcon_ros.task.ament_cmake.build:Building ROS package in '/home/ksj/ros2_fin/car_msgs' with build type 'ament_cmake'
[0.518s] INFO:colcon.colcon_cmake.task.cmake.build:Building CMake package in '/home/ksj/ros2_fin/car_msgs'
[0.523s] INFO:colcon.colcon_core.plugin_system:Skipping extension 'colcon_core.shell.bat': Not used on non-Windows systems
[0.523s] INFO:colcon.colcon_core.shell:Skip shell extension 'powershell' for command environment: Not usable outside of PowerShell
[0.523s] DEBUG:colcon.colcon_core.shell:Skip shell extension 'dsv' for command environment
[0.532s] DEBUG:colcon.colcon_core.event_handler.log_command:Invoking command in '/home/ksj/ros2_fin/build/car_msgs': CMAKE_PREFIX_PATH=${CMAKE_PREFIX_PATH}:/opt/ros/jazzy DEBUGINFOD_URLS=https://debuginfod.ubuntu.com /usr/bin/cmake /home/ksj/ros2_fin/car_msgs -DCMAKE_INSTALL_PREFIX=/home/ksj/ros2_fin/install/car_msgs
[10.136s] DEBUG:colcon.colcon_core.event_handler.log_command:Invoked command in '/home/ksj/ros2_fin/build/car_msgs' returned '0': CMAKE_PREFIX_PATH=${CMAKE_PREFIX_PATH}:/opt/ros/jazzy DEBUGINFOD_URLS=https://debuginfod.ubuntu.com /usr/bin/cmake /home/ksj/ros2_fin/car_msgs -DCMAKE_INSTALL_PREFIX=/home/ksj/ros2_fin/install/car_msgs
[10.138s] DEBUG:colcon.colcon_core.event_handler.log_command:Invoking command in '/home/ksj/ros2_fin/build/car_msgs': CMAKE_PREFIX_PATH=${CMAKE_PREFIX_PATH}:/opt/ros/jazzy DEBUGINFOD_URLS=https://debuginfod.ubuntu.com /usr/bin/cmake --build /home/ksj/ros2_fin/build/car_msgs -- -j16 -l16
[13.448s] DEBUG:colcon.colcon_core.event_handler.log_command:Invoked command in '/home/ksj/ros2_fin/build/car_msgs' returned '0': CMAKE_PREFIX_PATH=${CMAKE_PREFIX_PATH}:/opt/ros/jazzy DEBUGINFOD_URLS=https://debuginfod.ubuntu.com /usr/bin/cmake --build /home/ksj/ros2_fin/build/car_msgs -- -j16 -l16
[13.462s] DEBUG:colcon.colcon_core.event_handler.log_command:Invoking command in '/home/ksj/ros2_fin/build/car_msgs': CMAKE_PREFIX_PATH=${CMAKE_PREFIX_PATH}:/opt/ros/jazzy DEBUGINFOD_URLS=https://debuginfod.ubuntu.com /usr/bin/cmake --install /home/ksj/ros2_fin/build/car_msgs
[13.594s] Level 1:colcon.colcon_core.environment:create_environment_scripts_only(car_msgs)
[13.595s] DEBUG:colcon.colcon_core.event_handler.log_command:Invoked command in '/home/ksj/ros2_fin/build/car_msgs' returned '0': CMAKE_PREFIX_PATH=${CMAKE_PREFIX_PATH}:/opt/ros/jazzy DEBUGINFOD_URLS=https://debuginfod.ubuntu.com /usr/bin/cmake --install /home/ksj/ros2_fin/build/car_msgs
[13.600s] Level 1:colcon.colcon_core.environment:checking '/home/ksj/ros2_fin/install/car_msgs' for CMake module files
[13.601s] Level 1:colcon.colcon_core.environment:checking '/home/ksj/ros2_fin/install/car_msgs' for CMake config files
[13.601s] Level 1:colcon.colcon_core.shell:create_environment_hook('car_msgs', 'cmake_prefix_path')
[13.601s] INFO:colcon.colcon_core.shell:Creating environment hook '/home/ksj/ros2_fin/install/car_msgs/share/car_msgs/hook/cmake_prefix_path.ps1'
[13.602s] INFO:colcon.colcon_core.shell:Creating environment descriptor '/home/ksj/ros2_fin/install/car_msgs/share/car_msgs/hook/cmake_prefix_path.dsv'
[13.602s] INFO:colcon.colcon_core.shell:Creating environment hook '/home/ksj/ros2_fin/install/car_msgs/share/car_msgs/hook/cmake_prefix_path.sh'
[13.603s] Level 1:colcon.colcon_core.environment:checking '/home/ksj/ros2_fin/install/car_msgs/lib'
[13.603s] Level 1:colcon.colcon_core.shell:create_environment_hook('car_msgs', 'ld_library_path_lib')
[13.603s] INFO:colcon.colcon_core.shell:Creating environment hook '/home/ksj/ros2_fin/install/car_msgs/share/car_msgs/hook/ld_library_path_lib.ps1'
[13.603s] INFO:colcon.colcon_core.shell:Creating environment descriptor '/home/ksj/ros2_fin/install/car_msgs/share/car_msgs/hook/ld_library_path_lib.dsv'
[13.603s] INFO:colcon.colcon_core.shell:Creating environment hook '/home/ksj/ros2_fin/install/car_msgs/share/car_msgs/hook/ld_library_path_lib.sh'
[13.604s] Level 1:colcon.colcon_core.environment:checking '/home/ksj/ros2_fin/install/car_msgs/bin'
[13.604s] Level 1:colcon.colcon_core.environment:checking '/home/ksj/ros2_fin/install/car_msgs/lib/pkgconfig/car_msgs.pc'
[13.604s] Level 1:colcon.colcon_core.environment:checking '/home/ksj/ros2_fin/install/car_msgs/lib/python3.12/site-packages'
[13.604s] Level 1:colcon.colcon_core.shell:create_environment_hook('car_msgs', 'pythonpath')
[13.604s] INFO:colcon.colcon_core.shell:Creating environment hook '/home/ksj/ros2_fin/install/car_msgs/share/car_msgs/hook/pythonpath.ps1'
[13.604s] INFO:colcon.colcon_core.shell:Creating environment descriptor '/home/ksj/ros2_fin/install/car_msgs/share/car_msgs/hook/pythonpath.dsv'
[13.605s] INFO:colcon.colcon_core.shell:Creating environment hook '/home/ksj/ros2_fin/install/car_msgs/share/car_msgs/hook/pythonpath.sh'
[13.605s] Level 1:colcon.colcon_core.environment:checking '/home/ksj/ros2_fin/install/car_msgs/bin'
[13.605s] INFO:colcon.colcon_core.shell:Creating package script '/home/ksj/ros2_fin/install/car_msgs/share/car_msgs/package.ps1'
[13.606s] INFO:colcon.colcon_core.shell:Creating package descriptor '/home/ksj/ros2_fin/install/car_msgs/share/car_msgs/package.dsv'
[13.606s] INFO:colcon.colcon_core.shell:Creating package script '/home/ksj/ros2_fin/install/car_msgs/share/car_msgs/package.sh'
[13.607s] INFO:colcon.colcon_core.shell:Creating package script '/home/ksj/ros2_fin/install/car_msgs/share/car_msgs/package.bash'
[13.607s] INFO:colcon.colcon_core.shell:Creating package script '/home/ksj/ros2_fin/install/car_msgs/share/car_msgs/package.zsh'
[13.608s] Level 1:colcon.colcon_core.environment:create_file_with_runtime_dependencies(/home/ksj/ros2_fin/install/car_msgs/share/colcon-core/packages/car_msgs)
[13.608s] Level 1:colcon.colcon_core.environment:create_environment_scripts_only(car_msgs)
[13.609s] Level 1:colcon.colcon_core.environment:checking '/home/ksj/ros2_fin/install/car_msgs' for CMake module files
[13.609s] Level 1:colcon.colcon_core.environment:checking '/home/ksj/ros2_fin/install/car_msgs' for CMake config files
[13.609s] Level 1:colcon.colcon_core.shell:create_environment_hook('car_msgs', 'cmake_prefix_path')
[13.609s] INFO:colcon.colcon_core.shell:Creating environment hook '/home/ksj/ros2_fin/install/car_msgs/share/car_msgs/hook/cmake_prefix_path.ps1'
[13.610s] INFO:colcon.colcon_core.shell:Creating environment descriptor '/home/ksj/ros2_fin/install/car_msgs/share/car_msgs/hook/cmake_prefix_path.dsv'
[13.610s] INFO:colcon.colcon_core.shell:Creating environment hook '/home/ksj/ros2_fin/install/car_msgs/share/car_msgs/hook/cmake_prefix_path.sh'
[13.610s] Level 1:colcon.colcon_core.environment:checking '/home/ksj/ros2_fin/install/car_msgs/lib'
[13.610s] Level 1:colcon.colcon_core.shell:create_environment_hook('car_msgs', 'ld_library_path_lib')
[13.611s] INFO:colcon.colcon_core.shell:Creating environment hook '/home/ksj/ros2_fin/install/car_msgs/share/car_msgs/hook/ld_library_path_lib.ps1'
[13.611s] INFO:colcon.colcon_core.shell:Creating environment descriptor '/home/ksj/ros2_fin/install/car_msgs/share/car_msgs/hook/ld_library_path_lib.dsv'
[13.611s] INFO:colcon.colcon_core.shell:Creating environment hook '/home/ksj/ros2_fin/install/car_msgs/share/car_msgs/hook/ld_library_path_lib.sh'
[13.611s] Level 1:colcon.colcon_core.environment:checking '/home/ksj/ros2_fin/install/car_msgs/bin'
[13.611s] Level 1:colcon.colcon_core.environment:checking '/home/ksj/ros2_fin/install/car_msgs/lib/pkgconfig/car_msgs.pc'
[13.611s] Level 1:colcon.colcon_core.environment:checking '/home/ksj/ros2_fin/install/car_msgs/lib/python3.12/site-packages'
[13.612s] Level 1:colcon.colcon_core.shell:create_environment_hook('car_msgs', 'pythonpath')
[13.612s] INFO:colcon.colcon_core.shell:Creating environment hook '/home/ksj/ros2_fin/install/car_msgs/share/car_msgs/hook/pythonpath.ps1'
[13.612s] INFO:colcon.colcon_core.shell:Creating environment descriptor '/home/ksj/ros2_fin/install/car_msgs/share/car_msgs/hook/pythonpath.dsv'
[13.612s] INFO:colcon.colcon_core.shell:Creating environment hook '/home/ksj/ros2_fin/install/car_msgs/share/car_msgs/hook/pythonpath.sh'
[13.613s] Level 1:colcon.colcon_core.environment:checking '/home/ksj/ros2_fin/install/car_msgs/bin'
[13.613s] INFO:colcon.colcon_core.shell:Creating package script '/home/ksj/ros2_fin/install/car_msgs/share/car_msgs/package.ps1'
[13.613s] INFO:colcon.colcon_core.shell:Creating package descriptor '/home/ksj/ros2_fin/install/car_msgs/share/car_msgs/package.dsv'
[13.614s] INFO:colcon.colcon_core.shell:Creating package script '/home/ksj/ros2_fin/install/car_msgs/share/car_msgs/package.sh'
[13.614s] INFO:colcon.colcon_core.shell:Creating package script '/home/ksj/ros2_fin/install/car_msgs/share/car_msgs/package.bash'
[13.614s] INFO:colcon.colcon_core.shell:Creating package script '/home/ksj/ros2_fin/install/car_msgs/share/car_msgs/package.zsh'
[13.615s] Level 1:colcon.colcon_core.environment:create_file_with_runtime_dependencies(/home/ksj/ros2_fin/install/car_msgs/share/colcon-core/packages/car_msgs)
[13.615s] INFO:colcon.colcon_ros.task.ament_python.build:Building ROS package in '/home/ksj/ros2_fin/car_comms' with build type 'ament_python'
[13.615s] Level 1:colcon.colcon_core.shell:create_environment_hook('car_comms', 'ament_prefix_path')
[13.615s] INFO:colcon.colcon_core.shell:Creating environment hook '/home/ksj/ros2_fin/install/car_comms/share/car_comms/hook/ament_prefix_path.ps1'
[13.616s] INFO:colcon.colcon_core.shell:Creating environment descriptor '/home/ksj/ros2_fin/install/car_comms/share/car_comms/hook/ament_prefix_path.dsv'
[13.616s] INFO:colcon.colcon_core.shell:Creating environment hook '/home/ksj/ros2_fin/install/car_comms/share/car_comms/hook/ament_prefix_path.sh'
[13.617s] INFO:colcon.colcon_core.shell:Skip shell extension 'powershell' for command environment: Not usable outside of PowerShell
[13.617s] DEBUG:colcon.colcon_core.shell:Skip shell extension 'dsv' for command environment
[13.619s] INFO:colcon.colcon_ros.task.ament_python.build:Building ROS package in '/home/ksj/ros2_fin/car_control' with build type 'ament_python'
[13.619s] Level 1:colcon.colcon_core.shell:create_environment_hook('car_control', 'ament_prefix_path')
[13.619s] INFO:colcon.colcon_core.shell:Creating environment hook '/home/ksj/ros2_fin/install/car_control/share/car_control/hook/ament_prefix_path.ps1'
[13.619s] INFO:colcon.colcon_core.shell:Creating environment descriptor '/home/ksj/ros2_fin/install/car_control/share/car_control/hook/ament_prefix_path.dsv'
[13.619s] INFO:colcon.colcon_core.shell:Creating environment hook '/home/ksj/ros2_fin/install/car_control/share/car_control/hook/ament_prefix_path.sh'
[13.620s] INFO:colcon.colcon_core.shell:Skip shell extension 'powershell' for command environment: Not usable outside of PowerShell
[13.620s] DEBUG:colcon.colcon_core.shell:Skip shell extension 'dsv' for command environment
[13.622s] INFO:colcon.colcon_ros.task.ament_python.build:Building ROS package in '/home/ksj/ros2_fin/car_planning' with build type 'ament_python'
[13.622s] Level 1:colcon.colcon_core.shell:create_environment_hook('car_planning', 'ament_prefix_path')
[13.622s] INFO:colcon.colcon_core.shell:Creating environment hook '/home/ksj/ros2_fin/install/car_planning/share/car_planning/hook/ament_prefix_path.ps1'
[13.623s] INFO:colcon.colcon_core.shell:Creating environment descriptor '/home/ksj/ros2_fin/install/car_planning/share/car_planning/hook/ament_prefix_path.dsv'
[13.623s] INFO:colcon.colcon_core.shell:Creating environment hook '/home/ksj/ros2_fin/install/car_planning/share/car_planning/hook/ament_prefix_path.sh'
[13.623s] INFO:colcon.colcon_core.shell:Skip shell extension 'powershell' for command environment: Not usable outside of PowerShell
[13.624s] DEBUG:colcon.colcon_core.shell:Skip shell extension 'dsv' for command environment
[13.894s] INFO:colcon.colcon_core.task.python.build:Building Python package in '/home/ksj/ros2_fin/car_comms'
[13.894s] INFO:colcon.colcon_core.shell:Skip shell extension 'powershell' for command environment: Not usable outside of PowerShell
[13.894s] DEBUG:colcon.colcon_core.shell:Skip shell extension 'dsv' for command environment
[14.184s] INFO:colcon.colcon_core.task.python.build:Building Python package in '/home/ksj/ros2_fin/car_control'
[14.185s] INFO:colcon.colcon_core.shell:Skip shell extension 'powershell' for command environment: Not usable outside of PowerShell
[14.185s] DEBUG:colcon.colcon_core.shell:Skip shell extension 'dsv' for command environment
[14.464s] INFO:colcon.colcon_core.task.python.build:Building Python package in '/home/ksj/ros2_fin/car_planning'
[14.465s] INFO:colcon.colcon_core.shell:Skip shell extension 'powershell' for command environment: Not usable outside of PowerShell
[14.465s] DEBUG:colcon.colcon_core.shell:Skip shell extension 'dsv' for command environment
[15.405s] DEBUG:colcon.colcon_core.event_handler.log_command:Invoking command in '/home/ksj/ros2_fin/car_comms': AMENT_PREFIX_PATH=/home/ksj/ros2_fin/install/car_msgs:${AMENT_PREFIX_PATH} CMAKE_PREFIX_PATH=/home/ksj/ros2_fin/install/car_msgs:${CMAKE_PREFIX_PATH} DEBUGINFOD_URLS=https://debuginfod.ubuntu.com LD_LIBRARY_PATH=/home/ksj/ros2_fin/install/car_msgs/lib:${LD_LIBRARY_PATH} PYTHONPATH=/home/ksj/ros2_fin/build/car_comms/prefix_override:/usr/lib/python3/dist-packages/colcon_core/task/python/colcon_distutils_commands:/home/ksj/ros2_fin/install/car_comms/lib/python3.12/site-packages:/home/ksj/ros2_fin/install/car_msgs/lib/python3.12/site-packages:${PYTHONPATH} /usr/bin/python3 -W ignore:setup.py install is deprecated -W ignore:easy_install command is deprecated setup.py egg_info --egg-base ../build/car_comms build --build-base /home/ksj/ros2_fin/build/car_comms/build install --record /home/ksj/ros2_fin/build/car_comms/install.log --single-version-externally-managed install_data
[15.416s] DEBUG:colcon.colcon_core.event_handler.log_command:Invoking command in '/home/ksj/ros2_fin/car_control': AMENT_PREFIX_PATH=/home/ksj/ros2_fin/install/car_msgs:${AMENT_PREFIX_PATH} CMAKE_PREFIX_PATH=/home/ksj/ros2_fin/install/car_msgs:${CMAKE_PREFIX_PATH} DEBUGINFOD_URLS=https://debuginfod.ubuntu.com LD_LIBRARY_PATH=/home/ksj/ros2_fin/install/car_msgs/lib:${LD_LIBRARY_PATH} PYTHONPATH=/home/ksj/ros2_fin/build/car_control/prefix_override:/usr/lib/python3/dist-packages/colcon_core/task/python/colcon_distutils_commands:/home/ksj/ros2_fin/install/car_control/lib/python3.12/site-packages:/home/ksj/ros2_fin/install/car_msgs/lib/python3.12/site-packages:${PYTHONPATH} /usr/bin/python3 -W ignore:setup.py install is deprecated -W ignore:easy_install command is deprecated setup.py egg_info --egg-base ../build/car_control build --build-base /home/ksj/ros2_fin/build/car_control/build install --record /home/ksj/ros2_fin/build/car_control/install.log --single-version-externally-managed install_data
[15.422s] DEBUG:colcon.colcon_core.event_handler.log_command:Invoking command in '/home/ksj/ros2_fin/car_planning': AMENT_PREFIX_PATH=/home/ksj/ros2_fin/install/car_msgs:${AMENT_PREFIX_PATH} CMAKE_PREFIX_PATH=/home/ksj/ros2_fin/install/car_msgs:${CMAKE_PREFIX_PATH} DEBUGINFOD_URLS=https://debuginfod.ubuntu.com LD_LIBRARY_PATH=/home/ksj/ros2_fin/install/car_msgs/lib:${LD_LIBRARY_PATH} PYTHONPATH=/home/ksj/ros2_fin/build/car_planning/prefix_override:/usr/lib/python3/dist-packages/colcon_core/task/python/colcon_distutils_commands:/home/ksj/ros2_fin/install/car_planning/lib/python3.12/site-packages:/home/ksj/ros2_fin/install/car_msgs/lib/python3.12/site-packages:${PYTHONPATH} /usr/bin/python3 -W ignore:setup.py install is deprecated -W ignore:easy_install command is deprecated setup.py egg_info --egg-base ../build/car_planning build --build-base /home/ksj/ros2_fin/build/car_planning/build install --record /home/ksj/ros2_fin/build/car_planning/install.log --single-version-externally-managed install_data
[16.183s] Level 1:colcon.colcon_core.environment:checking '/home/ksj/ros2_fin/install/car_control' for CMake module files
[16.184s] Level 1:colcon.colcon_core.environment:checking '/home/ksj/ros2_fin/install/car_control' for CMake config files
[16.184s] Level 1:colcon.colcon_core.environment:checking '/home/ksj/ros2_fin/install/car_control/lib'
[16.185s] Level 1:colcon.colcon_core.environment:checking '/home/ksj/ros2_fin/install/car_control/bin'
[16.185s] Level 1:colcon.colcon_core.environment:checking '/home/ksj/ros2_fin/install/car_control/lib/pkgconfig/car_control.pc'
[16.185s] Level 1:colcon.colcon_core.environment:checking '/home/ksj/ros2_fin/install/car_control/lib/python3.12/site-packages'
[16.185s] Level 1:colcon.colcon_core.shell:create_environment_hook('car_control', 'pythonpath')
[16.185s] INFO:colcon.colcon_core.shell:Creating environment hook '/home/ksj/ros2_fin/install/car_control/share/car_control/hook/pythonpath.ps1'
[16.186s] DEBUG:colcon.colcon_core.event_handler.log_command:Invoked command in '/home/ksj/ros2_fin/car_control' returned '0': AMENT_PREFIX_PATH=/home/ksj/ros2_fin/install/car_msgs:${AMENT_PREFIX_PATH} CMAKE_PREFIX_PATH=/home/ksj/ros2_fin/install/car_msgs:${CMAKE_PREFIX_PATH} DEBUGINFOD_URLS=https://debuginfod.ubuntu.com LD_LIBRARY_PATH=/home/ksj/ros2_fin/install/car_msgs/lib:${LD_LIBRARY_PATH} PYTHONPATH=/home/ksj/ros2_fin/build/car_control/prefix_override:/usr/lib/python3/dist-packages/colcon_core/task/python/colcon_distutils_commands:/home/ksj/ros2_fin/install/car_control/lib/python3.12/site-packages:/home/ksj/ros2_fin/install/car_msgs/lib/python3.12/site-packages:${PYTHONPATH} /usr/bin/python3 -W ignore:setup.py install is deprecated -W ignore:easy_install command is deprecated setup.py egg_info --egg-base ../build/car_control build --build-base /home/ksj/ros2_fin/build/car_control/build install --record /home/ksj/ros2_fin/build/car_control/install.log --single-version-externally-managed install_data
[16.186s] INFO:colcon.colcon_core.shell:Creating environment descriptor '/home/ksj/ros2_fin/install/car_control/share/car_control/hook/pythonpath.dsv'
[16.187s] INFO:colcon.colcon_core.shell:Creating environment hook '/home/ksj/ros2_fin/install/car_control/share/car_control/hook/pythonpath.sh'
[16.187s] Level 1:colcon.colcon_core.environment:checking '/home/ksj/ros2_fin/install/car_control/bin'
[16.187s] Level 1:colcon.colcon_core.environment:create_environment_scripts_only(car_control)
[16.188s] INFO:colcon.colcon_core.shell:Creating package script '/home/ksj/ros2_fin/install/car_control/share/car_control/package.ps1'
[16.188s] INFO:colcon.colcon_core.shell:Creating package descriptor '/home/ksj/ros2_fin/install/car_control/share/car_control/package.dsv'
[16.188s] INFO:colcon.colcon_core.shell:Creating package script '/home/ksj/ros2_fin/install/car_control/share/car_control/package.sh'
[16.189s] INFO:colcon.colcon_core.shell:Creating package script '/home/ksj/ros2_fin/install/car_control/share/car_control/package.bash'
[16.189s] INFO:colcon.colcon_core.shell:Creating package script '/home/ksj/ros2_fin/install/car_control/share/car_control/package.zsh'
[16.189s] Level 1:colcon.colcon_core.environment:create_file_with_runtime_dependencies(/home/ksj/ros2_fin/install/car_control/share/colcon-core/packages/car_control)
[16.191s] Level 1:colcon.colcon_core.environment:checking '/home/ksj/ros2_fin/install/car_comms' for CMake module files
[16.192s] DEBUG:colcon.colcon_core.event_handler.log_command:Invoked command in '/home/ksj/ros2_fin/car_comms' returned '0': AMENT_PREFIX_PATH=/home/ksj/ros2_fin/install/car_msgs:${AMENT_PREFIX_PATH} CMAKE_PREFIX_PATH=/home/ksj/ros2_fin/install/car_msgs:${CMAKE_PREFIX_PATH} DEBUGINFOD_URLS=https://debuginfod.ubuntu.com LD_LIBRARY_PATH=/home/ksj/ros2_fin/install/car_msgs/lib:${LD_LIBRARY_PATH} PYTHONPATH=/home/ksj/ros2_fin/build/car_comms/prefix_override:/usr/lib/python3/dist-packages/colcon_core/task/python/colcon_distutils_commands:/home/ksj/ros2_fin/install/car_comms/lib/python3.12/site-packages:/home/ksj/ros2_fin/install/car_msgs/lib/python3.12/site-packages:${PYTHONPATH} /usr/bin/python3 -W ignore:setup.py install is deprecated -W ignore:easy_install command is deprecated setup.py egg_info --egg-base ../build/car_comms build --build-base /home/ksj/ros2_fin/build/car_comms/build install --record /home/ksj/ros2_fin/build/car_comms/install.log --single-version-externally-managed install_data
[16.193s] Level 1:colcon.colcon_core.environment:checking '/home/ksj/ros2_fin/install/car_comms' for CMake config files
[16.193s] Level 1:colcon.colcon_core.environment:checking '/home/ksj/ros2_fin/install/car_comms/lib'
[16.194s] Level 1:colcon.colcon_core.environment:checking '/home/ksj/ros2_fin/install/car_comms/bin'
[16.194s] Level 1:colcon.colcon_core.environment:checking '/home/ksj/ros2_fin/install/car_comms/lib/pkgconfig/car_comms.pc'
[16.194s] Level 1:colcon.colcon_core.environment:checking '/home/ksj/ros2_fin/install/car_comms/lib/python3.12/site-packages'
[16.195s] Level 1:colcon.colcon_core.shell:create_environment_hook('car_comms', 'pythonpath')
[16.195s] INFO:colcon.colcon_core.shell:Creating environment hook '/home/ksj/ros2_fin/install/car_comms/share/car_comms/hook/pythonpath.ps1'
[16.196s] INFO:colcon.colcon_core.shell:Creating environment descriptor '/home/ksj/ros2_fin/install/car_comms/share/car_comms/hook/pythonpath.dsv'
[16.196s] INFO:colcon.colcon_core.shell:Creating environment hook '/home/ksj/ros2_fin/install/car_comms/share/car_comms/hook/pythonpath.sh'
[16.197s] Level 1:colcon.colcon_core.environment:checking '/home/ksj/ros2_fin/install/car_comms/bin'
[16.197s] Level 1:colcon.colcon_core.environment:create_environment_scripts_only(car_comms)
[16.197s] INFO:colcon.colcon_core.shell:Creating package script '/home/ksj/ros2_fin/install/car_comms/share/car_comms/package.ps1'
[16.197s] INFO:colcon.colcon_core.shell:Creating package descriptor '/home/ksj/ros2_fin/install/car_comms/share/car_comms/package.dsv'
[16.198s] INFO:colcon.colcon_core.shell:Creating package script '/home/ksj/ros2_fin/install/car_comms/share/car_comms/package.sh'
[16.198s] INFO:colcon.colcon_core.shell:Creating package script '/home/ksj/ros2_fin/install/car_comms/share/car_comms/package.bash'
[16.198s] INFO:colcon.colcon_core.shell:Creating package script '/home/ksj/ros2_fin/install/car_comms/share/car_comms/package.zsh'
[16.199s] Level 1:colcon.colcon_core.environment:create_file_with_runtime_dependencies(/home/ksj/ros2_fin/install/car_comms/share/colcon-core/packages/car_comms)
[16.199s] Level 1:colcon.colcon_core.environment:checking '/home/ksj/ros2_fin/install/car_planning' for CMake module files
[16.200s] DEBUG:colcon.colcon_core.event_handler.log_command:Invoked command in '/home/ksj/ros2_fin/car_planning' returned '0': AMENT_PREFIX_PATH=/home/ksj/ros2_fin/install/car_msgs:${AMENT_PREFIX_PATH} CMAKE_PREFIX_PATH=/home/ksj/ros2_fin/install/car_msgs:${CMAKE_PREFIX_PATH} DEBUGINFOD_URLS=https://debuginfod.ubuntu.com LD_LIBRARY_PATH=/home/ksj/ros2_fin/install/car_msgs/lib:${LD_LIBRARY_PATH} PYTHONPATH=/home/ksj/ros2_fin/build/car_planning/prefix_override:/usr/lib/python3/dist-packages/colcon_core/task/python/colcon_distutils_commands:/home/ksj/ros2_fin/install/car_planning/lib/python3.12/site-packages:/home/ksj/ros2_fin/install/car_msgs/lib/python3.12/site-packages:${PYTHONPATH} /usr/bin/python3 -W ignore:setup.py install is deprecated -W ignore:easy_install command is deprecated setup.py egg_info --egg-base ../build/car_planning build --build-base /home/ksj/ros2_fin/build/car_planning/build install --record /home/ksj/ros2_fin/build/car_planning/install.log --single-version-externally-managed install_data
[16.200s] Level 1:colcon.colcon_core.environment:checking '/home/ksj/ros2_fin/install/car_planning' for CMake config files
[16.201s] Level 1:colcon.colcon_core.environment:checking '/home/ksj/ros2_fin/install/car_planning/lib'
[16.201s] Level 1:colcon.colcon_core.environment:checking '/home/ksj/ros2_fin/install/car_planning/bin'
[16.201s] Level 1:colcon.colcon_core.environment:checking '/home/ksj/ros2_fin/install/car_planning/lib/pkgconfig/car_planning.pc'
[16.202s] Level 1:colcon.colcon_core.environment:checking '/home/ksj/ros2_fin/install/car_planning/lib/python3.12/site-packages'
[16.202s] Level 1:colcon.colcon_core.shell:create_environment_hook('car_planning', 'pythonpath')
[16.202s] INFO:colcon.colcon_core.shell:Creating environment hook '/home/ksj/ros2_fin/install/car_planning/share/car_planning/hook/pythonpath.ps1'
[16.202s] INFO:colcon.colcon_core.shell:Creating environment descriptor '/home/ksj/ros2_fin/install/car_planning/share/car_planning/hook/pythonpath.dsv'
[16.202s] INFO:colcon.colcon_core.shell:Creating environment hook '/home/ksj/ros2_fin/install/car_planning/share/car_planning/hook/pythonpath.sh'
[16.203s] Level 1:colcon.colcon_core.environment:checking '/home/ksj/ros2_fin/install/car_planning/bin'
[16.203s] Level 1:colcon.colcon_core.environment:create_environment_scripts_only(car_planning)
[16.203s] INFO:colcon.colcon_core.shell:Creating package script '/home/ksj/ros2_fin/install/car_planning/share/car_planning/package.ps1'
[16.203s] INFO:colcon.colcon_core.shell:Creating package descriptor '/home/ksj/ros2_fin/install/car_planning/share/car_planning/package.dsv'
[16.204s] INFO:colcon.colcon_core.shell:Creating package script '/home/ksj/ros2_fin/install/car_planning/share/car_planning/package.sh'
[16.204s] INFO:colcon.colcon_core.shell:Creating package script '/home/ksj/ros2_fin/install/car_planning/share/car_planning/package.bash'
[16.204s] INFO:colcon.colcon_core.shell:Creating package script '/home/ksj/ros2_fin/install/car_planning/share/car_planning/package.zsh'
[16.205s] Level 1:colcon.colcon_core.environment:create_file_with_runtime_dependencies(/home/ksj/ros2_fin/install/car_planning/share/colcon-core/packages/car_planning)
[16.205s] DEBUG:colcon.colcon_parallel_executor.executor.parallel:closing loop
[16.205s] DEBUG:colcon.colcon_parallel_executor.executor.parallel:loop closed
[16.205s] DEBUG:colcon.colcon_parallel_executor.executor.parallel:run_until_complete finished with '0'
[16.205s] DEBUG:colcon.colcon_core.event_reactor:joining thread
[16.214s] INFO:colcon.colcon_core.plugin_system:Skipping extension 'colcon_notification.desktop_notification.terminal_notifier': Not used on non-Darwin systems
[16.214s] INFO:colcon.colcon_core.plugin_system:Skipping extension 'colcon_notification.desktop_notification.win32': Not used on non-Windows systems
[16.214s] INFO:colcon.colcon_notification.desktop_notification:Sending desktop notification using 'notify2'
[16.227s] DEBUG:colcon.colcon_core.event_reactor:joined thread
[16.228s] INFO:colcon.colcon_core.shell:Creating prefix script '/home/ksj/ros2_fin/install/local_setup.ps1'
[16.229s] INFO:colcon.colcon_core.shell:Creating prefix util module '/home/ksj/ros2_fin/install/_local_setup_util_ps1.py'
[16.230s] INFO:colcon.colcon_core.shell:Creating prefix chain script '/home/ksj/ros2_fin/install/setup.ps1'
[16.231s] INFO:colcon.colcon_core.shell:Creating prefix script '/home/ksj/ros2_fin/install/local_setup.sh'
[16.231s] INFO:colcon.colcon_core.shell:Creating prefix util module '/home/ksj/ros2_fin/install/_local_setup_util_sh.py'
[16.231s] INFO:colcon.colcon_core.shell:Creating prefix chain script '/home/ksj/ros2_fin/install/setup.sh'
[16.232s] INFO:colcon.colcon_core.shell:Creating prefix script '/home/ksj/ros2_fin/install/local_setup.bash'
[16.233s] INFO:colcon.colcon_core.shell:Creating prefix chain script '/home/ksj/ros2_fin/install/setup.bash'
[16.233s] INFO:colcon.colcon_core.shell:Creating prefix script '/home/ksj/ros2_fin/install/local_setup.zsh'
[16.234s] INFO:colcon.colcon_core.shell:Creating prefix chain script '/home/ksj/ros2_fin/install/setup.zsh'
