[0.013s] Invoking command in '/home/ksj/ros2_fin/build/car_msgs': CMAKE_PREFIX_PATH=${CMAKE_PREFIX_PATH}:/opt/ros/jazzy DEBUGINFOD_URLS=https://debuginfod.ubuntu.com /usr/bin/cmake /home/ksj/ros2_fin/car_msgs -DCMAKE_INSTALL_PREFIX=/home/ksj/ros2_fin/install/car_msgs
[0.172s] -- The C compiler identification is GNU 13.3.0
[0.323s] -- The CXX compiler identification is GNU 13.3.0
[0.358s] -- Detecting C compiler ABI info
[0.475s] -- Detecting C compiler ABI info - done
[0.488s] -- Check for working C compiler: /usr/bin/cc - skipped
[0.490s] -- Detecting C compile features
[0.490s] -- Detecting C compile features - done
[0.499s] -- Detecting CXX compiler ABI info
[0.612s] -- Detecting CXX compiler ABI info - done
[0.620s] -- Check for working CXX compiler: /usr/bin/c++ - skipped
[0.620s] -- Detecting CXX compile features
[0.621s] -- Detecting CXX compile features - done
[0.629s] -- Found ament_cmake: 2.5.4 (/opt/ros/jazzy/share/ament_cmake/cmake)
[1.202s] -- Found Python3: /home/ksj/.pyenv/shims/python3 (found version "3.12.3") found components: Interpreter 
[1.396s] -- Found rosidl_default_generators: 1.6.0 (/opt/ros/jazzy/share/rosidl_default_generators/cmake)
[1.409s] -- Using all available rosidl_typesupport_c: rosidl_typesupport_fastrtps_c;rosidl_typesupport_introspection_c
[1.482s] -- Using all available rosidl_typesupport_cpp: rosidl_typesupport_fastrtps_cpp;rosidl_typesupport_introspection_cpp
[1.555s] -- Found rosidl_adapter: 4.6.6 (/opt/ros/jazzy/share/rosidl_adapter/cmake)
[1.561s] -- Found builtin_interfaces: 2.0.3 (/opt/ros/jazzy/share/builtin_interfaces/cmake)
[3.581s] -- Found ament_cmake_ros: 0.12.0 (/opt/ros/jazzy/share/ament_cmake_ros/cmake)
[5.213s] -- Using all available rosidl_typesupport_c: rosidl_typesupport_fastrtps_c;rosidl_typesupport_introspection_c
[7.499s] -- Using all available rosidl_typesupport_cpp: rosidl_typesupport_fastrtps_cpp;rosidl_typesupport_introspection_cpp
[7.507s] -- Found python_cmake_module: 0.11.1 (/opt/ros/jazzy/share/python_cmake_module/cmake)
[8.057s] -- Found PythonExtra: /home/ksj/.pyenv/shims/python3  
[9.423s] -- Found Python3: /home/ksj/.pyenv/shims/python3 (found version "3.12.3") found components: Interpreter Development NumPy Development.Module Development.Embed 
[9.532s] -- Found ament_lint_auto: 0.17.3 (/opt/ros/jazzy/share/ament_lint_auto/cmake)
[9.543s] -- Configuring done (9.5s)
[9.592s] -- Generating done (0.0s)
[9.609s] -- Build files have been written to: /home/ksj/ros2_fin/build/car_msgs
[9.618s] Invoked command in '/home/ksj/ros2_fin/build/car_msgs' returned '0': CMAKE_PREFIX_PATH=${CMAKE_PREFIX_PATH}:/opt/ros/jazzy DEBUGINFOD_URLS=https://debuginfod.ubuntu.com /usr/bin/cmake /home/ksj/ros2_fin/car_msgs -DCMAKE_INSTALL_PREFIX=/home/ksj/ros2_fin/install/car_msgs
[9.620s] Invoking command in '/home/ksj/ros2_fin/build/car_msgs': CMAKE_PREFIX_PATH=${CMAKE_PREFIX_PATH}:/opt/ros/jazzy DEBUGINFOD_URLS=https://debuginfod.ubuntu.com /usr/bin/cmake --build /home/ksj/ros2_fin/build/car_msgs -- -j16 -l16
[9.663s] [  2%] [34m[1mGenerating type hashes for ROS interfaces[0m
[9.674s] [  2%] Built target ament_cmake_python_copy_car_msgs
[10.009s] running egg_info
[10.010s] creating car_msgs.egg-info
[10.017s] [  2%] Built target car_msgs__rosidl_generator_type_description
[10.025s] [  5%] [34m[1mGenerating C code for ROS interfaces[0m
[10.028s] writing car_msgs.egg-info/PKG-INFO
[10.029s] writing dependency_links to car_msgs.egg-info/dependency_links.txt
[10.029s] writing top-level names to car_msgs.egg-info/top_level.txt
[10.029s] writing manifest file 'car_msgs.egg-info/SOURCES.txt'
[10.037s] [  8%] [34m[1mGenerating C++ code for ROS interfaces[0m
[10.118s] reading manifest file 'car_msgs.egg-info/SOURCES.txt'
[10.119s] writing manifest file 'car_msgs.egg-info/SOURCES.txt'
[10.145s] [  8%] Built target ament_cmake_python_build_car_msgs_egg
[10.455s] [  8%] Built target car_msgs__cpp
[10.487s] [ 17%] [32mBuilding C object CMakeFiles/car_msgs__rosidl_generator_c.dir/rosidl_generator_c/car_msgs/msg/detail/v2_v_alert__functions.c.o[0m
[10.487s] [ 17%] [32mBuilding C object CMakeFiles/car_msgs__rosidl_generator_c.dir/rosidl_generator_c/car_msgs/msg/detail/v2_v_alert__type_support.c.o[0m
[10.487s] [ 17%] [32mBuilding C object CMakeFiles/car_msgs__rosidl_generator_c.dir/rosidl_generator_c/car_msgs/msg/detail/v2_v_alert__description.c.o[0m
[10.567s] [ 20%] [32m[1mLinking C shared library libcar_msgs__rosidl_generator_c.so[0m
[10.618s] [ 20%] Built target car_msgs__rosidl_generator_c
[10.626s] [ 29%] [34m[1mGenerating C introspection for ROS interfaces[0m
[10.626s] [ 29%] [34m[1mGenerating C type support dispatch for ROS interfaces[0m
[10.626s] [ 29%] [34m[1mGenerating C++ type support for eProsima Fast-RTPS[0m
[10.626s] [ 32%] [34m[1mGenerating C++ type support dispatch for ROS interfaces[0m
[10.627s] [ 35%] [34m[1mGenerating C++ introspection for ROS interfaces[0m
[10.628s] [ 38%] [34m[1mGenerating C type support for eProsima Fast-RTPS[0m
[11.008s] [ 41%] [32mBuilding CXX object CMakeFiles/car_msgs__rosidl_typesupport_c.dir/rosidl_typesupport_c/car_msgs/msg/v2_v_alert__type_support.cpp.o[0m
[11.066s] [ 44%] [32mBuilding CXX object CMakeFiles/car_msgs__rosidl_typesupport_introspection_cpp.dir/rosidl_typesupport_introspection_cpp/car_msgs/msg/detail/v2_v_alert__type_support.cpp.o[0m
[11.075s] [ 47%] [32mBuilding CXX object CMakeFiles/car_msgs__rosidl_typesupport_cpp.dir/rosidl_typesupport_cpp/car_msgs/msg/v2_v_alert__type_support.cpp.o[0m
[11.085s] [ 50%] [32mBuilding C object CMakeFiles/car_msgs__rosidl_typesupport_introspection_c.dir/rosidl_typesupport_introspection_c/car_msgs/msg/detail/v2_v_alert__type_support.c.o[0m
[11.093s] [ 52%] [32m[1mLinking CXX shared library libcar_msgs__rosidl_typesupport_c.so[0m
[11.114s] [ 55%] [32mBuilding CXX object CMakeFiles/car_msgs__rosidl_typesupport_fastrtps_cpp.dir/rosidl_typesupport_fastrtps_cpp/car_msgs/msg/detail/dds_fastrtps/v2_v_alert__type_support.cpp.o[0m
[11.127s] [ 58%] [32mBuilding CXX object CMakeFiles/car_msgs__rosidl_typesupport_fastrtps_c.dir/rosidl_typesupport_fastrtps_c/car_msgs/msg/detail/v2_v_alert__type_support_c.cpp.o[0m
[11.137s] [ 61%] [32m[1mLinking C shared library libcar_msgs__rosidl_typesupport_introspection_c.so[0m
[11.143s] [ 61%] Built target car_msgs__rosidl_typesupport_c
[11.175s] [ 61%] Built target car_msgs__rosidl_typesupport_introspection_c
[11.490s] [ 64%] [32m[1mLinking CXX shared library libcar_msgs__rosidl_typesupport_cpp.so[0m
[11.526s] [ 67%] [32m[1mLinking CXX shared library libcar_msgs__rosidl_typesupport_introspection_cpp.so[0m
[11.541s] [ 67%] Built target car_msgs__rosidl_typesupport_cpp
[11.618s] [ 67%] Built target car_msgs__rosidl_typesupport_introspection_cpp
[11.728s] [ 70%] [32m[1mLinking CXX shared library libcar_msgs__rosidl_typesupport_fastrtps_cpp.so[0m
[11.762s] [ 73%] [32m[1mLinking CXX shared library libcar_msgs__rosidl_typesupport_fastrtps_c.so[0m
[11.836s] [ 73%] Built target car_msgs__rosidl_typesupport_fastrtps_cpp
[11.853s] [ 73%] Built target car_msgs__rosidl_typesupport_fastrtps_c
[11.879s] [ 73%] Built target car_msgs
[11.908s] [ 76%] [34m[1mGenerating Python code for ROS interfaces[0m
[12.450s] [ 76%] Built target car_msgs__py
[12.466s] [ 79%] [32mBuilding C object CMakeFiles/car_msgs__rosidl_generator_py.dir/rosidl_generator_py/car_msgs/msg/_v2_v_alert_s.c.o[0m
[12.688s] [ 82%] [32m[1mLinking C shared library libcar_msgs__rosidl_generator_py.so[0m
[12.725s] [ 82%] Built target car_msgs__rosidl_generator_py
[12.750s] [ 85%] [32mBuilding C object CMakeFiles/car_msgs_s__rosidl_typesupport_c.dir/rosidl_generator_py/car_msgs/_car_msgs_s.ep.rosidl_typesupport_c.c.o[0m
[12.750s] [ 88%] [32mBuilding C object CMakeFiles/car_msgs_s__rosidl_typesupport_fastrtps_c.dir/rosidl_generator_py/car_msgs/_car_msgs_s.ep.rosidl_typesupport_fastrtps_c.c.o[0m
[12.751s] [ 91%] [32mBuilding C object CMakeFiles/car_msgs_s__rosidl_typesupport_introspection_c.dir/rosidl_generator_py/car_msgs/_car_msgs_s.ep.rosidl_typesupport_introspection_c.c.o[0m
[12.864s] [ 97%] [32m[1mLinking C shared module rosidl_generator_py/car_msgs/car_msgs_s__rosidl_typesupport_c.so[0m
[12.864s] [ 97%] [32m[1mLinking C shared module rosidl_generator_py/car_msgs/car_msgs_s__rosidl_typesupport_introspection_c.so[0m
[12.867s] [100%] [32m[1mLinking C shared module rosidl_generator_py/car_msgs/car_msgs_s__rosidl_typesupport_fastrtps_c.so[0m
[12.905s] [100%] Built target car_msgs_s__rosidl_typesupport_c
[12.908s] [100%] Built target car_msgs_s__rosidl_typesupport_introspection_c
[12.910s] [100%] Built target car_msgs_s__rosidl_typesupport_fastrtps_c
[12.929s] Invoked command in '/home/ksj/ros2_fin/build/car_msgs' returned '0': CMAKE_PREFIX_PATH=${CMAKE_PREFIX_PATH}:/opt/ros/jazzy DEBUGINFOD_URLS=https://debuginfod.ubuntu.com /usr/bin/cmake --build /home/ksj/ros2_fin/build/car_msgs -- -j16 -l16
[12.944s] Invoking command in '/home/ksj/ros2_fin/build/car_msgs': CMAKE_PREFIX_PATH=${CMAKE_PREFIX_PATH}:/opt/ros/jazzy DEBUGINFOD_URLS=https://debuginfod.ubuntu.com /usr/bin/cmake --install /home/ksj/ros2_fin/build/car_msgs
[12.953s] -- Install configuration: ""
[12.954s] -- Installing: /home/ksj/ros2_fin/install/car_msgs/share/ament_index/resource_index/rosidl_interfaces/car_msgs
[12.954s] -- Installing: /home/ksj/ros2_fin/install/car_msgs/share/car_msgs/msg/V2VAlert.json
[12.954s] -- Installing: /home/ksj/ros2_fin/install/car_msgs/include/car_msgs/car_msgs
[12.954s] -- Installing: /home/ksj/ros2_fin/install/car_msgs/include/car_msgs/car_msgs/msg
[12.955s] -- Installing: /home/ksj/ros2_fin/install/car_msgs/include/car_msgs/car_msgs/msg/detail
[12.955s] -- Installing: /home/ksj/ros2_fin/install/car_msgs/include/car_msgs/car_msgs/msg/detail/v2_v_alert__type_support.c
[12.955s] -- Installing: /home/ksj/ros2_fin/install/car_msgs/include/car_msgs/car_msgs/msg/detail/v2_v_alert__functions.c
[12.955s] -- Installing: /home/ksj/ros2_fin/install/car_msgs/include/car_msgs/car_msgs/msg/detail/v2_v_alert__struct.h
[12.955s] -- Installing: /home/ksj/ros2_fin/install/car_msgs/include/car_msgs/car_msgs/msg/detail/v2_v_alert__functions.h
[12.955s] -- Installing: /home/ksj/ros2_fin/install/car_msgs/include/car_msgs/car_msgs/msg/detail/v2_v_alert__description.c
[12.955s] -- Installing: /home/ksj/ros2_fin/install/car_msgs/include/car_msgs/car_msgs/msg/detail/v2_v_alert__type_support.h
[12.955s] -- Installing: /home/ksj/ros2_fin/install/car_msgs/include/car_msgs/car_msgs/msg/v2_v_alert.h
[12.955s] -- Installing: /home/ksj/ros2_fin/install/car_msgs/include/car_msgs/car_msgs/msg/rosidl_generator_c__visibility_control.h
[12.955s] -- Installing: /home/ksj/ros2_fin/install/car_msgs/share/car_msgs/environment/library_path.sh
[12.955s] -- Installing: /home/ksj/ros2_fin/install/car_msgs/share/car_msgs/environment/library_path.dsv
[12.955s] -- Installing: /home/ksj/ros2_fin/install/car_msgs/lib/libcar_msgs__rosidl_generator_c.so
[12.956s] -- Set non-toolchain portion of runtime path of "/home/ksj/ros2_fin/install/car_msgs/lib/libcar_msgs__rosidl_generator_c.so" to ""
[12.956s] -- Up-to-date: /home/ksj/ros2_fin/install/car_msgs/include/car_msgs/car_msgs
[12.956s] -- Up-to-date: /home/ksj/ros2_fin/install/car_msgs/include/car_msgs/car_msgs/msg
[12.956s] -- Up-to-date: /home/ksj/ros2_fin/install/car_msgs/include/car_msgs/car_msgs/msg/detail
[12.956s] -- Installing: /home/ksj/ros2_fin/install/car_msgs/include/car_msgs/car_msgs/msg/detail/v2_v_alert__rosidl_typesupport_fastrtps_c.h
[12.956s] -- Installing: /home/ksj/ros2_fin/install/car_msgs/include/car_msgs/car_msgs/msg/rosidl_typesupport_fastrtps_c__visibility_control.h
[12.956s] -- Installing: /home/ksj/ros2_fin/install/car_msgs/lib/libcar_msgs__rosidl_typesupport_fastrtps_c.so
[12.956s] -- Set non-toolchain portion of runtime path of "/home/ksj/ros2_fin/install/car_msgs/lib/libcar_msgs__rosidl_typesupport_fastrtps_c.so" to ""
[12.956s] -- Up-to-date: /home/ksj/ros2_fin/install/car_msgs/include/car_msgs/car_msgs
[12.956s] -- Up-to-date: /home/ksj/ros2_fin/install/car_msgs/include/car_msgs/car_msgs/msg
[12.956s] -- Up-to-date: /home/ksj/ros2_fin/install/car_msgs/include/car_msgs/car_msgs/msg/detail
[12.956s] -- Up-to-date: /home/ksj/ros2_fin/install/car_msgs/include/car_msgs/car_msgs/msg/detail/v2_v_alert__type_support.c
[12.957s] -- Installing: /home/ksj/ros2_fin/install/car_msgs/include/car_msgs/car_msgs/msg/detail/v2_v_alert__rosidl_typesupport_introspection_c.h
[12.957s] -- Installing: /home/ksj/ros2_fin/install/car_msgs/include/car_msgs/car_msgs/msg/rosidl_typesupport_introspection_c__visibility_control.h
[12.957s] -- Installing: /home/ksj/ros2_fin/install/car_msgs/lib/libcar_msgs__rosidl_typesupport_introspection_c.so
[12.957s] -- Set non-toolchain portion of runtime path of "/home/ksj/ros2_fin/install/car_msgs/lib/libcar_msgs__rosidl_typesupport_introspection_c.so" to ""
[12.957s] -- Installing: /home/ksj/ros2_fin/install/car_msgs/lib/libcar_msgs__rosidl_typesupport_c.so
[12.957s] -- Set non-toolchain portion of runtime path of "/home/ksj/ros2_fin/install/car_msgs/lib/libcar_msgs__rosidl_typesupport_c.so" to ""
[12.957s] -- Up-to-date: /home/ksj/ros2_fin/install/car_msgs/include/car_msgs/car_msgs
[12.957s] -- Up-to-date: /home/ksj/ros2_fin/install/car_msgs/include/car_msgs/car_msgs/msg
[12.957s] -- Up-to-date: /home/ksj/ros2_fin/install/car_msgs/include/car_msgs/car_msgs/msg/detail
[12.957s] -- Installing: /home/ksj/ros2_fin/install/car_msgs/include/car_msgs/car_msgs/msg/detail/v2_v_alert__builder.hpp
[12.957s] -- Installing: /home/ksj/ros2_fin/install/car_msgs/include/car_msgs/car_msgs/msg/detail/v2_v_alert__struct.hpp
[12.957s] -- Installing: /home/ksj/ros2_fin/install/car_msgs/include/car_msgs/car_msgs/msg/detail/v2_v_alert__traits.hpp
[12.958s] -- Installing: /home/ksj/ros2_fin/install/car_msgs/include/car_msgs/car_msgs/msg/detail/v2_v_alert__type_support.hpp
[12.958s] -- Installing: /home/ksj/ros2_fin/install/car_msgs/include/car_msgs/car_msgs/msg/v2_v_alert.hpp
[12.958s] -- Installing: /home/ksj/ros2_fin/install/car_msgs/include/car_msgs/car_msgs/msg/rosidl_generator_cpp__visibility_control.hpp
[12.958s] -- Up-to-date: /home/ksj/ros2_fin/install/car_msgs/include/car_msgs/car_msgs
[12.958s] -- Up-to-date: /home/ksj/ros2_fin/install/car_msgs/include/car_msgs/car_msgs/msg
[12.958s] -- Up-to-date: /home/ksj/ros2_fin/install/car_msgs/include/car_msgs/car_msgs/msg/detail
[12.958s] -- Installing: /home/ksj/ros2_fin/install/car_msgs/include/car_msgs/car_msgs/msg/detail/v2_v_alert__rosidl_typesupport_fastrtps_cpp.hpp
[12.958s] -- Installing: /home/ksj/ros2_fin/install/car_msgs/include/car_msgs/car_msgs/msg/detail/dds_fastrtps
[12.958s] -- Installing: /home/ksj/ros2_fin/install/car_msgs/include/car_msgs/car_msgs/msg/rosidl_typesupport_fastrtps_cpp__visibility_control.h
[12.958s] -- Installing: /home/ksj/ros2_fin/install/car_msgs/lib/libcar_msgs__rosidl_typesupport_fastrtps_cpp.so
[12.959s] -- Set non-toolchain portion of runtime path of "/home/ksj/ros2_fin/install/car_msgs/lib/libcar_msgs__rosidl_typesupport_fastrtps_cpp.so" to ""
[12.959s] -- Up-to-date: /home/ksj/ros2_fin/install/car_msgs/include/car_msgs/car_msgs
[12.959s] -- Up-to-date: /home/ksj/ros2_fin/install/car_msgs/include/car_msgs/car_msgs/msg
[12.959s] -- Up-to-date: /home/ksj/ros2_fin/install/car_msgs/include/car_msgs/car_msgs/msg/detail
[12.959s] -- Installing: /home/ksj/ros2_fin/install/car_msgs/include/car_msgs/car_msgs/msg/detail/v2_v_alert__rosidl_typesupport_introspection_cpp.hpp
[12.959s] -- Installing: /home/ksj/ros2_fin/install/car_msgs/include/car_msgs/car_msgs/msg/detail/v2_v_alert__type_support.cpp
[12.959s] -- Installing: /home/ksj/ros2_fin/install/car_msgs/lib/libcar_msgs__rosidl_typesupport_introspection_cpp.so
[12.959s] -- Set non-toolchain portion of runtime path of "/home/ksj/ros2_fin/install/car_msgs/lib/libcar_msgs__rosidl_typesupport_introspection_cpp.so" to ""
[12.959s] -- Installing: /home/ksj/ros2_fin/install/car_msgs/lib/libcar_msgs__rosidl_typesupport_cpp.so
[12.959s] -- Set non-toolchain portion of runtime path of "/home/ksj/ros2_fin/install/car_msgs/lib/libcar_msgs__rosidl_typesupport_cpp.so" to ""
[12.960s] -- Installing: /home/ksj/ros2_fin/install/car_msgs/share/car_msgs/environment/pythonpath.sh
[12.960s] -- Installing: /home/ksj/ros2_fin/install/car_msgs/share/car_msgs/environment/pythonpath.dsv
[12.960s] -- Installing: /home/ksj/ros2_fin/install/car_msgs/lib/python3.12/site-packages/car_msgs-0.0.0-py3.12.egg-info
[12.960s] -- Installing: /home/ksj/ros2_fin/install/car_msgs/lib/python3.12/site-packages/car_msgs-0.0.0-py3.12.egg-info/top_level.txt
[12.960s] -- Installing: /home/ksj/ros2_fin/install/car_msgs/lib/python3.12/site-packages/car_msgs-0.0.0-py3.12.egg-info/SOURCES.txt
[12.960s] -- Installing: /home/ksj/ros2_fin/install/car_msgs/lib/python3.12/site-packages/car_msgs-0.0.0-py3.12.egg-info/PKG-INFO
[12.960s] -- Installing: /home/ksj/ros2_fin/install/car_msgs/lib/python3.12/site-packages/car_msgs-0.0.0-py3.12.egg-info/dependency_links.txt
[12.960s] -- Installing: /home/ksj/ros2_fin/install/car_msgs/lib/python3.12/site-packages/car_msgs
[12.960s] -- Installing: /home/ksj/ros2_fin/install/car_msgs/lib/python3.12/site-packages/car_msgs/_car_msgs_s.ep.rosidl_typesupport_introspection_c.c
[12.960s] -- Installing: /home/ksj/ros2_fin/install/car_msgs/lib/python3.12/site-packages/car_msgs/car_msgs_s__rosidl_typesupport_c.so
[12.960s] -- Installing: /home/ksj/ros2_fin/install/car_msgs/lib/python3.12/site-packages/car_msgs/msg
[12.960s] -- Installing: /home/ksj/ros2_fin/install/car_msgs/lib/python3.12/site-packages/car_msgs/msg/_v2_v_alert.py
[12.961s] -- Installing: /home/ksj/ros2_fin/install/car_msgs/lib/python3.12/site-packages/car_msgs/msg/_v2_v_alert_s.c
[12.961s] -- Installing: /home/ksj/ros2_fin/install/car_msgs/lib/python3.12/site-packages/car_msgs/msg/__init__.py
[12.961s] -- Installing: /home/ksj/ros2_fin/install/car_msgs/lib/python3.12/site-packages/car_msgs/car_msgs_s__rosidl_typesupport_introspection_c.so
[12.961s] -- Installing: /home/ksj/ros2_fin/install/car_msgs/lib/python3.12/site-packages/car_msgs/_car_msgs_s.ep.rosidl_typesupport_c.c
[12.961s] -- Installing: /home/ksj/ros2_fin/install/car_msgs/lib/python3.12/site-packages/car_msgs/car_msgs_s__rosidl_typesupport_fastrtps_c.so
[12.961s] -- Installing: /home/ksj/ros2_fin/install/car_msgs/lib/python3.12/site-packages/car_msgs/__init__.py
[12.961s] -- Installing: /home/ksj/ros2_fin/install/car_msgs/lib/python3.12/site-packages/car_msgs/_car_msgs_s.ep.rosidl_typesupport_fastrtps_c.c
[13.064s] Listing '/home/ksj/ros2_fin/install/car_msgs/lib/python3.12/site-packages/car_msgs'...
[13.064s] Compiling '/home/ksj/ros2_fin/install/car_msgs/lib/python3.12/site-packages/car_msgs/__init__.py'...
[13.064s] Listing '/home/ksj/ros2_fin/install/car_msgs/lib/python3.12/site-packages/car_msgs/msg'...
[13.064s] Compiling '/home/ksj/ros2_fin/install/car_msgs/lib/python3.12/site-packages/car_msgs/msg/__init__.py'...
[13.064s] Compiling '/home/ksj/ros2_fin/install/car_msgs/lib/python3.12/site-packages/car_msgs/msg/_v2_v_alert.py'...
[13.069s] -- Installing: /home/ksj/ros2_fin/install/car_msgs/lib/python3.12/site-packages/car_msgs/car_msgs_s__rosidl_typesupport_fastrtps_c.so
[13.069s] -- Set non-toolchain portion of runtime path of "/home/ksj/ros2_fin/install/car_msgs/lib/python3.12/site-packages/car_msgs/car_msgs_s__rosidl_typesupport_fastrtps_c.so" to ""
[13.069s] -- Installing: /home/ksj/ros2_fin/install/car_msgs/lib/python3.12/site-packages/car_msgs/car_msgs_s__rosidl_typesupport_introspection_c.so
[13.070s] -- Set non-toolchain portion of runtime path of "/home/ksj/ros2_fin/install/car_msgs/lib/python3.12/site-packages/car_msgs/car_msgs_s__rosidl_typesupport_introspection_c.so" to ""
[13.070s] -- Installing: /home/ksj/ros2_fin/install/car_msgs/lib/python3.12/site-packages/car_msgs/car_msgs_s__rosidl_typesupport_c.so
[13.070s] -- Set non-toolchain portion of runtime path of "/home/ksj/ros2_fin/install/car_msgs/lib/python3.12/site-packages/car_msgs/car_msgs_s__rosidl_typesupport_c.so" to ""
[13.070s] -- Installing: /home/ksj/ros2_fin/install/car_msgs/lib/libcar_msgs__rosidl_generator_py.so
[13.070s] -- Set non-toolchain portion of runtime path of "/home/ksj/ros2_fin/install/car_msgs/lib/libcar_msgs__rosidl_generator_py.so" to ""
[13.070s] -- Installing: /home/ksj/ros2_fin/install/car_msgs/share/car_msgs/msg/V2VAlert.idl
[13.070s] -- Installing: /home/ksj/ros2_fin/install/car_msgs/share/car_msgs/msg/V2VAlert.msg
[13.070s] -- Installing: /home/ksj/ros2_fin/install/car_msgs/share/ament_index/resource_index/package_run_dependencies/car_msgs
[13.070s] -- Installing: /home/ksj/ros2_fin/install/car_msgs/share/ament_index/resource_index/parent_prefix_path/car_msgs
[13.071s] -- Installing: /home/ksj/ros2_fin/install/car_msgs/share/car_msgs/environment/ament_prefix_path.sh
[13.071s] -- Installing: /home/ksj/ros2_fin/install/car_msgs/share/car_msgs/environment/ament_prefix_path.dsv
[13.071s] -- Installing: /home/ksj/ros2_fin/install/car_msgs/share/car_msgs/environment/path.sh
[13.071s] -- Installing: /home/ksj/ros2_fin/install/car_msgs/share/car_msgs/environment/path.dsv
[13.071s] -- Installing: /home/ksj/ros2_fin/install/car_msgs/share/car_msgs/local_setup.bash
[13.071s] -- Installing: /home/ksj/ros2_fin/install/car_msgs/share/car_msgs/local_setup.sh
[13.071s] -- Installing: /home/ksj/ros2_fin/install/car_msgs/share/car_msgs/local_setup.zsh
[13.071s] -- Installing: /home/ksj/ros2_fin/install/car_msgs/share/car_msgs/local_setup.dsv
[13.071s] -- Installing: /home/ksj/ros2_fin/install/car_msgs/share/car_msgs/package.dsv
[13.071s] -- Installing: /home/ksj/ros2_fin/install/car_msgs/share/ament_index/resource_index/packages/car_msgs
[13.071s] -- Installing: /home/ksj/ros2_fin/install/car_msgs/share/car_msgs/cmake/export_car_msgs__rosidl_generator_cExport.cmake
[13.072s] -- Installing: /home/ksj/ros2_fin/install/car_msgs/share/car_msgs/cmake/export_car_msgs__rosidl_generator_cExport-noconfig.cmake
[13.072s] -- Installing: /home/ksj/ros2_fin/install/car_msgs/share/car_msgs/cmake/export_car_msgs__rosidl_typesupport_fastrtps_cExport.cmake
[13.072s] -- Installing: /home/ksj/ros2_fin/install/car_msgs/share/car_msgs/cmake/export_car_msgs__rosidl_typesupport_fastrtps_cExport-noconfig.cmake
[13.072s] -- Installing: /home/ksj/ros2_fin/install/car_msgs/share/car_msgs/cmake/car_msgs__rosidl_typesupport_introspection_cExport.cmake
[13.072s] -- Installing: /home/ksj/ros2_fin/install/car_msgs/share/car_msgs/cmake/car_msgs__rosidl_typesupport_introspection_cExport-noconfig.cmake
[13.072s] -- Installing: /home/ksj/ros2_fin/install/car_msgs/share/car_msgs/cmake/car_msgs__rosidl_typesupport_cExport.cmake
[13.072s] -- Installing: /home/ksj/ros2_fin/install/car_msgs/share/car_msgs/cmake/car_msgs__rosidl_typesupport_cExport-noconfig.cmake
[13.072s] -- Installing: /home/ksj/ros2_fin/install/car_msgs/share/car_msgs/cmake/export_car_msgs__rosidl_generator_cppExport.cmake
[13.072s] -- Installing: /home/ksj/ros2_fin/install/car_msgs/share/car_msgs/cmake/export_car_msgs__rosidl_typesupport_fastrtps_cppExport.cmake
[13.073s] -- Installing: /home/ksj/ros2_fin/install/car_msgs/share/car_msgs/cmake/export_car_msgs__rosidl_typesupport_fastrtps_cppExport-noconfig.cmake
[13.073s] -- Installing: /home/ksj/ros2_fin/install/car_msgs/share/car_msgs/cmake/car_msgs__rosidl_typesupport_introspection_cppExport.cmake
[13.073s] -- Installing: /home/ksj/ros2_fin/install/car_msgs/share/car_msgs/cmake/car_msgs__rosidl_typesupport_introspection_cppExport-noconfig.cmake
[13.073s] -- Installing: /home/ksj/ros2_fin/install/car_msgs/share/car_msgs/cmake/car_msgs__rosidl_typesupport_cppExport.cmake
[13.073s] -- Installing: /home/ksj/ros2_fin/install/car_msgs/share/car_msgs/cmake/car_msgs__rosidl_typesupport_cppExport-noconfig.cmake
[13.073s] -- Installing: /home/ksj/ros2_fin/install/car_msgs/share/car_msgs/cmake/export_car_msgs__rosidl_generator_pyExport.cmake
[13.073s] -- Installing: /home/ksj/ros2_fin/install/car_msgs/share/car_msgs/cmake/export_car_msgs__rosidl_generator_pyExport-noconfig.cmake
[13.074s] -- Installing: /home/ksj/ros2_fin/install/car_msgs/share/car_msgs/cmake/rosidl_cmake-extras.cmake
[13.074s] -- Installing: /home/ksj/ros2_fin/install/car_msgs/share/car_msgs/cmake/ament_cmake_export_dependencies-extras.cmake
[13.074s] -- Installing: /home/ksj/ros2_fin/install/car_msgs/share/car_msgs/cmake/ament_cmake_export_include_directories-extras.cmake
[13.074s] -- Installing: /home/ksj/ros2_fin/install/car_msgs/share/car_msgs/cmake/ament_cmake_export_libraries-extras.cmake
[13.074s] -- Installing: /home/ksj/ros2_fin/install/car_msgs/share/car_msgs/cmake/ament_cmake_export_targets-extras.cmake
[13.074s] -- Installing: /home/ksj/ros2_fin/install/car_msgs/share/car_msgs/cmake/rosidl_cmake_export_typesupport_targets-extras.cmake
[13.074s] -- Installing: /home/ksj/ros2_fin/install/car_msgs/share/car_msgs/cmake/rosidl_cmake_export_typesupport_libraries-extras.cmake
[13.074s] -- Installing: /home/ksj/ros2_fin/install/car_msgs/share/car_msgs/cmake/car_msgsConfig.cmake
[13.075s] -- Installing: /home/ksj/ros2_fin/install/car_msgs/share/car_msgs/cmake/car_msgsConfig-version.cmake
[13.075s] -- Installing: /home/ksj/ros2_fin/install/car_msgs/share/car_msgs/package.xml
[13.077s] Invoked command in '/home/ksj/ros2_fin/build/car_msgs' returned '0': CMAKE_PREFIX_PATH=${CMAKE_PREFIX_PATH}:/opt/ros/jazzy DEBUGINFOD_URLS=https://debuginfod.ubuntu.com /usr/bin/cmake --install /home/ksj/ros2_fin/build/car_msgs
