-- The C compiler identification is GNU 13.3.0
-- The CXX compiler identification is GNU 13.3.0
-- Detecting C compiler ABI info
-- Detecting C compiler ABI info - done
-- Check for working C compiler: /usr/bin/cc - skipped
-- Detecting C compile features
-- Detecting C compile features - done
-- Detecting CXX compiler ABI info
-- Detecting CXX compiler ABI info - done
-- Check for working CXX compiler: /usr/bin/c++ - skipped
-- Detecting CXX compile features
-- Detecting CXX compile features - done
-- Found ament_cmake: 2.5.4 (/opt/ros/jazzy/share/ament_cmake/cmake)
-- Found Python3: /usr/bin/python3 (found version "3.12.3") found components: Interpreter 
-- Found ament_lint_auto: 0.17.3 (/opt/ros/jazzy/share/ament_lint_auto/cmake)
-- Found rosidl_default_generators: 1.6.0 (/opt/ros/jazzy/share/rosidl_default_generators/cmake)
-- Using all available rosidl_typesupport_c: rosidl_typesupport_fastrtps_c;rosidl_typesupport_introspection_c
-- Using all available rosidl_typesupport_cpp: rosidl_typesupport_fastrtps_cpp;rosidl_typesupport_introspection_cpp
-- Found rosidl_adapter: 4.6.6 (/opt/ros/jazzy/share/rosidl_adapter/cmake)
-- Found std_msgs: 5.3.6 (/opt/ros/jazzy/share/std_msgs/cmake)
-- Found geometry_msgs: 5.3.6 (/opt/ros/jazzy/share/geometry_msgs/cmake)
-- Found ament_cmake_ros: 0.12.0 (/opt/ros/jazzy/share/ament_cmake_ros/cmake)
-- Using all available rosidl_typesupport_c: rosidl_typesupport_fastrtps_c;rosidl_typesupport_introspection_c
-- Using all available rosidl_typesupport_cpp: rosidl_typesupport_fastrtps_cpp;rosidl_typesupport_introspection_cpp
-- Found python_cmake_module: 0.11.1 (/opt/ros/jazzy/share/python_cmake_module/cmake)
-- Found PythonExtra: /usr/bin/python3  
-- Found Python3: /usr/bin/python3 (found version "3.12.3") found components: Interpreter Development NumPy Development.Module Development.Embed 
-- Added test 'lint_cmake' to check CMake code style
-- Added test 'xmllint' to check XML markup files
-- Configuring done (2.1s)
-- Generating done (0.0s)
-- Build files have been written to: /home/jeongseon/workspace/intel-08/Team1/ksj/ros2_workspace/build/car_msgs
[  2%] [34m[1mGenerating type hashes for ROS interfaces[0m
[  2%] Built target ament_cmake_python_copy_car_msgs
running egg_info
creating car_msgs.egg-info
writing car_msgs.egg-info/PKG-INFO
writing dependency_links to car_msgs.egg-info/dependency_links.txt
writing top-level names to car_msgs.egg-info/top_level.txt
writing manifest file 'car_msgs.egg-info/SOURCES.txt'
[  2%] Built target car_msgs__rosidl_generator_type_description
[  4%] [34m[1mGenerating C code for ROS interfaces[0m
[  6%] [34m[1mGenerating C++ code for ROS interfaces[0m
reading manifest file 'car_msgs.egg-info/SOURCES.txt'
writing manifest file 'car_msgs.egg-info/SOURCES.txt'
[  6%] Built target ament_cmake_python_build_car_msgs_egg
[  6%] Built target car_msgs__cpp
[ 15%] [32mBuilding C object CMakeFiles/car_msgs__rosidl_generator_c.dir/rosidl_generator_c/car_msgs/msg/detail/emergency_event__type_support.c.o[0m
[ 15%] [32mBuilding C object CMakeFiles/car_msgs__rosidl_generator_c.dir/rosidl_generator_c/car_msgs/msg/detail/emergency_event__functions.c.o[0m
[ 18%] [32mBuilding C object CMakeFiles/car_msgs__rosidl_generator_c.dir/rosidl_generator_c/car_msgs/msg/detail/emergency_event__description.c.o[0m
[ 18%] [32mBuilding C object CMakeFiles/car_msgs__rosidl_generator_c.dir/rosidl_generator_c/car_msgs/msg/detail/lane_info__functions.c.o[0m
[ 15%] [32mBuilding C object CMakeFiles/car_msgs__rosidl_generator_c.dir/rosidl_generator_c/car_msgs/msg/detail/lane_info__description.c.o[0m
[ 20%] [32mBuilding C object CMakeFiles/car_msgs__rosidl_generator_c.dir/rosidl_generator_c/car_msgs/msg/detail/lane_info__type_support.c.o[0m
[ 22%] [32m[1mLinking C shared library libcar_msgs__rosidl_generator_c.so[0m
[ 22%] Built target car_msgs__rosidl_generator_c
[ 36%] [34m[1mGenerating C type support dispatch for ROS interfaces[0m
[ 36%] [34m[1mGenerating C++ introspection for ROS interfaces[0m
[ 36%] [34m[1mGenerating C introspection for ROS interfaces[0m
[ 36%] [34m[1mGenerating C++ type support for eProsima Fast-RTPS[0m
[ 36%] [34m[1mGenerating C++ type support dispatch for ROS interfaces[0m
[ 36%] [34m[1mGenerating C type support for eProsima Fast-RTPS[0m
[ 38%] [32mBuilding CXX object CMakeFiles/car_msgs__rosidl_typesupport_c.dir/rosidl_typesupport_c/car_msgs/msg/emergency_event__type_support.cpp.o[0m
[ 40%] [32mBuilding CXX object CMakeFiles/car_msgs__rosidl_typesupport_c.dir/rosidl_typesupport_c/car_msgs/msg/lane_info__type_support.cpp.o[0m
[ 43%] [32mBuilding CXX object CMakeFiles/car_msgs__rosidl_typesupport_cpp.dir/rosidl_typesupport_cpp/car_msgs/msg/emergency_event__type_support.cpp.o[0m
[ 45%] [32mBuilding CXX object CMakeFiles/car_msgs__rosidl_typesupport_cpp.dir/rosidl_typesupport_cpp/car_msgs/msg/lane_info__type_support.cpp.o[0m
[ 47%] [32mBuilding CXX object CMakeFiles/car_msgs__rosidl_typesupport_introspection_cpp.dir/rosidl_typesupport_introspection_cpp/car_msgs/msg/detail/emergency_event__type_support.cpp.o[0m
[ 50%] [32mBuilding CXX object CMakeFiles/car_msgs__rosidl_typesupport_introspection_cpp.dir/rosidl_typesupport_introspection_cpp/car_msgs/msg/detail/lane_info__type_support.cpp.o[0m
[ 52%] [32mBuilding C object CMakeFiles/car_msgs__rosidl_typesupport_introspection_c.dir/rosidl_typesupport_introspection_c/car_msgs/msg/detail/emergency_event__type_support.c.o[0m
[ 54%] [32mBuilding C object CMakeFiles/car_msgs__rosidl_typesupport_introspection_c.dir/rosidl_typesupport_introspection_c/car_msgs/msg/detail/lane_info__type_support.c.o[0m
[ 56%] [32m[1mLinking CXX shared library libcar_msgs__rosidl_typesupport_c.so[0m
[ 61%] [32mBuilding CXX object CMakeFiles/car_msgs__rosidl_typesupport_fastrtps_cpp.dir/rosidl_typesupport_fastrtps_cpp/car_msgs/msg/detail/dds_fastrtps/emergency_event__type_support.cpp.o[0m
[ 61%] [32mBuilding CXX object CMakeFiles/car_msgs__rosidl_typesupport_fastrtps_cpp.dir/rosidl_typesupport_fastrtps_cpp/car_msgs/msg/detail/dds_fastrtps/lane_info__type_support.cpp.o[0m
[ 63%] [32mBuilding CXX object CMakeFiles/car_msgs__rosidl_typesupport_fastrtps_c.dir/rosidl_typesupport_fastrtps_c/car_msgs/msg/detail/emergency_event__type_support_c.cpp.o[0m
[ 65%] [32mBuilding CXX object CMakeFiles/car_msgs__rosidl_typesupport_fastrtps_c.dir/rosidl_typesupport_fastrtps_c/car_msgs/msg/detail/lane_info__type_support_c.cpp.o[0m
[ 68%] [32m[1mLinking C shared library libcar_msgs__rosidl_typesupport_introspection_c.so[0m
[ 68%] Built target car_msgs__rosidl_typesupport_c
[ 68%] Built target car_msgs__rosidl_typesupport_introspection_c
[ 70%] [32m[1mLinking CXX shared library libcar_msgs__rosidl_typesupport_cpp.so[0m
[ 72%] [32m[1mLinking CXX shared library libcar_msgs__rosidl_typesupport_introspection_cpp.so[0m
[ 72%] Built target car_msgs__rosidl_typesupport_cpp
[ 72%] Built target car_msgs__rosidl_typesupport_introspection_cpp
[ 75%] [32m[1mLinking CXX shared library libcar_msgs__rosidl_typesupport_fastrtps_c.so[0m
[ 77%] [32m[1mLinking CXX shared library libcar_msgs__rosidl_typesupport_fastrtps_cpp.so[0m
[ 77%] Built target car_msgs__rosidl_typesupport_fastrtps_c
[ 77%] Built target car_msgs__rosidl_typesupport_fastrtps_cpp
[ 77%] Built target car_msgs
[ 79%] [34m[1mGenerating Python code for ROS interfaces[0m
[ 79%] Built target car_msgs__py
[ 84%] [32mBuilding C object CMakeFiles/car_msgs__rosidl_generator_py.dir/rosidl_generator_py/car_msgs/msg/_emergency_event_s.c.o[0m
[ 84%] [32mBuilding C object CMakeFiles/car_msgs__rosidl_generator_py.dir/rosidl_generator_py/car_msgs/msg/_lane_info_s.c.o[0m
[ 86%] [32m[1mLinking C shared library libcar_msgs__rosidl_generator_py.so[0m
[ 86%] Built target car_msgs__rosidl_generator_py
[ 93%] [32mBuilding C object CMakeFiles/car_msgs_s__rosidl_typesupport_fastrtps_c.dir/rosidl_generator_py/car_msgs/_car_msgs_s.ep.rosidl_typesupport_fastrtps_c.c.o[0m
[ 93%] [32mBuilding C object CMakeFiles/car_msgs_s__rosidl_typesupport_c.dir/rosidl_generator_py/car_msgs/_car_msgs_s.ep.rosidl_typesupport_c.c.o[0m
[ 93%] [32mBuilding C object CMakeFiles/car_msgs_s__rosidl_typesupport_introspection_c.dir/rosidl_generator_py/car_msgs/_car_msgs_s.ep.rosidl_typesupport_introspection_c.c.o[0m
[100%] [32m[1mLinking C shared module rosidl_generator_py/car_msgs/car_msgs_s__rosidl_typesupport_fastrtps_c.so[0m
[100%] [32m[1mLinking C shared module rosidl_generator_py/car_msgs/car_msgs_s__rosidl_typesupport_introspection_c.so[0m
[100%] [32m[1mLinking C shared module rosidl_generator_py/car_msgs/car_msgs_s__rosidl_typesupport_c.so[0m
[100%] Built target car_msgs_s__rosidl_typesupport_introspection_c
[100%] Built target car_msgs_s__rosidl_typesupport_c
[100%] Built target car_msgs_s__rosidl_typesupport_fastrtps_c
-- Install configuration: ""
-- Installing: /home/jeongseon/workspace/intel-08/Team1/ksj/ros2_workspace/install/car_msgs/share/ament_index/resource_index/rosidl_interfaces/car_msgs
-- Installing: /home/jeongseon/workspace/intel-08/Team1/ksj/ros2_workspace/install/car_msgs/share/car_msgs/msg/EmergencyEvent.json
-- Installing: /home/jeongseon/workspace/intel-08/Team1/ksj/ros2_workspace/install/car_msgs/share/car_msgs/msg/LaneInfo.json
-- Installing: /home/jeongseon/workspace/intel-08/Team1/ksj/ros2_workspace/install/car_msgs/include/car_msgs/car_msgs
-- Installing: /home/jeongseon/workspace/intel-08/Team1/ksj/ros2_workspace/install/car_msgs/include/car_msgs/car_msgs/msg
-- Installing: /home/jeongseon/workspace/intel-08/Team1/ksj/ros2_workspace/install/car_msgs/include/car_msgs/car_msgs/msg/emergency_event.h
-- Installing: /home/jeongseon/workspace/intel-08/Team1/ksj/ros2_workspace/install/car_msgs/include/car_msgs/car_msgs/msg/rosidl_generator_c__visibility_control.h
-- Installing: /home/jeongseon/workspace/intel-08/Team1/ksj/ros2_workspace/install/car_msgs/include/car_msgs/car_msgs/msg/detail
-- Installing: /home/jeongseon/workspace/intel-08/Team1/ksj/ros2_workspace/install/car_msgs/include/car_msgs/car_msgs/msg/detail/emergency_event__description.c
-- Installing: /home/jeongseon/workspace/intel-08/Team1/ksj/ros2_workspace/install/car_msgs/include/car_msgs/car_msgs/msg/detail/lane_info__functions.h
-- Installing: /home/jeongseon/workspace/intel-08/Team1/ksj/ros2_workspace/install/car_msgs/include/car_msgs/car_msgs/msg/detail/emergency_event__type_support.c
-- Installing: /home/jeongseon/workspace/intel-08/Team1/ksj/ros2_workspace/install/car_msgs/include/car_msgs/car_msgs/msg/detail/lane_info__type_support.c
-- Installing: /home/jeongseon/workspace/intel-08/Team1/ksj/ros2_workspace/install/car_msgs/include/car_msgs/car_msgs/msg/detail/emergency_event__struct.h
-- Installing: /home/jeongseon/workspace/intel-08/Team1/ksj/ros2_workspace/install/car_msgs/include/car_msgs/car_msgs/msg/detail/emergency_event__type_support.h
-- Installing: /home/jeongseon/workspace/intel-08/Team1/ksj/ros2_workspace/install/car_msgs/include/car_msgs/car_msgs/msg/detail/emergency_event__functions.h
-- Installing: /home/jeongseon/workspace/intel-08/Team1/ksj/ros2_workspace/install/car_msgs/include/car_msgs/car_msgs/msg/detail/emergency_event__functions.c
-- Installing: /home/jeongseon/workspace/intel-08/Team1/ksj/ros2_workspace/install/car_msgs/include/car_msgs/car_msgs/msg/detail/lane_info__functions.c
-- Installing: /home/jeongseon/workspace/intel-08/Team1/ksj/ros2_workspace/install/car_msgs/include/car_msgs/car_msgs/msg/detail/lane_info__type_support.h
-- Installing: /home/jeongseon/workspace/intel-08/Team1/ksj/ros2_workspace/install/car_msgs/include/car_msgs/car_msgs/msg/detail/lane_info__description.c
-- Installing: /home/jeongseon/workspace/intel-08/Team1/ksj/ros2_workspace/install/car_msgs/include/car_msgs/car_msgs/msg/detail/lane_info__struct.h
-- Installing: /home/jeongseon/workspace/intel-08/Team1/ksj/ros2_workspace/install/car_msgs/include/car_msgs/car_msgs/msg/lane_info.h
-- Installing: /home/jeongseon/workspace/intel-08/Team1/ksj/ros2_workspace/install/car_msgs/share/car_msgs/environment/library_path.sh
-- Installing: /home/jeongseon/workspace/intel-08/Team1/ksj/ros2_workspace/install/car_msgs/share/car_msgs/environment/library_path.dsv
-- Installing: /home/jeongseon/workspace/intel-08/Team1/ksj/ros2_workspace/install/car_msgs/lib/libcar_msgs__rosidl_generator_c.so
-- Set non-toolchain portion of runtime path of "/home/jeongseon/workspace/intel-08/Team1/ksj/ros2_workspace/install/car_msgs/lib/libcar_msgs__rosidl_generator_c.so" to ""
-- Up-to-date: /home/jeongseon/workspace/intel-08/Team1/ksj/ros2_workspace/install/car_msgs/include/car_msgs/car_msgs
-- Up-to-date: /home/jeongseon/workspace/intel-08/Team1/ksj/ros2_workspace/install/car_msgs/include/car_msgs/car_msgs/msg
-- Up-to-date: /home/jeongseon/workspace/intel-08/Team1/ksj/ros2_workspace/install/car_msgs/include/car_msgs/car_msgs/msg/detail
-- Installing: /home/jeongseon/workspace/intel-08/Team1/ksj/ros2_workspace/install/car_msgs/include/car_msgs/car_msgs/msg/detail/lane_info__rosidl_typesupport_fastrtps_c.h
-- Installing: /home/jeongseon/workspace/intel-08/Team1/ksj/ros2_workspace/install/car_msgs/include/car_msgs/car_msgs/msg/detail/emergency_event__rosidl_typesupport_fastrtps_c.h
-- Installing: /home/jeongseon/workspace/intel-08/Team1/ksj/ros2_workspace/install/car_msgs/include/car_msgs/car_msgs/msg/rosidl_typesupport_fastrtps_c__visibility_control.h
-- Installing: /home/jeongseon/workspace/intel-08/Team1/ksj/ros2_workspace/install/car_msgs/lib/libcar_msgs__rosidl_typesupport_fastrtps_c.so
-- Set non-toolchain portion of runtime path of "/home/jeongseon/workspace/intel-08/Team1/ksj/ros2_workspace/install/car_msgs/lib/libcar_msgs__rosidl_typesupport_fastrtps_c.so" to ""
-- Up-to-date: /home/jeongseon/workspace/intel-08/Team1/ksj/ros2_workspace/install/car_msgs/include/car_msgs/car_msgs
-- Up-to-date: /home/jeongseon/workspace/intel-08/Team1/ksj/ros2_workspace/install/car_msgs/include/car_msgs/car_msgs/msg
-- Installing: /home/jeongseon/workspace/intel-08/Team1/ksj/ros2_workspace/install/car_msgs/include/car_msgs/car_msgs/msg/rosidl_typesupport_introspection_c__visibility_control.h
-- Up-to-date: /home/jeongseon/workspace/intel-08/Team1/ksj/ros2_workspace/install/car_msgs/include/car_msgs/car_msgs/msg/detail
-- Up-to-date: /home/jeongseon/workspace/intel-08/Team1/ksj/ros2_workspace/install/car_msgs/include/car_msgs/car_msgs/msg/detail/emergency_event__type_support.c
-- Up-to-date: /home/jeongseon/workspace/intel-08/Team1/ksj/ros2_workspace/install/car_msgs/include/car_msgs/car_msgs/msg/detail/lane_info__type_support.c
-- Installing: /home/jeongseon/workspace/intel-08/Team1/ksj/ros2_workspace/install/car_msgs/include/car_msgs/car_msgs/msg/detail/lane_info__rosidl_typesupport_introspection_c.h
-- Installing: /home/jeongseon/workspace/intel-08/Team1/ksj/ros2_workspace/install/car_msgs/include/car_msgs/car_msgs/msg/detail/emergency_event__rosidl_typesupport_introspection_c.h
-- Installing: /home/jeongseon/workspace/intel-08/Team1/ksj/ros2_workspace/install/car_msgs/lib/libcar_msgs__rosidl_typesupport_introspection_c.so
-- Set non-toolchain portion of runtime path of "/home/jeongseon/workspace/intel-08/Team1/ksj/ros2_workspace/install/car_msgs/lib/libcar_msgs__rosidl_typesupport_introspection_c.so" to ""
-- Installing: /home/jeongseon/workspace/intel-08/Team1/ksj/ros2_workspace/install/car_msgs/lib/libcar_msgs__rosidl_typesupport_c.so
-- Set non-toolchain portion of runtime path of "/home/jeongseon/workspace/intel-08/Team1/ksj/ros2_workspace/install/car_msgs/lib/libcar_msgs__rosidl_typesupport_c.so" to ""
-- Up-to-date: /home/jeongseon/workspace/intel-08/Team1/ksj/ros2_workspace/install/car_msgs/include/car_msgs/car_msgs
-- Up-to-date: /home/jeongseon/workspace/intel-08/Team1/ksj/ros2_workspace/install/car_msgs/include/car_msgs/car_msgs/msg
-- Installing: /home/jeongseon/workspace/intel-08/Team1/ksj/ros2_workspace/install/car_msgs/include/car_msgs/car_msgs/msg/rosidl_generator_cpp__visibility_control.hpp
-- Up-to-date: /home/jeongseon/workspace/intel-08/Team1/ksj/ros2_workspace/install/car_msgs/include/car_msgs/car_msgs/msg/detail
-- Installing: /home/jeongseon/workspace/intel-08/Team1/ksj/ros2_workspace/install/car_msgs/include/car_msgs/car_msgs/msg/detail/lane_info__builder.hpp
-- Installing: /home/jeongseon/workspace/intel-08/Team1/ksj/ros2_workspace/install/car_msgs/include/car_msgs/car_msgs/msg/detail/emergency_event__builder.hpp
-- Installing: /home/jeongseon/workspace/intel-08/Team1/ksj/ros2_workspace/install/car_msgs/include/car_msgs/car_msgs/msg/detail/emergency_event__struct.hpp
-- Installing: /home/jeongseon/workspace/intel-08/Team1/ksj/ros2_workspace/install/car_msgs/include/car_msgs/car_msgs/msg/detail/lane_info__struct.hpp
-- Installing: /home/jeongseon/workspace/intel-08/Team1/ksj/ros2_workspace/install/car_msgs/include/car_msgs/car_msgs/msg/detail/lane_info__type_support.hpp
-- Installing: /home/jeongseon/workspace/intel-08/Team1/ksj/ros2_workspace/install/car_msgs/include/car_msgs/car_msgs/msg/detail/lane_info__traits.hpp
-- Installing: /home/jeongseon/workspace/intel-08/Team1/ksj/ros2_workspace/install/car_msgs/include/car_msgs/car_msgs/msg/detail/emergency_event__type_support.hpp
-- Installing: /home/jeongseon/workspace/intel-08/Team1/ksj/ros2_workspace/install/car_msgs/include/car_msgs/car_msgs/msg/detail/emergency_event__traits.hpp
-- Installing: /home/jeongseon/workspace/intel-08/Team1/ksj/ros2_workspace/install/car_msgs/include/car_msgs/car_msgs/msg/emergency_event.hpp
-- Installing: /home/jeongseon/workspace/intel-08/Team1/ksj/ros2_workspace/install/car_msgs/include/car_msgs/car_msgs/msg/lane_info.hpp
-- Up-to-date: /home/jeongseon/workspace/intel-08/Team1/ksj/ros2_workspace/install/car_msgs/include/car_msgs/car_msgs
-- Up-to-date: /home/jeongseon/workspace/intel-08/Team1/ksj/ros2_workspace/install/car_msgs/include/car_msgs/car_msgs/msg
-- Up-to-date: /home/jeongseon/workspace/intel-08/Team1/ksj/ros2_workspace/install/car_msgs/include/car_msgs/car_msgs/msg/detail
-- Installing: /home/jeongseon/workspace/intel-08/Team1/ksj/ros2_workspace/install/car_msgs/include/car_msgs/car_msgs/msg/detail/emergency_event__rosidl_typesupport_fastrtps_cpp.hpp
-- Installing: /home/jeongseon/workspace/intel-08/Team1/ksj/ros2_workspace/install/car_msgs/include/car_msgs/car_msgs/msg/detail/lane_info__rosidl_typesupport_fastrtps_cpp.hpp
-- Installing: /home/jeongseon/workspace/intel-08/Team1/ksj/ros2_workspace/install/car_msgs/include/car_msgs/car_msgs/msg/detail/dds_fastrtps
-- Installing: /home/jeongseon/workspace/intel-08/Team1/ksj/ros2_workspace/install/car_msgs/include/car_msgs/car_msgs/msg/rosidl_typesupport_fastrtps_cpp__visibility_control.h
-- Installing: /home/jeongseon/workspace/intel-08/Team1/ksj/ros2_workspace/install/car_msgs/lib/libcar_msgs__rosidl_typesupport_fastrtps_cpp.so
-- Set non-toolchain portion of runtime path of "/home/jeongseon/workspace/intel-08/Team1/ksj/ros2_workspace/install/car_msgs/lib/libcar_msgs__rosidl_typesupport_fastrtps_cpp.so" to ""
-- Up-to-date: /home/jeongseon/workspace/intel-08/Team1/ksj/ros2_workspace/install/car_msgs/include/car_msgs/car_msgs
-- Up-to-date: /home/jeongseon/workspace/intel-08/Team1/ksj/ros2_workspace/install/car_msgs/include/car_msgs/car_msgs/msg
-- Up-to-date: /home/jeongseon/workspace/intel-08/Team1/ksj/ros2_workspace/install/car_msgs/include/car_msgs/car_msgs/msg/detail
-- Installing: /home/jeongseon/workspace/intel-08/Team1/ksj/ros2_workspace/install/car_msgs/include/car_msgs/car_msgs/msg/detail/lane_info__rosidl_typesupport_introspection_cpp.hpp
-- Installing: /home/jeongseon/workspace/intel-08/Team1/ksj/ros2_workspace/install/car_msgs/include/car_msgs/car_msgs/msg/detail/emergency_event__type_support.cpp
-- Installing: /home/jeongseon/workspace/intel-08/Team1/ksj/ros2_workspace/install/car_msgs/include/car_msgs/car_msgs/msg/detail/lane_info__type_support.cpp
-- Installing: /home/jeongseon/workspace/intel-08/Team1/ksj/ros2_workspace/install/car_msgs/include/car_msgs/car_msgs/msg/detail/emergency_event__rosidl_typesupport_introspection_cpp.hpp
-- Installing: /home/jeongseon/workspace/intel-08/Team1/ksj/ros2_workspace/install/car_msgs/lib/libcar_msgs__rosidl_typesupport_introspection_cpp.so
-- Set non-toolchain portion of runtime path of "/home/jeongseon/workspace/intel-08/Team1/ksj/ros2_workspace/install/car_msgs/lib/libcar_msgs__rosidl_typesupport_introspection_cpp.so" to ""
-- Installing: /home/jeongseon/workspace/intel-08/Team1/ksj/ros2_workspace/install/car_msgs/lib/libcar_msgs__rosidl_typesupport_cpp.so
-- Set non-toolchain portion of runtime path of "/home/jeongseon/workspace/intel-08/Team1/ksj/ros2_workspace/install/car_msgs/lib/libcar_msgs__rosidl_typesupport_cpp.so" to ""
-- Installing: /home/jeongseon/workspace/intel-08/Team1/ksj/ros2_workspace/install/car_msgs/share/car_msgs/environment/pythonpath.sh
-- Installing: /home/jeongseon/workspace/intel-08/Team1/ksj/ros2_workspace/install/car_msgs/share/car_msgs/environment/pythonpath.dsv
-- Installing: /home/jeongseon/workspace/intel-08/Team1/ksj/ros2_workspace/install/car_msgs/lib/python3.12/site-packages/car_msgs-0.0.0-py3.12.egg-info
-- Installing: /home/jeongseon/workspace/intel-08/Team1/ksj/ros2_workspace/install/car_msgs/lib/python3.12/site-packages/car_msgs-0.0.0-py3.12.egg-info/dependency_links.txt
-- Installing: /home/jeongseon/workspace/intel-08/Team1/ksj/ros2_workspace/install/car_msgs/lib/python3.12/site-packages/car_msgs-0.0.0-py3.12.egg-info/SOURCES.txt
-- Installing: /home/jeongseon/workspace/intel-08/Team1/ksj/ros2_workspace/install/car_msgs/lib/python3.12/site-packages/car_msgs-0.0.0-py3.12.egg-info/PKG-INFO
-- Installing: /home/jeongseon/workspace/intel-08/Team1/ksj/ros2_workspace/install/car_msgs/lib/python3.12/site-packages/car_msgs-0.0.0-py3.12.egg-info/top_level.txt
-- Installing: /home/jeongseon/workspace/intel-08/Team1/ksj/ros2_workspace/install/car_msgs/lib/python3.12/site-packages/car_msgs
-- Installing: /home/jeongseon/workspace/intel-08/Team1/ksj/ros2_workspace/install/car_msgs/lib/python3.12/site-packages/car_msgs/_car_msgs_s.ep.rosidl_typesupport_introspection_c.c
-- Installing: /home/jeongseon/workspace/intel-08/Team1/ksj/ros2_workspace/install/car_msgs/lib/python3.12/site-packages/car_msgs/car_msgs_s__rosidl_typesupport_c.so
-- Installing: /home/jeongseon/workspace/intel-08/Team1/ksj/ros2_workspace/install/car_msgs/lib/python3.12/site-packages/car_msgs/car_msgs_s__rosidl_typesupport_introspection_c.so
-- Installing: /home/jeongseon/workspace/intel-08/Team1/ksj/ros2_workspace/install/car_msgs/lib/python3.12/site-packages/car_msgs/_car_msgs_s.ep.rosidl_typesupport_c.c
-- Installing: /home/jeongseon/workspace/intel-08/Team1/ksj/ros2_workspace/install/car_msgs/lib/python3.12/site-packages/car_msgs/_car_msgs_s.ep.rosidl_typesupport_fastrtps_c.c
-- Installing: /home/jeongseon/workspace/intel-08/Team1/ksj/ros2_workspace/install/car_msgs/lib/python3.12/site-packages/car_msgs/car_msgs_s__rosidl_typesupport_fastrtps_c.so
-- Installing: /home/jeongseon/workspace/intel-08/Team1/ksj/ros2_workspace/install/car_msgs/lib/python3.12/site-packages/car_msgs/msg
-- Installing: /home/jeongseon/workspace/intel-08/Team1/ksj/ros2_workspace/install/car_msgs/lib/python3.12/site-packages/car_msgs/msg/_emergency_event_s.c
-- Installing: /home/jeongseon/workspace/intel-08/Team1/ksj/ros2_workspace/install/car_msgs/lib/python3.12/site-packages/car_msgs/msg/_lane_info.py
-- Installing: /home/jeongseon/workspace/intel-08/Team1/ksj/ros2_workspace/install/car_msgs/lib/python3.12/site-packages/car_msgs/msg/_lane_info_s.c
-- Installing: /home/jeongseon/workspace/intel-08/Team1/ksj/ros2_workspace/install/car_msgs/lib/python3.12/site-packages/car_msgs/msg/__init__.py
-- Installing: /home/jeongseon/workspace/intel-08/Team1/ksj/ros2_workspace/install/car_msgs/lib/python3.12/site-packages/car_msgs/msg/_emergency_event.py
-- Installing: /home/jeongseon/workspace/intel-08/Team1/ksj/ros2_workspace/install/car_msgs/lib/python3.12/site-packages/car_msgs/__init__.py
Listing '/home/jeongseon/workspace/intel-08/Team1/ksj/ros2_workspace/install/car_msgs/lib/python3.12/site-packages/car_msgs'...
Compiling '/home/jeongseon/workspace/intel-08/Team1/ksj/ros2_workspace/install/car_msgs/lib/python3.12/site-packages/car_msgs/__init__.py'...
Listing '/home/jeongseon/workspace/intel-08/Team1/ksj/ros2_workspace/install/car_msgs/lib/python3.12/site-packages/car_msgs/msg'...
Compiling '/home/jeongseon/workspace/intel-08/Team1/ksj/ros2_workspace/install/car_msgs/lib/python3.12/site-packages/car_msgs/msg/__init__.py'...
Compiling '/home/jeongseon/workspace/intel-08/Team1/ksj/ros2_workspace/install/car_msgs/lib/python3.12/site-packages/car_msgs/msg/_emergency_event.py'...
Compiling '/home/jeongseon/workspace/intel-08/Team1/ksj/ros2_workspace/install/car_msgs/lib/python3.12/site-packages/car_msgs/msg/_lane_info.py'...
-- Installing: /home/jeongseon/workspace/intel-08/Team1/ksj/ros2_workspace/install/car_msgs/lib/python3.12/site-packages/car_msgs/car_msgs_s__rosidl_typesupport_fastrtps_c.so
-- Set non-toolchain portion of runtime path of "/home/jeongseon/workspace/intel-08/Team1/ksj/ros2_workspace/install/car_msgs/lib/python3.12/site-packages/car_msgs/car_msgs_s__rosidl_typesupport_fastrtps_c.so" to ""
-- Installing: /home/jeongseon/workspace/intel-08/Team1/ksj/ros2_workspace/install/car_msgs/lib/python3.12/site-packages/car_msgs/car_msgs_s__rosidl_typesupport_introspection_c.so
-- Set non-toolchain portion of runtime path of "/home/jeongseon/workspace/intel-08/Team1/ksj/ros2_workspace/install/car_msgs/lib/python3.12/site-packages/car_msgs/car_msgs_s__rosidl_typesupport_introspection_c.so" to ""
-- Installing: /home/jeongseon/workspace/intel-08/Team1/ksj/ros2_workspace/install/car_msgs/lib/python3.12/site-packages/car_msgs/car_msgs_s__rosidl_typesupport_c.so
-- Set non-toolchain portion of runtime path of "/home/jeongseon/workspace/intel-08/Team1/ksj/ros2_workspace/install/car_msgs/lib/python3.12/site-packages/car_msgs/car_msgs_s__rosidl_typesupport_c.so" to ""
-- Installing: /home/jeongseon/workspace/intel-08/Team1/ksj/ros2_workspace/install/car_msgs/lib/libcar_msgs__rosidl_generator_py.so
-- Set non-toolchain portion of runtime path of "/home/jeongseon/workspace/intel-08/Team1/ksj/ros2_workspace/install/car_msgs/lib/libcar_msgs__rosidl_generator_py.so" to ""
-- Installing: /home/jeongseon/workspace/intel-08/Team1/ksj/ros2_workspace/install/car_msgs/share/car_msgs/msg/EmergencyEvent.idl
-- Installing: /home/jeongseon/workspace/intel-08/Team1/ksj/ros2_workspace/install/car_msgs/share/car_msgs/msg/LaneInfo.idl
-- Installing: /home/jeongseon/workspace/intel-08/Team1/ksj/ros2_workspace/install/car_msgs/share/car_msgs/msg/EmergencyEvent.msg
-- Installing: /home/jeongseon/workspace/intel-08/Team1/ksj/ros2_workspace/install/car_msgs/share/car_msgs/msg/LaneInfo.msg
-- Installing: /home/jeongseon/workspace/intel-08/Team1/ksj/ros2_workspace/install/car_msgs/share/ament_index/resource_index/package_run_dependencies/car_msgs
-- Installing: /home/jeongseon/workspace/intel-08/Team1/ksj/ros2_workspace/install/car_msgs/share/ament_index/resource_index/parent_prefix_path/car_msgs
-- Installing: /home/jeongseon/workspace/intel-08/Team1/ksj/ros2_workspace/install/car_msgs/share/car_msgs/environment/ament_prefix_path.sh
-- Installing: /home/jeongseon/workspace/intel-08/Team1/ksj/ros2_workspace/install/car_msgs/share/car_msgs/environment/ament_prefix_path.dsv
-- Installing: /home/jeongseon/workspace/intel-08/Team1/ksj/ros2_workspace/install/car_msgs/share/car_msgs/environment/path.sh
-- Installing: /home/jeongseon/workspace/intel-08/Team1/ksj/ros2_workspace/install/car_msgs/share/car_msgs/environment/path.dsv
-- Installing: /home/jeongseon/workspace/intel-08/Team1/ksj/ros2_workspace/install/car_msgs/share/car_msgs/local_setup.bash
-- Installing: /home/jeongseon/workspace/intel-08/Team1/ksj/ros2_workspace/install/car_msgs/share/car_msgs/local_setup.sh
-- Installing: /home/jeongseon/workspace/intel-08/Team1/ksj/ros2_workspace/install/car_msgs/share/car_msgs/local_setup.zsh
-- Installing: /home/jeongseon/workspace/intel-08/Team1/ksj/ros2_workspace/install/car_msgs/share/car_msgs/local_setup.dsv
-- Installing: /home/jeongseon/workspace/intel-08/Team1/ksj/ros2_workspace/install/car_msgs/share/car_msgs/package.dsv
-- Installing: /home/jeongseon/workspace/intel-08/Team1/ksj/ros2_workspace/install/car_msgs/share/ament_index/resource_index/packages/car_msgs
-- Installing: /home/jeongseon/workspace/intel-08/Team1/ksj/ros2_workspace/install/car_msgs/share/car_msgs/cmake/export_car_msgs__rosidl_generator_cExport.cmake
-- Installing: /home/jeongseon/workspace/intel-08/Team1/ksj/ros2_workspace/install/car_msgs/share/car_msgs/cmake/export_car_msgs__rosidl_generator_cExport-noconfig.cmake
-- Installing: /home/jeongseon/workspace/intel-08/Team1/ksj/ros2_workspace/install/car_msgs/share/car_msgs/cmake/export_car_msgs__rosidl_typesupport_fastrtps_cExport.cmake
-- Installing: /home/jeongseon/workspace/intel-08/Team1/ksj/ros2_workspace/install/car_msgs/share/car_msgs/cmake/export_car_msgs__rosidl_typesupport_fastrtps_cExport-noconfig.cmake
-- Installing: /home/jeongseon/workspace/intel-08/Team1/ksj/ros2_workspace/install/car_msgs/share/car_msgs/cmake/car_msgs__rosidl_typesupport_introspection_cExport.cmake
-- Installing: /home/jeongseon/workspace/intel-08/Team1/ksj/ros2_workspace/install/car_msgs/share/car_msgs/cmake/car_msgs__rosidl_typesupport_introspection_cExport-noconfig.cmake
-- Installing: /home/jeongseon/workspace/intel-08/Team1/ksj/ros2_workspace/install/car_msgs/share/car_msgs/cmake/car_msgs__rosidl_typesupport_cExport.cmake
-- Installing: /home/jeongseon/workspace/intel-08/Team1/ksj/ros2_workspace/install/car_msgs/share/car_msgs/cmake/car_msgs__rosidl_typesupport_cExport-noconfig.cmake
-- Installing: /home/jeongseon/workspace/intel-08/Team1/ksj/ros2_workspace/install/car_msgs/share/car_msgs/cmake/export_car_msgs__rosidl_generator_cppExport.cmake
-- Installing: /home/jeongseon/workspace/intel-08/Team1/ksj/ros2_workspace/install/car_msgs/share/car_msgs/cmake/export_car_msgs__rosidl_typesupport_fastrtps_cppExport.cmake
-- Installing: /home/jeongseon/workspace/intel-08/Team1/ksj/ros2_workspace/install/car_msgs/share/car_msgs/cmake/export_car_msgs__rosidl_typesupport_fastrtps_cppExport-noconfig.cmake
-- Installing: /home/jeongseon/workspace/intel-08/Team1/ksj/ros2_workspace/install/car_msgs/share/car_msgs/cmake/car_msgs__rosidl_typesupport_introspection_cppExport.cmake
-- Installing: /home/jeongseon/workspace/intel-08/Team1/ksj/ros2_workspace/install/car_msgs/share/car_msgs/cmake/car_msgs__rosidl_typesupport_introspection_cppExport-noconfig.cmake
-- Installing: /home/jeongseon/workspace/intel-08/Team1/ksj/ros2_workspace/install/car_msgs/share/car_msgs/cmake/car_msgs__rosidl_typesupport_cppExport.cmake
-- Installing: /home/jeongseon/workspace/intel-08/Team1/ksj/ros2_workspace/install/car_msgs/share/car_msgs/cmake/car_msgs__rosidl_typesupport_cppExport-noconfig.cmake
-- Installing: /home/jeongseon/workspace/intel-08/Team1/ksj/ros2_workspace/install/car_msgs/share/car_msgs/cmake/export_car_msgs__rosidl_generator_pyExport.cmake
-- Installing: /home/jeongseon/workspace/intel-08/Team1/ksj/ros2_workspace/install/car_msgs/share/car_msgs/cmake/export_car_msgs__rosidl_generator_pyExport-noconfig.cmake
-- Installing: /home/jeongseon/workspace/intel-08/Team1/ksj/ros2_workspace/install/car_msgs/share/car_msgs/cmake/rosidl_cmake-extras.cmake
-- Installing: /home/jeongseon/workspace/intel-08/Team1/ksj/ros2_workspace/install/car_msgs/share/car_msgs/cmake/ament_cmake_export_dependencies-extras.cmake
-- Installing: /home/jeongseon/workspace/intel-08/Team1/ksj/ros2_workspace/install/car_msgs/share/car_msgs/cmake/ament_cmake_export_include_directories-extras.cmake
-- Installing: /home/jeongseon/workspace/intel-08/Team1/ksj/ros2_workspace/install/car_msgs/share/car_msgs/cmake/ament_cmake_export_libraries-extras.cmake
-- Installing: /home/jeongseon/workspace/intel-08/Team1/ksj/ros2_workspace/install/car_msgs/share/car_msgs/cmake/ament_cmake_export_targets-extras.cmake
-- Installing: /home/jeongseon/workspace/intel-08/Team1/ksj/ros2_workspace/install/car_msgs/share/car_msgs/cmake/rosidl_cmake_export_typesupport_targets-extras.cmake
-- Installing: /home/jeongseon/workspace/intel-08/Team1/ksj/ros2_workspace/install/car_msgs/share/car_msgs/cmake/rosidl_cmake_export_typesupport_libraries-extras.cmake
-- Installing: /home/jeongseon/workspace/intel-08/Team1/ksj/ros2_workspace/install/car_msgs/share/car_msgs/cmake/car_msgsConfig.cmake
-- Installing: /home/jeongseon/workspace/intel-08/Team1/ksj/ros2_workspace/install/car_msgs/share/car_msgs/cmake/car_msgsConfig-version.cmake
-- Installing: /home/jeongseon/workspace/intel-08/Team1/ksj/ros2_workspace/install/car_msgs/share/car_msgs/package.xml
