[0.011s] Invoking command in '/home/jeongseon/workspace/intel-08/Team1/ksj/ros2_workspace/build/car_msgs': CMAKE_PREFIX_PATH=${CMAKE_PREFIX_PATH}:/home/jeongseon/workspace/intel-08/Team1/ksj/ros2_workspace/install/vision_pkg:/home/jeongseon/workspace/intel-08/Team1/ksj/ros2_workspace/install/car_vision:/home/jeongseon/workspace/intel-08/Team1/ksj/ros2_workspace/install/car_planning:/home/jeongseon/workspace/intel-08/Team1/ksj/ros2_workspace/install/car_comms:/home/jeongseon/workspace/intel-08/Team1/ksj/ros2_workspace/install/car_control:/home/jeongseon/ros2_ws/install/my_first_package:/opt/ros/jazzy CONDA_PROMPT_MODIFIER=(conda_ros2) DEBUGINFOD_URLS=https://debuginfod.ubuntu.com /usr/bin/cmake /home/jeongseon/workspace/intel-08/Team1/ksj/ros2_workspace/src/car_msgs -DCMAKE_INSTALL_PREFIX=/home/jeongseon/workspace/intel-08/Team1/ksj/ros2_workspace/install/car_msgs
[0.149s] -- The C compiler identification is GNU 13.3.0
[0.149s] -- The CXX compiler identification is GNU 13.3.0
[0.149s] -- Detecting C compiler ABI info
[0.149s] -- Detecting C compiler ABI info - done
[0.149s] -- Check for working C compiler: /usr/bin/cc - skipped
[0.149s] -- Detecting C compile features
[0.149s] -- Detecting C compile features - done
[0.149s] -- Detecting CXX compiler ABI info
[0.201s] -- Detecting CXX compiler ABI info - done
[0.207s] -- Check for working CXX compiler: /usr/bin/c++ - skipped
[0.207s] -- Detecting CXX compile features
[0.208s] -- Detecting CXX compile features - done
[0.209s] -- Found ament_cmake: 2.5.4 (/opt/ros/jazzy/share/ament_cmake/cmake)
[0.303s] -- Found Python3: /usr/bin/python3 (found version "3.12.3") found components: Interpreter 
[0.367s] -- Found ament_lint_auto: 0.17.3 (/opt/ros/jazzy/share/ament_lint_auto/cmake)
[0.432s] -- Found rosidl_default_generators: 1.6.0 (/opt/ros/jazzy/share/rosidl_default_generators/cmake)
[0.435s] -- Using all available rosidl_typesupport_c: rosidl_typesupport_fastrtps_c;rosidl_typesupport_introspection_c
[0.465s] -- Using all available rosidl_typesupport_cpp: rosidl_typesupport_fastrtps_cpp;rosidl_typesupport_introspection_cpp
[0.490s] -- Found rosidl_adapter: 4.6.6 (/opt/ros/jazzy/share/rosidl_adapter/cmake)
[0.492s] -- Found std_msgs: 5.3.6 (/opt/ros/jazzy/share/std_msgs/cmake)
[0.513s] -- Found geometry_msgs: 5.3.6 (/opt/ros/jazzy/share/geometry_msgs/cmake)
[0.878s] -- Found ament_cmake_ros: 0.12.0 (/opt/ros/jazzy/share/ament_cmake_ros/cmake)
[1.210s] -- Using all available rosidl_typesupport_c: rosidl_typesupport_fastrtps_c;rosidl_typesupport_introspection_c
[1.653s] -- Using all available rosidl_typesupport_cpp: rosidl_typesupport_fastrtps_cpp;rosidl_typesupport_introspection_cpp
[1.655s] -- Found python_cmake_module: 0.11.1 (/opt/ros/jazzy/share/python_cmake_module/cmake)
[1.750s] -- Found PythonExtra: /usr/bin/python3  
[2.041s] -- Found Python3: /usr/bin/python3 (found version "3.12.3") found components: Interpreter Development NumPy Development.Module Development.Embed 
[2.080s] -- Added test 'lint_cmake' to check CMake code style
[2.080s] -- Added test 'xmllint' to check XML markup files
[2.083s] -- Configuring done (2.1s)
[2.105s] -- Generating done (0.0s)
[2.112s] -- Build files have been written to: /home/jeongseon/workspace/intel-08/Team1/ksj/ros2_workspace/build/car_msgs
[2.118s] Invoked command in '/home/jeongseon/workspace/intel-08/Team1/ksj/ros2_workspace/build/car_msgs' returned '0': CMAKE_PREFIX_PATH=${CMAKE_PREFIX_PATH}:/home/jeongseon/workspace/intel-08/Team1/ksj/ros2_workspace/install/vision_pkg:/home/jeongseon/workspace/intel-08/Team1/ksj/ros2_workspace/install/car_vision:/home/jeongseon/workspace/intel-08/Team1/ksj/ros2_workspace/install/car_planning:/home/jeongseon/workspace/intel-08/Team1/ksj/ros2_workspace/install/car_comms:/home/jeongseon/workspace/intel-08/Team1/ksj/ros2_workspace/install/car_control:/home/jeongseon/ros2_ws/install/my_first_package:/opt/ros/jazzy CONDA_PROMPT_MODIFIER=(conda_ros2) DEBUGINFOD_URLS=https://debuginfod.ubuntu.com /usr/bin/cmake /home/jeongseon/workspace/intel-08/Team1/ksj/ros2_workspace/src/car_msgs -DCMAKE_INSTALL_PREFIX=/home/jeongseon/workspace/intel-08/Team1/ksj/ros2_workspace/install/car_msgs
[2.119s] Invoking command in '/home/jeongseon/workspace/intel-08/Team1/ksj/ros2_workspace/build/car_msgs': CMAKE_PREFIX_PATH=${CMAKE_PREFIX_PATH}:/home/jeongseon/workspace/intel-08/Team1/ksj/ros2_workspace/install/vision_pkg:/home/jeongseon/workspace/intel-08/Team1/ksj/ros2_workspace/install/car_vision:/home/jeongseon/workspace/intel-08/Team1/ksj/ros2_workspace/install/car_planning:/home/jeongseon/workspace/intel-08/Team1/ksj/ros2_workspace/install/car_comms:/home/jeongseon/workspace/intel-08/Team1/ksj/ros2_workspace/install/car_control:/home/jeongseon/ros2_ws/install/my_first_package:/opt/ros/jazzy CONDA_PROMPT_MODIFIER=(conda_ros2) DEBUGINFOD_URLS=https://debuginfod.ubuntu.com /usr/bin/cmake --build /home/jeongseon/workspace/intel-08/Team1/ksj/ros2_workspace/build/car_msgs -- -j16 -l16
[2.151s] [  2%] [34m[1mGenerating type hashes for ROS interfaces[0m
[2.157s] [  2%] Built target ament_cmake_python_copy_car_msgs
[2.292s] running egg_info
[2.292s] creating car_msgs.egg-info
[2.304s] writing car_msgs.egg-info/PKG-INFO
[2.304s] writing dependency_links to car_msgs.egg-info/dependency_links.txt
[2.304s] writing top-level names to car_msgs.egg-info/top_level.txt
[2.304s] writing manifest file 'car_msgs.egg-info/SOURCES.txt'
[2.326s] [  2%] Built target car_msgs__rosidl_generator_type_description
[2.332s] [  4%] [34m[1mGenerating C code for ROS interfaces[0m
[2.338s] [  6%] [34m[1mGenerating C++ code for ROS interfaces[0m
[2.340s] reading manifest file 'car_msgs.egg-info/SOURCES.txt'
[2.340s] writing manifest file 'car_msgs.egg-info/SOURCES.txt'
[2.358s] [  6%] Built target ament_cmake_python_build_car_msgs_egg
[2.544s] [  6%] Built target car_msgs__cpp
[2.566s] [ 15%] [32mBuilding C object CMakeFiles/car_msgs__rosidl_generator_c.dir/rosidl_generator_c/car_msgs/msg/detail/emergency_event__type_support.c.o[0m
[2.566s] [ 15%] [32mBuilding C object CMakeFiles/car_msgs__rosidl_generator_c.dir/rosidl_generator_c/car_msgs/msg/detail/emergency_event__functions.c.o[0m
[2.566s] [ 18%] [32mBuilding C object CMakeFiles/car_msgs__rosidl_generator_c.dir/rosidl_generator_c/car_msgs/msg/detail/emergency_event__description.c.o[0m
[2.566s] [ 18%] [32mBuilding C object CMakeFiles/car_msgs__rosidl_generator_c.dir/rosidl_generator_c/car_msgs/msg/detail/lane_info__functions.c.o[0m
[2.566s] [ 15%] [32mBuilding C object CMakeFiles/car_msgs__rosidl_generator_c.dir/rosidl_generator_c/car_msgs/msg/detail/lane_info__description.c.o[0m
[2.566s] [ 20%] [32mBuilding C object CMakeFiles/car_msgs__rosidl_generator_c.dir/rosidl_generator_c/car_msgs/msg/detail/lane_info__type_support.c.o[0m
[2.597s] [ 22%] [32m[1mLinking C shared library libcar_msgs__rosidl_generator_c.so[0m
[2.619s] [ 22%] Built target car_msgs__rosidl_generator_c
[2.625s] [ 36%] [34m[1mGenerating C type support dispatch for ROS interfaces[0m
[2.625s] [ 36%] [34m[1mGenerating C++ introspection for ROS interfaces[0m
[2.625s] [ 36%] [34m[1mGenerating C introspection for ROS interfaces[0m
[2.625s] [ 36%] [34m[1mGenerating C++ type support for eProsima Fast-RTPS[0m
[2.625s] [ 36%] [34m[1mGenerating C++ type support dispatch for ROS interfaces[0m
[2.625s] [ 36%] [34m[1mGenerating C type support for eProsima Fast-RTPS[0m
[2.831s] [ 38%] [32mBuilding CXX object CMakeFiles/car_msgs__rosidl_typesupport_c.dir/rosidl_typesupport_c/car_msgs/msg/emergency_event__type_support.cpp.o[0m
[2.832s] [ 40%] [32mBuilding CXX object CMakeFiles/car_msgs__rosidl_typesupport_c.dir/rosidl_typesupport_c/car_msgs/msg/lane_info__type_support.cpp.o[0m
[2.834s] [ 43%] [32mBuilding CXX object CMakeFiles/car_msgs__rosidl_typesupport_cpp.dir/rosidl_typesupport_cpp/car_msgs/msg/emergency_event__type_support.cpp.o[0m
[2.834s] [ 45%] [32mBuilding CXX object CMakeFiles/car_msgs__rosidl_typesupport_cpp.dir/rosidl_typesupport_cpp/car_msgs/msg/lane_info__type_support.cpp.o[0m
[2.844s] [ 47%] [32mBuilding CXX object CMakeFiles/car_msgs__rosidl_typesupport_introspection_cpp.dir/rosidl_typesupport_introspection_cpp/car_msgs/msg/detail/emergency_event__type_support.cpp.o[0m
[2.845s] [ 50%] [32mBuilding CXX object CMakeFiles/car_msgs__rosidl_typesupport_introspection_cpp.dir/rosidl_typesupport_introspection_cpp/car_msgs/msg/detail/lane_info__type_support.cpp.o[0m
[2.846s] [ 52%] [32mBuilding C object CMakeFiles/car_msgs__rosidl_typesupport_introspection_c.dir/rosidl_typesupport_introspection_c/car_msgs/msg/detail/emergency_event__type_support.c.o[0m
[2.847s] [ 54%] [32mBuilding C object CMakeFiles/car_msgs__rosidl_typesupport_introspection_c.dir/rosidl_typesupport_introspection_c/car_msgs/msg/detail/lane_info__type_support.c.o[0m
[2.865s] [ 56%] [32m[1mLinking CXX shared library libcar_msgs__rosidl_typesupport_c.so[0m
[2.873s] [ 61%] [32mBuilding CXX object CMakeFiles/car_msgs__rosidl_typesupport_fastrtps_cpp.dir/rosidl_typesupport_fastrtps_cpp/car_msgs/msg/detail/dds_fastrtps/emergency_event__type_support.cpp.o[0m
[2.873s] [ 61%] [32mBuilding CXX object CMakeFiles/car_msgs__rosidl_typesupport_fastrtps_cpp.dir/rosidl_typesupport_fastrtps_cpp/car_msgs/msg/detail/dds_fastrtps/lane_info__type_support.cpp.o[0m
[2.875s] [ 63%] [32mBuilding CXX object CMakeFiles/car_msgs__rosidl_typesupport_fastrtps_c.dir/rosidl_typesupport_fastrtps_c/car_msgs/msg/detail/emergency_event__type_support_c.cpp.o[0m
[2.875s] [ 65%] [32mBuilding CXX object CMakeFiles/car_msgs__rosidl_typesupport_fastrtps_c.dir/rosidl_typesupport_fastrtps_c/car_msgs/msg/detail/lane_info__type_support_c.cpp.o[0m
[2.876s] [ 68%] [32m[1mLinking C shared library libcar_msgs__rosidl_typesupport_introspection_c.so[0m
[2.891s] [ 68%] Built target car_msgs__rosidl_typesupport_c
[2.906s] [ 68%] Built target car_msgs__rosidl_typesupport_introspection_c
[3.052s] [ 70%] [32m[1mLinking CXX shared library libcar_msgs__rosidl_typesupport_cpp.so[0m
[3.054s] [ 72%] [32m[1mLinking CXX shared library libcar_msgs__rosidl_typesupport_introspection_cpp.so[0m
[3.079s] [ 72%] Built target car_msgs__rosidl_typesupport_cpp
[3.097s] [ 72%] Built target car_msgs__rosidl_typesupport_introspection_cpp
[3.180s] [ 75%] [32m[1mLinking CXX shared library libcar_msgs__rosidl_typesupport_fastrtps_c.so[0m
[3.194s] [ 77%] [32m[1mLinking CXX shared library libcar_msgs__rosidl_typesupport_fastrtps_cpp.so[0m
[3.225s] [ 77%] Built target car_msgs__rosidl_typesupport_fastrtps_c
[3.240s] [ 77%] Built target car_msgs__rosidl_typesupport_fastrtps_cpp
[3.251s] [ 77%] Built target car_msgs
[3.263s] [ 79%] [34m[1mGenerating Python code for ROS interfaces[0m
[3.549s] [ 79%] Built target car_msgs__py
[3.560s] [ 84%] [32mBuilding C object CMakeFiles/car_msgs__rosidl_generator_py.dir/rosidl_generator_py/car_msgs/msg/_emergency_event_s.c.o[0m
[3.560s] [ 84%] [32mBuilding C object CMakeFiles/car_msgs__rosidl_generator_py.dir/rosidl_generator_py/car_msgs/msg/_lane_info_s.c.o[0m
[3.633s] [ 86%] [32m[1mLinking C shared library libcar_msgs__rosidl_generator_py.so[0m
[3.658s] [ 86%] Built target car_msgs__rosidl_generator_py
[3.670s] [ 93%] [32mBuilding C object CMakeFiles/car_msgs_s__rosidl_typesupport_fastrtps_c.dir/rosidl_generator_py/car_msgs/_car_msgs_s.ep.rosidl_typesupport_fastrtps_c.c.o[0m
[3.670s] [ 93%] [32mBuilding C object CMakeFiles/car_msgs_s__rosidl_typesupport_c.dir/rosidl_generator_py/car_msgs/_car_msgs_s.ep.rosidl_typesupport_c.c.o[0m
[3.670s] [ 93%] [32mBuilding C object CMakeFiles/car_msgs_s__rosidl_typesupport_introspection_c.dir/rosidl_generator_py/car_msgs/_car_msgs_s.ep.rosidl_typesupport_introspection_c.c.o[0m
[3.732s] [100%] [32m[1mLinking C shared module rosidl_generator_py/car_msgs/car_msgs_s__rosidl_typesupport_fastrtps_c.so[0m
[3.732s] [100%] [32m[1mLinking C shared module rosidl_generator_py/car_msgs/car_msgs_s__rosidl_typesupport_introspection_c.so[0m
[3.732s] [100%] [32m[1mLinking C shared module rosidl_generator_py/car_msgs/car_msgs_s__rosidl_typesupport_c.so[0m
[3.750s] [100%] Built target car_msgs_s__rosidl_typesupport_introspection_c
[3.750s] [100%] Built target car_msgs_s__rosidl_typesupport_c
[3.750s] [100%] Built target car_msgs_s__rosidl_typesupport_fastrtps_c
[3.756s] Invoked command in '/home/jeongseon/workspace/intel-08/Team1/ksj/ros2_workspace/build/car_msgs' returned '0': CMAKE_PREFIX_PATH=${CMAKE_PREFIX_PATH}:/home/jeongseon/workspace/intel-08/Team1/ksj/ros2_workspace/install/vision_pkg:/home/jeongseon/workspace/intel-08/Team1/ksj/ros2_workspace/install/car_vision:/home/jeongseon/workspace/intel-08/Team1/ksj/ros2_workspace/install/car_planning:/home/jeongseon/workspace/intel-08/Team1/ksj/ros2_workspace/install/car_comms:/home/jeongseon/workspace/intel-08/Team1/ksj/ros2_workspace/install/car_control:/home/jeongseon/ros2_ws/install/my_first_package:/opt/ros/jazzy CONDA_PROMPT_MODIFIER=(conda_ros2) DEBUGINFOD_URLS=https://debuginfod.ubuntu.com /usr/bin/cmake --build /home/jeongseon/workspace/intel-08/Team1/ksj/ros2_workspace/build/car_msgs -- -j16 -l16
[3.762s] Invoking command in '/home/jeongseon/workspace/intel-08/Team1/ksj/ros2_workspace/build/car_msgs': CMAKE_PREFIX_PATH=${CMAKE_PREFIX_PATH}:/home/jeongseon/workspace/intel-08/Team1/ksj/ros2_workspace/install/vision_pkg:/home/jeongseon/workspace/intel-08/Team1/ksj/ros2_workspace/install/car_vision:/home/jeongseon/workspace/intel-08/Team1/ksj/ros2_workspace/install/car_planning:/home/jeongseon/workspace/intel-08/Team1/ksj/ros2_workspace/install/car_comms:/home/jeongseon/workspace/intel-08/Team1/ksj/ros2_workspace/install/car_control:/home/jeongseon/ros2_ws/install/my_first_package:/opt/ros/jazzy CONDA_PROMPT_MODIFIER=(conda_ros2) DEBUGINFOD_URLS=https://debuginfod.ubuntu.com /usr/bin/cmake --install /home/jeongseon/workspace/intel-08/Team1/ksj/ros2_workspace/build/car_msgs
[3.766s] -- Install configuration: ""
[3.766s] -- Installing: /home/jeongseon/workspace/intel-08/Team1/ksj/ros2_workspace/install/car_msgs/share/ament_index/resource_index/rosidl_interfaces/car_msgs
[3.766s] -- Installing: /home/jeongseon/workspace/intel-08/Team1/ksj/ros2_workspace/install/car_msgs/share/car_msgs/msg/EmergencyEvent.json
[3.766s] -- Installing: /home/jeongseon/workspace/intel-08/Team1/ksj/ros2_workspace/install/car_msgs/share/car_msgs/msg/LaneInfo.json
[3.766s] -- Installing: /home/jeongseon/workspace/intel-08/Team1/ksj/ros2_workspace/install/car_msgs/include/car_msgs/car_msgs
[3.766s] -- Installing: /home/jeongseon/workspace/intel-08/Team1/ksj/ros2_workspace/install/car_msgs/include/car_msgs/car_msgs/msg
[3.766s] -- Installing: /home/jeongseon/workspace/intel-08/Team1/ksj/ros2_workspace/install/car_msgs/include/car_msgs/car_msgs/msg/emergency_event.h
[3.766s] -- Installing: /home/jeongseon/workspace/intel-08/Team1/ksj/ros2_workspace/install/car_msgs/include/car_msgs/car_msgs/msg/rosidl_generator_c__visibility_control.h
[3.767s] -- Installing: /home/jeongseon/workspace/intel-08/Team1/ksj/ros2_workspace/install/car_msgs/include/car_msgs/car_msgs/msg/detail
[3.767s] -- Installing: /home/jeongseon/workspace/intel-08/Team1/ksj/ros2_workspace/install/car_msgs/include/car_msgs/car_msgs/msg/detail/emergency_event__description.c
[3.767s] -- Installing: /home/jeongseon/workspace/intel-08/Team1/ksj/ros2_workspace/install/car_msgs/include/car_msgs/car_msgs/msg/detail/lane_info__functions.h
[3.767s] -- Installing: /home/jeongseon/workspace/intel-08/Team1/ksj/ros2_workspace/install/car_msgs/include/car_msgs/car_msgs/msg/detail/emergency_event__type_support.c
[3.767s] -- Installing: /home/jeongseon/workspace/intel-08/Team1/ksj/ros2_workspace/install/car_msgs/include/car_msgs/car_msgs/msg/detail/lane_info__type_support.c
[3.767s] -- Installing: /home/jeongseon/workspace/intel-08/Team1/ksj/ros2_workspace/install/car_msgs/include/car_msgs/car_msgs/msg/detail/emergency_event__struct.h
[3.767s] -- Installing: /home/jeongseon/workspace/intel-08/Team1/ksj/ros2_workspace/install/car_msgs/include/car_msgs/car_msgs/msg/detail/emergency_event__type_support.h
[3.767s] -- Installing: /home/jeongseon/workspace/intel-08/Team1/ksj/ros2_workspace/install/car_msgs/include/car_msgs/car_msgs/msg/detail/emergency_event__functions.h
[3.767s] -- Installing: /home/jeongseon/workspace/intel-08/Team1/ksj/ros2_workspace/install/car_msgs/include/car_msgs/car_msgs/msg/detail/emergency_event__functions.c
[3.767s] -- Installing: /home/jeongseon/workspace/intel-08/Team1/ksj/ros2_workspace/install/car_msgs/include/car_msgs/car_msgs/msg/detail/lane_info__functions.c
[3.767s] -- Installing: /home/jeongseon/workspace/intel-08/Team1/ksj/ros2_workspace/install/car_msgs/include/car_msgs/car_msgs/msg/detail/lane_info__type_support.h
[3.767s] -- Installing: /home/jeongseon/workspace/intel-08/Team1/ksj/ros2_workspace/install/car_msgs/include/car_msgs/car_msgs/msg/detail/lane_info__description.c
[3.767s] -- Installing: /home/jeongseon/workspace/intel-08/Team1/ksj/ros2_workspace/install/car_msgs/include/car_msgs/car_msgs/msg/detail/lane_info__struct.h
[3.767s] -- Installing: /home/jeongseon/workspace/intel-08/Team1/ksj/ros2_workspace/install/car_msgs/include/car_msgs/car_msgs/msg/lane_info.h
[3.767s] -- Installing: /home/jeongseon/workspace/intel-08/Team1/ksj/ros2_workspace/install/car_msgs/share/car_msgs/environment/library_path.sh
[3.767s] -- Installing: /home/jeongseon/workspace/intel-08/Team1/ksj/ros2_workspace/install/car_msgs/share/car_msgs/environment/library_path.dsv
[3.767s] -- Installing: /home/jeongseon/workspace/intel-08/Team1/ksj/ros2_workspace/install/car_msgs/lib/libcar_msgs__rosidl_generator_c.so
[3.768s] -- Set non-toolchain portion of runtime path of "/home/jeongseon/workspace/intel-08/Team1/ksj/ros2_workspace/install/car_msgs/lib/libcar_msgs__rosidl_generator_c.so" to ""
[3.768s] -- Up-to-date: /home/jeongseon/workspace/intel-08/Team1/ksj/ros2_workspace/install/car_msgs/include/car_msgs/car_msgs
[3.768s] -- Up-to-date: /home/jeongseon/workspace/intel-08/Team1/ksj/ros2_workspace/install/car_msgs/include/car_msgs/car_msgs/msg
[3.768s] -- Up-to-date: /home/jeongseon/workspace/intel-08/Team1/ksj/ros2_workspace/install/car_msgs/include/car_msgs/car_msgs/msg/detail
[3.768s] -- Installing: /home/jeongseon/workspace/intel-08/Team1/ksj/ros2_workspace/install/car_msgs/include/car_msgs/car_msgs/msg/detail/lane_info__rosidl_typesupport_fastrtps_c.h
[3.768s] -- Installing: /home/jeongseon/workspace/intel-08/Team1/ksj/ros2_workspace/install/car_msgs/include/car_msgs/car_msgs/msg/detail/emergency_event__rosidl_typesupport_fastrtps_c.h
[3.768s] -- Installing: /home/jeongseon/workspace/intel-08/Team1/ksj/ros2_workspace/install/car_msgs/include/car_msgs/car_msgs/msg/rosidl_typesupport_fastrtps_c__visibility_control.h
[3.768s] -- Installing: /home/jeongseon/workspace/intel-08/Team1/ksj/ros2_workspace/install/car_msgs/lib/libcar_msgs__rosidl_typesupport_fastrtps_c.so
[3.768s] -- Set non-toolchain portion of runtime path of "/home/jeongseon/workspace/intel-08/Team1/ksj/ros2_workspace/install/car_msgs/lib/libcar_msgs__rosidl_typesupport_fastrtps_c.so" to ""
[3.768s] -- Up-to-date: /home/jeongseon/workspace/intel-08/Team1/ksj/ros2_workspace/install/car_msgs/include/car_msgs/car_msgs
[3.768s] -- Up-to-date: /home/jeongseon/workspace/intel-08/Team1/ksj/ros2_workspace/install/car_msgs/include/car_msgs/car_msgs/msg
[3.768s] -- Installing: /home/jeongseon/workspace/intel-08/Team1/ksj/ros2_workspace/install/car_msgs/include/car_msgs/car_msgs/msg/rosidl_typesupport_introspection_c__visibility_control.h
[3.768s] -- Up-to-date: /home/jeongseon/workspace/intel-08/Team1/ksj/ros2_workspace/install/car_msgs/include/car_msgs/car_msgs/msg/detail
[3.768s] -- Up-to-date: /home/jeongseon/workspace/intel-08/Team1/ksj/ros2_workspace/install/car_msgs/include/car_msgs/car_msgs/msg/detail/emergency_event__type_support.c
[3.768s] -- Up-to-date: /home/jeongseon/workspace/intel-08/Team1/ksj/ros2_workspace/install/car_msgs/include/car_msgs/car_msgs/msg/detail/lane_info__type_support.c
[3.768s] -- Installing: /home/jeongseon/workspace/intel-08/Team1/ksj/ros2_workspace/install/car_msgs/include/car_msgs/car_msgs/msg/detail/lane_info__rosidl_typesupport_introspection_c.h
[3.768s] -- Installing: /home/jeongseon/workspace/intel-08/Team1/ksj/ros2_workspace/install/car_msgs/include/car_msgs/car_msgs/msg/detail/emergency_event__rosidl_typesupport_introspection_c.h
[3.768s] -- Installing: /home/jeongseon/workspace/intel-08/Team1/ksj/ros2_workspace/install/car_msgs/lib/libcar_msgs__rosidl_typesupport_introspection_c.so
[3.768s] -- Set non-toolchain portion of runtime path of "/home/jeongseon/workspace/intel-08/Team1/ksj/ros2_workspace/install/car_msgs/lib/libcar_msgs__rosidl_typesupport_introspection_c.so" to ""
[3.769s] -- Installing: /home/jeongseon/workspace/intel-08/Team1/ksj/ros2_workspace/install/car_msgs/lib/libcar_msgs__rosidl_typesupport_c.so
[3.769s] -- Set non-toolchain portion of runtime path of "/home/jeongseon/workspace/intel-08/Team1/ksj/ros2_workspace/install/car_msgs/lib/libcar_msgs__rosidl_typesupport_c.so" to ""
[3.769s] -- Up-to-date: /home/jeongseon/workspace/intel-08/Team1/ksj/ros2_workspace/install/car_msgs/include/car_msgs/car_msgs
[3.769s] -- Up-to-date: /home/jeongseon/workspace/intel-08/Team1/ksj/ros2_workspace/install/car_msgs/include/car_msgs/car_msgs/msg
[3.769s] -- Installing: /home/jeongseon/workspace/intel-08/Team1/ksj/ros2_workspace/install/car_msgs/include/car_msgs/car_msgs/msg/rosidl_generator_cpp__visibility_control.hpp
[3.769s] -- Up-to-date: /home/jeongseon/workspace/intel-08/Team1/ksj/ros2_workspace/install/car_msgs/include/car_msgs/car_msgs/msg/detail
[3.769s] -- Installing: /home/jeongseon/workspace/intel-08/Team1/ksj/ros2_workspace/install/car_msgs/include/car_msgs/car_msgs/msg/detail/lane_info__builder.hpp
[3.769s] -- Installing: /home/jeongseon/workspace/intel-08/Team1/ksj/ros2_workspace/install/car_msgs/include/car_msgs/car_msgs/msg/detail/emergency_event__builder.hpp
[3.769s] -- Installing: /home/jeongseon/workspace/intel-08/Team1/ksj/ros2_workspace/install/car_msgs/include/car_msgs/car_msgs/msg/detail/emergency_event__struct.hpp
[3.769s] -- Installing: /home/jeongseon/workspace/intel-08/Team1/ksj/ros2_workspace/install/car_msgs/include/car_msgs/car_msgs/msg/detail/lane_info__struct.hpp
[3.769s] -- Installing: /home/jeongseon/workspace/intel-08/Team1/ksj/ros2_workspace/install/car_msgs/include/car_msgs/car_msgs/msg/detail/lane_info__type_support.hpp
[3.769s] -- Installing: /home/jeongseon/workspace/intel-08/Team1/ksj/ros2_workspace/install/car_msgs/include/car_msgs/car_msgs/msg/detail/lane_info__traits.hpp
[3.769s] -- Installing: /home/jeongseon/workspace/intel-08/Team1/ksj/ros2_workspace/install/car_msgs/include/car_msgs/car_msgs/msg/detail/emergency_event__type_support.hpp
[3.769s] -- Installing: /home/jeongseon/workspace/intel-08/Team1/ksj/ros2_workspace/install/car_msgs/include/car_msgs/car_msgs/msg/detail/emergency_event__traits.hpp
[3.769s] -- Installing: /home/jeongseon/workspace/intel-08/Team1/ksj/ros2_workspace/install/car_msgs/include/car_msgs/car_msgs/msg/emergency_event.hpp
[3.769s] -- Installing: /home/jeongseon/workspace/intel-08/Team1/ksj/ros2_workspace/install/car_msgs/include/car_msgs/car_msgs/msg/lane_info.hpp
[3.769s] -- Up-to-date: /home/jeongseon/workspace/intel-08/Team1/ksj/ros2_workspace/install/car_msgs/include/car_msgs/car_msgs
[3.769s] -- Up-to-date: /home/jeongseon/workspace/intel-08/Team1/ksj/ros2_workspace/install/car_msgs/include/car_msgs/car_msgs/msg
[3.769s] -- Up-to-date: /home/jeongseon/workspace/intel-08/Team1/ksj/ros2_workspace/install/car_msgs/include/car_msgs/car_msgs/msg/detail
[3.770s] -- Installing: /home/jeongseon/workspace/intel-08/Team1/ksj/ros2_workspace/install/car_msgs/include/car_msgs/car_msgs/msg/detail/emergency_event__rosidl_typesupport_fastrtps_cpp.hpp
[3.770s] -- Installing: /home/jeongseon/workspace/intel-08/Team1/ksj/ros2_workspace/install/car_msgs/include/car_msgs/car_msgs/msg/detail/lane_info__rosidl_typesupport_fastrtps_cpp.hpp
[3.770s] -- Installing: /home/jeongseon/workspace/intel-08/Team1/ksj/ros2_workspace/install/car_msgs/include/car_msgs/car_msgs/msg/detail/dds_fastrtps
[3.770s] -- Installing: /home/jeongseon/workspace/intel-08/Team1/ksj/ros2_workspace/install/car_msgs/include/car_msgs/car_msgs/msg/rosidl_typesupport_fastrtps_cpp__visibility_control.h
[3.770s] -- Installing: /home/jeongseon/workspace/intel-08/Team1/ksj/ros2_workspace/install/car_msgs/lib/libcar_msgs__rosidl_typesupport_fastrtps_cpp.so
[3.770s] -- Set non-toolchain portion of runtime path of "/home/jeongseon/workspace/intel-08/Team1/ksj/ros2_workspace/install/car_msgs/lib/libcar_msgs__rosidl_typesupport_fastrtps_cpp.so" to ""
[3.770s] -- Up-to-date: /home/jeongseon/workspace/intel-08/Team1/ksj/ros2_workspace/install/car_msgs/include/car_msgs/car_msgs
[3.770s] -- Up-to-date: /home/jeongseon/workspace/intel-08/Team1/ksj/ros2_workspace/install/car_msgs/include/car_msgs/car_msgs/msg
[3.770s] -- Up-to-date: /home/jeongseon/workspace/intel-08/Team1/ksj/ros2_workspace/install/car_msgs/include/car_msgs/car_msgs/msg/detail
[3.770s] -- Installing: /home/jeongseon/workspace/intel-08/Team1/ksj/ros2_workspace/install/car_msgs/include/car_msgs/car_msgs/msg/detail/lane_info__rosidl_typesupport_introspection_cpp.hpp
[3.770s] -- Installing: /home/jeongseon/workspace/intel-08/Team1/ksj/ros2_workspace/install/car_msgs/include/car_msgs/car_msgs/msg/detail/emergency_event__type_support.cpp
[3.770s] -- Installing: /home/jeongseon/workspace/intel-08/Team1/ksj/ros2_workspace/install/car_msgs/include/car_msgs/car_msgs/msg/detail/lane_info__type_support.cpp
[3.770s] -- Installing: /home/jeongseon/workspace/intel-08/Team1/ksj/ros2_workspace/install/car_msgs/include/car_msgs/car_msgs/msg/detail/emergency_event__rosidl_typesupport_introspection_cpp.hpp
[3.770s] -- Installing: /home/jeongseon/workspace/intel-08/Team1/ksj/ros2_workspace/install/car_msgs/lib/libcar_msgs__rosidl_typesupport_introspection_cpp.so
[3.770s] -- Set non-toolchain portion of runtime path of "/home/jeongseon/workspace/intel-08/Team1/ksj/ros2_workspace/install/car_msgs/lib/libcar_msgs__rosidl_typesupport_introspection_cpp.so" to ""
[3.770s] -- Installing: /home/jeongseon/workspace/intel-08/Team1/ksj/ros2_workspace/install/car_msgs/lib/libcar_msgs__rosidl_typesupport_cpp.so
[3.770s] -- Set non-toolchain portion of runtime path of "/home/jeongseon/workspace/intel-08/Team1/ksj/ros2_workspace/install/car_msgs/lib/libcar_msgs__rosidl_typesupport_cpp.so" to ""
[3.770s] -- Installing: /home/jeongseon/workspace/intel-08/Team1/ksj/ros2_workspace/install/car_msgs/share/car_msgs/environment/pythonpath.sh
[3.770s] -- Installing: /home/jeongseon/workspace/intel-08/Team1/ksj/ros2_workspace/install/car_msgs/share/car_msgs/environment/pythonpath.dsv
[3.771s] -- Installing: /home/jeongseon/workspace/intel-08/Team1/ksj/ros2_workspace/install/car_msgs/lib/python3.12/site-packages/car_msgs-0.0.0-py3.12.egg-info
[3.771s] -- Installing: /home/jeongseon/workspace/intel-08/Team1/ksj/ros2_workspace/install/car_msgs/lib/python3.12/site-packages/car_msgs-0.0.0-py3.12.egg-info/dependency_links.txt
[3.771s] -- Installing: /home/jeongseon/workspace/intel-08/Team1/ksj/ros2_workspace/install/car_msgs/lib/python3.12/site-packages/car_msgs-0.0.0-py3.12.egg-info/SOURCES.txt
[3.771s] -- Installing: /home/jeongseon/workspace/intel-08/Team1/ksj/ros2_workspace/install/car_msgs/lib/python3.12/site-packages/car_msgs-0.0.0-py3.12.egg-info/PKG-INFO
[3.771s] -- Installing: /home/jeongseon/workspace/intel-08/Team1/ksj/ros2_workspace/install/car_msgs/lib/python3.12/site-packages/car_msgs-0.0.0-py3.12.egg-info/top_level.txt
[3.771s] -- Installing: /home/jeongseon/workspace/intel-08/Team1/ksj/ros2_workspace/install/car_msgs/lib/python3.12/site-packages/car_msgs
[3.771s] -- Installing: /home/jeongseon/workspace/intel-08/Team1/ksj/ros2_workspace/install/car_msgs/lib/python3.12/site-packages/car_msgs/_car_msgs_s.ep.rosidl_typesupport_introspection_c.c
[3.771s] -- Installing: /home/jeongseon/workspace/intel-08/Team1/ksj/ros2_workspace/install/car_msgs/lib/python3.12/site-packages/car_msgs/car_msgs_s__rosidl_typesupport_c.so
[3.771s] -- Installing: /home/jeongseon/workspace/intel-08/Team1/ksj/ros2_workspace/install/car_msgs/lib/python3.12/site-packages/car_msgs/car_msgs_s__rosidl_typesupport_introspection_c.so
[3.771s] -- Installing: /home/jeongseon/workspace/intel-08/Team1/ksj/ros2_workspace/install/car_msgs/lib/python3.12/site-packages/car_msgs/_car_msgs_s.ep.rosidl_typesupport_c.c
[3.771s] -- Installing: /home/jeongseon/workspace/intel-08/Team1/ksj/ros2_workspace/install/car_msgs/lib/python3.12/site-packages/car_msgs/_car_msgs_s.ep.rosidl_typesupport_fastrtps_c.c
[3.771s] -- Installing: /home/jeongseon/workspace/intel-08/Team1/ksj/ros2_workspace/install/car_msgs/lib/python3.12/site-packages/car_msgs/car_msgs_s__rosidl_typesupport_fastrtps_c.so
[3.771s] -- Installing: /home/jeongseon/workspace/intel-08/Team1/ksj/ros2_workspace/install/car_msgs/lib/python3.12/site-packages/car_msgs/msg
[3.771s] -- Installing: /home/jeongseon/workspace/intel-08/Team1/ksj/ros2_workspace/install/car_msgs/lib/python3.12/site-packages/car_msgs/msg/_emergency_event_s.c
[3.771s] -- Installing: /home/jeongseon/workspace/intel-08/Team1/ksj/ros2_workspace/install/car_msgs/lib/python3.12/site-packages/car_msgs/msg/_lane_info.py
[3.771s] -- Installing: /home/jeongseon/workspace/intel-08/Team1/ksj/ros2_workspace/install/car_msgs/lib/python3.12/site-packages/car_msgs/msg/_lane_info_s.c
[3.771s] -- Installing: /home/jeongseon/workspace/intel-08/Team1/ksj/ros2_workspace/install/car_msgs/lib/python3.12/site-packages/car_msgs/msg/__init__.py
[3.771s] -- Installing: /home/jeongseon/workspace/intel-08/Team1/ksj/ros2_workspace/install/car_msgs/lib/python3.12/site-packages/car_msgs/msg/_emergency_event.py
[3.771s] -- Installing: /home/jeongseon/workspace/intel-08/Team1/ksj/ros2_workspace/install/car_msgs/lib/python3.12/site-packages/car_msgs/__init__.py
[3.798s] Listing '/home/jeongseon/workspace/intel-08/Team1/ksj/ros2_workspace/install/car_msgs/lib/python3.12/site-packages/car_msgs'...
[3.798s] Compiling '/home/jeongseon/workspace/intel-08/Team1/ksj/ros2_workspace/install/car_msgs/lib/python3.12/site-packages/car_msgs/__init__.py'...
[3.798s] Listing '/home/jeongseon/workspace/intel-08/Team1/ksj/ros2_workspace/install/car_msgs/lib/python3.12/site-packages/car_msgs/msg'...
[3.798s] Compiling '/home/jeongseon/workspace/intel-08/Team1/ksj/ros2_workspace/install/car_msgs/lib/python3.12/site-packages/car_msgs/msg/__init__.py'...
[3.798s] Compiling '/home/jeongseon/workspace/intel-08/Team1/ksj/ros2_workspace/install/car_msgs/lib/python3.12/site-packages/car_msgs/msg/_emergency_event.py'...
[3.798s] Compiling '/home/jeongseon/workspace/intel-08/Team1/ksj/ros2_workspace/install/car_msgs/lib/python3.12/site-packages/car_msgs/msg/_lane_info.py'...
[3.801s] -- Installing: /home/jeongseon/workspace/intel-08/Team1/ksj/ros2_workspace/install/car_msgs/lib/python3.12/site-packages/car_msgs/car_msgs_s__rosidl_typesupport_fastrtps_c.so
[3.801s] -- Set non-toolchain portion of runtime path of "/home/jeongseon/workspace/intel-08/Team1/ksj/ros2_workspace/install/car_msgs/lib/python3.12/site-packages/car_msgs/car_msgs_s__rosidl_typesupport_fastrtps_c.so" to ""
[3.801s] -- Installing: /home/jeongseon/workspace/intel-08/Team1/ksj/ros2_workspace/install/car_msgs/lib/python3.12/site-packages/car_msgs/car_msgs_s__rosidl_typesupport_introspection_c.so
[3.801s] -- Set non-toolchain portion of runtime path of "/home/jeongseon/workspace/intel-08/Team1/ksj/ros2_workspace/install/car_msgs/lib/python3.12/site-packages/car_msgs/car_msgs_s__rosidl_typesupport_introspection_c.so" to ""
[3.801s] -- Installing: /home/jeongseon/workspace/intel-08/Team1/ksj/ros2_workspace/install/car_msgs/lib/python3.12/site-packages/car_msgs/car_msgs_s__rosidl_typesupport_c.so
[3.801s] -- Set non-toolchain portion of runtime path of "/home/jeongseon/workspace/intel-08/Team1/ksj/ros2_workspace/install/car_msgs/lib/python3.12/site-packages/car_msgs/car_msgs_s__rosidl_typesupport_c.so" to ""
[3.801s] -- Installing: /home/jeongseon/workspace/intel-08/Team1/ksj/ros2_workspace/install/car_msgs/lib/libcar_msgs__rosidl_generator_py.so
[3.802s] -- Set non-toolchain portion of runtime path of "/home/jeongseon/workspace/intel-08/Team1/ksj/ros2_workspace/install/car_msgs/lib/libcar_msgs__rosidl_generator_py.so" to ""
[3.802s] -- Installing: /home/jeongseon/workspace/intel-08/Team1/ksj/ros2_workspace/install/car_msgs/share/car_msgs/msg/EmergencyEvent.idl
[3.802s] -- Installing: /home/jeongseon/workspace/intel-08/Team1/ksj/ros2_workspace/install/car_msgs/share/car_msgs/msg/LaneInfo.idl
[3.802s] -- Installing: /home/jeongseon/workspace/intel-08/Team1/ksj/ros2_workspace/install/car_msgs/share/car_msgs/msg/EmergencyEvent.msg
[3.802s] -- Installing: /home/jeongseon/workspace/intel-08/Team1/ksj/ros2_workspace/install/car_msgs/share/car_msgs/msg/LaneInfo.msg
[3.802s] -- Installing: /home/jeongseon/workspace/intel-08/Team1/ksj/ros2_workspace/install/car_msgs/share/ament_index/resource_index/package_run_dependencies/car_msgs
[3.802s] -- Installing: /home/jeongseon/workspace/intel-08/Team1/ksj/ros2_workspace/install/car_msgs/share/ament_index/resource_index/parent_prefix_path/car_msgs
[3.802s] -- Installing: /home/jeongseon/workspace/intel-08/Team1/ksj/ros2_workspace/install/car_msgs/share/car_msgs/environment/ament_prefix_path.sh
[3.802s] -- Installing: /home/jeongseon/workspace/intel-08/Team1/ksj/ros2_workspace/install/car_msgs/share/car_msgs/environment/ament_prefix_path.dsv
[3.802s] -- Installing: /home/jeongseon/workspace/intel-08/Team1/ksj/ros2_workspace/install/car_msgs/share/car_msgs/environment/path.sh
[3.802s] -- Installing: /home/jeongseon/workspace/intel-08/Team1/ksj/ros2_workspace/install/car_msgs/share/car_msgs/environment/path.dsv
[3.802s] -- Installing: /home/jeongseon/workspace/intel-08/Team1/ksj/ros2_workspace/install/car_msgs/share/car_msgs/local_setup.bash
[3.802s] -- Installing: /home/jeongseon/workspace/intel-08/Team1/ksj/ros2_workspace/install/car_msgs/share/car_msgs/local_setup.sh
[3.802s] -- Installing: /home/jeongseon/workspace/intel-08/Team1/ksj/ros2_workspace/install/car_msgs/share/car_msgs/local_setup.zsh
[3.802s] -- Installing: /home/jeongseon/workspace/intel-08/Team1/ksj/ros2_workspace/install/car_msgs/share/car_msgs/local_setup.dsv
[3.803s] -- Installing: /home/jeongseon/workspace/intel-08/Team1/ksj/ros2_workspace/install/car_msgs/share/car_msgs/package.dsv
[3.803s] -- Installing: /home/jeongseon/workspace/intel-08/Team1/ksj/ros2_workspace/install/car_msgs/share/ament_index/resource_index/packages/car_msgs
[3.803s] -- Installing: /home/jeongseon/workspace/intel-08/Team1/ksj/ros2_workspace/install/car_msgs/share/car_msgs/cmake/export_car_msgs__rosidl_generator_cExport.cmake
[3.803s] -- Installing: /home/jeongseon/workspace/intel-08/Team1/ksj/ros2_workspace/install/car_msgs/share/car_msgs/cmake/export_car_msgs__rosidl_generator_cExport-noconfig.cmake
[3.803s] -- Installing: /home/jeongseon/workspace/intel-08/Team1/ksj/ros2_workspace/install/car_msgs/share/car_msgs/cmake/export_car_msgs__rosidl_typesupport_fastrtps_cExport.cmake
[3.803s] -- Installing: /home/jeongseon/workspace/intel-08/Team1/ksj/ros2_workspace/install/car_msgs/share/car_msgs/cmake/export_car_msgs__rosidl_typesupport_fastrtps_cExport-noconfig.cmake
[3.803s] -- Installing: /home/jeongseon/workspace/intel-08/Team1/ksj/ros2_workspace/install/car_msgs/share/car_msgs/cmake/car_msgs__rosidl_typesupport_introspection_cExport.cmake
[3.803s] -- Installing: /home/jeongseon/workspace/intel-08/Team1/ksj/ros2_workspace/install/car_msgs/share/car_msgs/cmake/car_msgs__rosidl_typesupport_introspection_cExport-noconfig.cmake
[3.803s] -- Installing: /home/jeongseon/workspace/intel-08/Team1/ksj/ros2_workspace/install/car_msgs/share/car_msgs/cmake/car_msgs__rosidl_typesupport_cExport.cmake
[3.803s] -- Installing: /home/jeongseon/workspace/intel-08/Team1/ksj/ros2_workspace/install/car_msgs/share/car_msgs/cmake/car_msgs__rosidl_typesupport_cExport-noconfig.cmake
[3.803s] -- Installing: /home/jeongseon/workspace/intel-08/Team1/ksj/ros2_workspace/install/car_msgs/share/car_msgs/cmake/export_car_msgs__rosidl_generator_cppExport.cmake
[3.803s] -- Installing: /home/jeongseon/workspace/intel-08/Team1/ksj/ros2_workspace/install/car_msgs/share/car_msgs/cmake/export_car_msgs__rosidl_typesupport_fastrtps_cppExport.cmake
[3.803s] -- Installing: /home/jeongseon/workspace/intel-08/Team1/ksj/ros2_workspace/install/car_msgs/share/car_msgs/cmake/export_car_msgs__rosidl_typesupport_fastrtps_cppExport-noconfig.cmake
[3.803s] -- Installing: /home/jeongseon/workspace/intel-08/Team1/ksj/ros2_workspace/install/car_msgs/share/car_msgs/cmake/car_msgs__rosidl_typesupport_introspection_cppExport.cmake
[3.804s] -- Installing: /home/jeongseon/workspace/intel-08/Team1/ksj/ros2_workspace/install/car_msgs/share/car_msgs/cmake/car_msgs__rosidl_typesupport_introspection_cppExport-noconfig.cmake
[3.804s] -- Installing: /home/jeongseon/workspace/intel-08/Team1/ksj/ros2_workspace/install/car_msgs/share/car_msgs/cmake/car_msgs__rosidl_typesupport_cppExport.cmake
[3.804s] -- Installing: /home/jeongseon/workspace/intel-08/Team1/ksj/ros2_workspace/install/car_msgs/share/car_msgs/cmake/car_msgs__rosidl_typesupport_cppExport-noconfig.cmake
[3.804s] -- Installing: /home/jeongseon/workspace/intel-08/Team1/ksj/ros2_workspace/install/car_msgs/share/car_msgs/cmake/export_car_msgs__rosidl_generator_pyExport.cmake
[3.804s] -- Installing: /home/jeongseon/workspace/intel-08/Team1/ksj/ros2_workspace/install/car_msgs/share/car_msgs/cmake/export_car_msgs__rosidl_generator_pyExport-noconfig.cmake
[3.804s] -- Installing: /home/jeongseon/workspace/intel-08/Team1/ksj/ros2_workspace/install/car_msgs/share/car_msgs/cmake/rosidl_cmake-extras.cmake
[3.804s] -- Installing: /home/jeongseon/workspace/intel-08/Team1/ksj/ros2_workspace/install/car_msgs/share/car_msgs/cmake/ament_cmake_export_dependencies-extras.cmake
[3.804s] -- Installing: /home/jeongseon/workspace/intel-08/Team1/ksj/ros2_workspace/install/car_msgs/share/car_msgs/cmake/ament_cmake_export_include_directories-extras.cmake
[3.804s] -- Installing: /home/jeongseon/workspace/intel-08/Team1/ksj/ros2_workspace/install/car_msgs/share/car_msgs/cmake/ament_cmake_export_libraries-extras.cmake
[3.804s] -- Installing: /home/jeongseon/workspace/intel-08/Team1/ksj/ros2_workspace/install/car_msgs/share/car_msgs/cmake/ament_cmake_export_targets-extras.cmake
[3.804s] -- Installing: /home/jeongseon/workspace/intel-08/Team1/ksj/ros2_workspace/install/car_msgs/share/car_msgs/cmake/rosidl_cmake_export_typesupport_targets-extras.cmake
[3.804s] -- Installing: /home/jeongseon/workspace/intel-08/Team1/ksj/ros2_workspace/install/car_msgs/share/car_msgs/cmake/rosidl_cmake_export_typesupport_libraries-extras.cmake
[3.804s] -- Installing: /home/jeongseon/workspace/intel-08/Team1/ksj/ros2_workspace/install/car_msgs/share/car_msgs/cmake/car_msgsConfig.cmake
[3.805s] -- Installing: /home/jeongseon/workspace/intel-08/Team1/ksj/ros2_workspace/install/car_msgs/share/car_msgs/cmake/car_msgsConfig-version.cmake
[3.805s] -- Installing: /home/jeongseon/workspace/intel-08/Team1/ksj/ros2_workspace/install/car_msgs/share/car_msgs/package.xml
[3.806s] Invoked command in '/home/jeongseon/workspace/intel-08/Team1/ksj/ros2_workspace/build/car_msgs' returned '0': CMAKE_PREFIX_PATH=${CMAKE_PREFIX_PATH}:/home/jeongseon/workspace/intel-08/Team1/ksj/ros2_workspace/install/vision_pkg:/home/jeongseon/workspace/intel-08/Team1/ksj/ros2_workspace/install/car_vision:/home/jeongseon/workspace/intel-08/Team1/ksj/ros2_workspace/install/car_planning:/home/jeongseon/workspace/intel-08/Team1/ksj/ros2_workspace/install/car_comms:/home/jeongseon/workspace/intel-08/Team1/ksj/ros2_workspace/install/car_control:/home/jeongseon/ros2_ws/install/my_first_package:/opt/ros/jazzy CONDA_PROMPT_MODIFIER=(conda_ros2) DEBUGINFOD_URLS=https://debuginfod.ubuntu.com /usr/bin/cmake --install /home/jeongseon/workspace/intel-08/Team1/ksj/ros2_workspace/build/car_msgs
