running egg_info
creating ../build/car_control/car_control.egg-info
writing ../build/car_control/car_control.egg-info/PKG-INFO
writing dependency_links to ../build/car_control/car_control.egg-info/dependency_links.txt
writing entry points to ../build/car_control/car_control.egg-info/entry_points.txt
writing requirements to ../build/car_control/car_control.egg-info/requires.txt
writing top-level names to ../build/car_control/car_control.egg-info/top_level.txt
writing manifest file '../build/car_control/car_control.egg-info/SOURCES.txt'
reading manifest file '../build/car_control/car_control.egg-info/SOURCES.txt'
writing manifest file '../build/car_control/car_control.egg-info/SOURCES.txt'
running build
running build_py
creating /home/ksj/ros2_fin/build/car_control/build
creating /home/ksj/ros2_fin/build/car_control/build/lib
creating /home/ksj/ros2_fin/build/car_control/build/lib/car_control
copying car_control/motor_controller_node.py -> /home/ksj/ros2_fin/build/car_control/build/lib/car_control
copying car_control/__init__.py -> /home/ksj/ros2_fin/build/car_control/build/lib/car_control
running install
running install_lib
creating /home/ksj/ros2_fin/install/car_control/lib/python3.12/site-packages/car_control
copying /home/ksj/ros2_fin/build/car_control/build/lib/car_control/motor_controller_node.py -> /home/ksj/ros2_fin/install/car_control/lib/python3.12/site-packages/car_control
copying /home/ksj/ros2_fin/build/car_control/build/lib/car_control/__init__.py -> /home/ksj/ros2_fin/install/car_control/lib/python3.12/site-packages/car_control
byte-compiling /home/ksj/ros2_fin/install/car_control/lib/python3.12/site-packages/car_control/motor_controller_node.py to motor_controller_node.cpython-312.pyc
byte-compiling /home/ksj/ros2_fin/install/car_control/lib/python3.12/site-packages/car_control/__init__.py to __init__.cpython-312.pyc
running install_data
creating /home/ksj/ros2_fin/install/car_control/share/ament_index
creating /home/ksj/ros2_fin/install/car_control/share/ament_index/resource_index
creating /home/ksj/ros2_fin/install/car_control/share/ament_index/resource_index/packages
copying resource/car_control -> /home/ksj/ros2_fin/install/car_control/share/ament_index/resource_index/packages
copying package.xml -> /home/ksj/ros2_fin/install/car_control/share/car_control
running install_egg_info
Copying ../build/car_control/car_control.egg-info to /home/ksj/ros2_fin/install/car_control/lib/python3.12/site-packages/car_control-0.1.0-py3.12.egg-info
running install_scripts
Installing motor_controller_node script to /home/ksj/ros2_fin/install/car_control/lib/car_control
writing list of installed files to '/home/ksj/ros2_fin/build/car_control/install.log'
