running egg_info
creating ../../build/car_vision/car_vision.egg-info
writing ../../build/car_vision/car_vision.egg-info/PKG-INFO
writing dependency_links to ../../build/car_vision/car_vision.egg-info/dependency_links.txt
writing requirements to ../../build/car_vision/car_vision.egg-info/requires.txt
writing top-level names to ../../build/car_vision/car_vision.egg-info/top_level.txt
writing manifest file '../../build/car_vision/car_vision.egg-info/SOURCES.txt'
reading manifest file '../../build/car_vision/car_vision.egg-info/SOURCES.txt'
writing manifest file '../../build/car_vision/car_vision.egg-info/SOURCES.txt'
running build
running build_py
creating /home/jeongseon/workspace/intel-08/Team1/ksj/ros2_workspace/build/car_vision/build
creating /home/jeongseon/workspace/intel-08/Team1/ksj/ros2_workspace/build/car_vision/build/lib
creating /home/jeongseon/workspace/intel-08/Team1/ksj/ros2_workspace/build/car_vision/build/lib/car_vision
copying car_vision/lane_detector.py -> /home/jeongseon/workspace/intel-08/Team1/ksj/ros2_workspace/build/car_vision/build/lib/car_vision
copying car_vision/__init__.py -> /home/jeongseon/workspace/intel-08/Team1/ksj/ros2_workspace/build/car_vision/build/lib/car_vision
running install
running install_lib
creating /home/jeongseon/workspace/intel-08/Team1/ksj/ros2_workspace/install/car_vision/lib/python3.12/site-packages/car_vision
copying /home/jeongseon/workspace/intel-08/Team1/ksj/ros2_workspace/build/car_vision/build/lib/car_vision/lane_detector.py -> /home/jeongseon/workspace/intel-08/Team1/ksj/ros2_workspace/install/car_vision/lib/python3.12/site-packages/car_vision
copying /home/jeongseon/workspace/intel-08/Team1/ksj/ros2_workspace/build/car_vision/build/lib/car_vision/__init__.py -> /home/jeongseon/workspace/intel-08/Team1/ksj/ros2_workspace/install/car_vision/lib/python3.12/site-packages/car_vision
byte-compiling /home/jeongseon/workspace/intel-08/Team1/ksj/ros2_workspace/install/car_vision/lib/python3.12/site-packages/car_vision/lane_detector.py to lane_detector.cpython-312.pyc
byte-compiling /home/jeongseon/workspace/intel-08/Team1/ksj/ros2_workspace/install/car_vision/lib/python3.12/site-packages/car_vision/__init__.py to __init__.cpython-312.pyc
running install_data
creating /home/jeongseon/workspace/intel-08/Team1/ksj/ros2_workspace/install/car_vision/share/ament_index
creating /home/jeongseon/workspace/intel-08/Team1/ksj/ros2_workspace/install/car_vision/share/ament_index/resource_index
creating /home/jeongseon/workspace/intel-08/Team1/ksj/ros2_workspace/install/car_vision/share/ament_index/resource_index/packages
copying resource/car_vision -> /home/jeongseon/workspace/intel-08/Team1/ksj/ros2_workspace/install/car_vision/share/ament_index/resource_index/packages
copying package.xml -> /home/jeongseon/workspace/intel-08/Team1/ksj/ros2_workspace/install/car_vision/share/car_vision
running install_egg_info
Copying ../../build/car_vision/car_vision.egg-info to /home/jeongseon/workspace/intel-08/Team1/ksj/ros2_workspace/install/car_vision/lib/python3.12/site-packages/car_vision-0.0.0-py3.12.egg-info
running install_scripts
writing list of installed files to '/home/jeongseon/workspace/intel-08/Team1/ksj/ros2_workspace/build/car_vision/install.log'
