running egg_info
creating ../../build/vision_pkg/vision_pkg.egg-info
writing ../../build/vision_pkg/vision_pkg.egg-info/PKG-INFO
writing dependency_links to ../../build/vision_pkg/vision_pkg.egg-info/dependency_links.txt
writing entry points to ../../build/vision_pkg/vision_pkg.egg-info/entry_points.txt
writing requirements to ../../build/vision_pkg/vision_pkg.egg-info/requires.txt
writing top-level names to ../../build/vision_pkg/vision_pkg.egg-info/top_level.txt
writing manifest file '../../build/vision_pkg/vision_pkg.egg-info/SOURCES.txt'
reading manifest file '../../build/vision_pkg/vision_pkg.egg-info/SOURCES.txt'
writing manifest file '../../build/vision_pkg/vision_pkg.egg-info/SOURCES.txt'
running build
running build_py
creating /home/jeongseon/workspace/intel-08/Team1/ksj/ros2_workspace/build/vision_pkg/build
creating /home/jeongseon/workspace/intel-08/Team1/ksj/ros2_workspace/build/vision_pkg/build/lib
creating /home/jeongseon/workspace/intel-08/Team1/ksj/ros2_workspace/build/vision_pkg/build/lib/vision_pkg
copying vision_pkg/lane_detector_node.py -> /home/jeongseon/workspace/intel-08/Team1/ksj/ros2_workspace/build/vision_pkg/build/lib/vision_pkg
copying vision_pkg/__init__.py -> /home/jeongseon/workspace/intel-08/Team1/ksj/ros2_workspace/build/vision_pkg/build/lib/vision_pkg
running install
running install_lib
creating /home/jeongseon/workspace/intel-08/Team1/ksj/ros2_workspace/install/vision_pkg/lib/python3.12/site-packages/vision_pkg
copying /home/jeongseon/workspace/intel-08/Team1/ksj/ros2_workspace/build/vision_pkg/build/lib/vision_pkg/lane_detector_node.py -> /home/jeongseon/workspace/intel-08/Team1/ksj/ros2_workspace/install/vision_pkg/lib/python3.12/site-packages/vision_pkg
copying /home/jeongseon/workspace/intel-08/Team1/ksj/ros2_workspace/build/vision_pkg/build/lib/vision_pkg/__init__.py -> /home/jeongseon/workspace/intel-08/Team1/ksj/ros2_workspace/install/vision_pkg/lib/python3.12/site-packages/vision_pkg
byte-compiling /home/jeongseon/workspace/intel-08/Team1/ksj/ros2_workspace/install/vision_pkg/lib/python3.12/site-packages/vision_pkg/lane_detector_node.py to lane_detector_node.cpython-312.pyc
byte-compiling /home/jeongseon/workspace/intel-08/Team1/ksj/ros2_workspace/install/vision_pkg/lib/python3.12/site-packages/vision_pkg/__init__.py to __init__.cpython-312.pyc
running install_data
creating /home/jeongseon/workspace/intel-08/Team1/ksj/ros2_workspace/install/vision_pkg/share/ament_index
creating /home/jeongseon/workspace/intel-08/Team1/ksj/ros2_workspace/install/vision_pkg/share/ament_index/resource_index
creating /home/jeongseon/workspace/intel-08/Team1/ksj/ros2_workspace/install/vision_pkg/share/ament_index/resource_index/packages
copying resource/vision_pkg -> /home/jeongseon/workspace/intel-08/Team1/ksj/ros2_workspace/install/vision_pkg/share/ament_index/resource_index/packages
copying package.xml -> /home/jeongseon/workspace/intel-08/Team1/ksj/ros2_workspace/install/vision_pkg/share/vision_pkg
running install_egg_info
Copying ../../build/vision_pkg/vision_pkg.egg-info to /home/jeongseon/workspace/intel-08/Team1/ksj/ros2_workspace/install/vision_pkg/lib/python3.12/site-packages/vision_pkg-0.0.0-py3.12.egg-info
running install_scripts
Installing lane_detector_node script to /home/jeongseon/workspace/intel-08/Team1/ksj/ros2_workspace/install/vision_pkg/lib/vision_pkg
writing list of installed files to '/home/jeongseon/workspace/intel-08/Team1/ksj/ros2_workspace/build/vision_pkg/install.log'
